An error occurred: list index out of range -- Error on the IPOE IP: CDO_708_HYB_01 at CDO_708_TDCAN_T910C_01_MIN1513 - IPOE VLAN interface Eth-Trunk3.-	
An error occurred: list index out of range -- Error on the IPOE IP: DVO_749_HYB_01 at DVO_749_TDCAN_910CG_01_MIN2860 - IPOE VLAN interface GigabitEthernet0/2/4.400	
An error occurred: list index out of range -- Error on the IPOE IP: DVO_009_HYB_01 at DVO_009_TDCAN_T910CG_01_MIN2532 - IPOE VLAN interface GigabitEthernet0/2/4.400	
An error occurred: list index out of range -- Error on the IPOE IP: DVO_009_GPONA_01 at DVO_009_TDCAN_T910CG_01_MIN2532 - IPOE VLAN interface GigabitEthernet0/2/5.400	
An error occurred: list index out of range -- Error on the IPOE IP: DVO_001_VDB_02 at DVO_001_TDCAN_T910CG_01_MIN2009 - IPOE VLAN interface GigabitEthernet0/2/13.-	
An error occurred: list index out of range -- Error on the IPOE IP: DVO_001_VDA_01 at DVO_001_TDCAN_T910CG_01_MIN2009 - IPOE VLAN interface GigabitEthernet0/2/12.-	
An error occurred: list index out of range -- Error on the IPOE IP: DVO_001_GPONA_01 at DVO_001_TDCAN_T910CG_01_MIN2009 - IPOE VLAN interface GigabitEthernet0/2/4.400	
An error occurred: list index out of range -- Error on the IPOE IP: BTN_001_GPONA_01 at BTN_001_TDCAN_T910D_01_MIN632 - IPOE VLAN interface Eth-Trunk3.400	
An error occurred: list index out of range -- Error on the IPOE IP: CDO_710_HYB_01 at CDO_710_TDCAN_T910D_01_MIN2633 - IPOE VLAN interface GigabitEthernet0/2/4.400	
An error occurred: list index out of range -- Error on the IPOE IP: CDO_711_HYB_01 at CDO_711_TDCAN_910D_01_MIN2658 - IPOE VLAN interface GigabitEthernet0/2/4.-	
An error occurred: list index out of range -- Error on the IPOE IP: SMCDOR-LSA04-001-MIN4001 at SMCDOMORLS_TDCAN_T980C_01_MIN4001 - IPOE VLAN interface GigabitEthernet0/4/1.-	
An error occurred: list index out of range -- Error on the IPOE IP: ILG_001_GPONA_01 at ILIGAN-MIN826-TRS_DC_AGG-R0-01 - IPOE VLAN interface Eth-Trunk15.400	
An error occurred: list index out of range -- Error on the IPOE IP: ILG_001_GPONA_02 at ILIGAN-MIN826-TRS_DC_AGG-R0-01 - IPOE VLAN interface Eth-Trunk15.400	
An error occurred: list index out of range -- Error on the IPOE IP: ILG704-LSA04-001-MIN1335-A1 at ILIGAN-MIN826-TRS_DC_AGG-R0-01 - IPOE VLAN interface GigabitEthernet1/0/17.-	
An error occurred: list index out of range -- Error on the IPOE IP: DVO_748_HYB_01 at JUNA-MIN832-TRS_DC_AG-R3-02 - IPOE VLAN interface GigabitEthernet7/0/3.400	
An error occurred: list index out of range -- Error on the IPOE IP: DVO_061_GPONA_01 at JUNA-MIN832-TRS_DC_AG-R3-02 - IPOE VLAN interface GigabitEthernet2/0/3.400	
An error occurred: list index out of range -- Error on the IPOE IP: DVO_748_HYB_01 at JUNA-MIN832-TRS_DC_AG-R3-01 - IPOE VLAN interface GigabitEthernet6/0/6.400	
An error occurred: list index out of range -- Error on the AG: DONMAR-LSA01-001-MIN1804 at JUNA-MIN832-TRS_DC_AG-R3-01	[['10.175.0.24'], ['10.175.0.26'], []]

An error occurred: list index out of range -- Error on the IPOE IP: DONMAR-LSA01-001-MIN1804 at JUNA-MIN832-TRS_DC_AG-R3-01 - IPOE VLAN interface Eth-Trunk2.-	
An error occurred: list index out of range -- Error on the IPOE IP: DVO_061_GPONA_01 at AGDAO-MIN1114-TRS_DC_AG-R3-01 - IPOE VLAN interface GigabitEthernet4/0/4.400	
An error occurred: list index out of range -- Error on the IPOE IP: ILG_001_GPONA_01 at ILIGAN-MIN826-TRS_DC_AGG-R0-02 - IPOE VLAN interface Eth-Trunk5.400	
An error occurred: list index out of range -- Error on the IPOE IP: DVO_010_GPONA_01 at CDO-MIN1092-AGGFMN-X16A-02 - IPOE VLAN interface GigabitEthernet16/1/11.-	
An error occurred: list index out of range -- Error on the IPOE IP: LAPDCP-LSA01-001-MIN2600-A1 at CDO-MIN1092-AGGFMN-X16A-02 - IPOE VLAN interface GigabitEthernet16/1/10.-	
An error occurred: list index out of range -- Error on the IPOE IP: ILG704-LSA04-001-MIN1335-A1 at CDO-MIN1092-AGGFMN-X16A-02 - IPOE VLAN interface GigabitEthernet16/1/11.-	
An error occurred: list index out of range -- Error on the IPOE IP: SMBUTU-LSA04-001-MIN2809-A1 at CDO-MIN1092-AGGFMN-X16A-02 - IPOE VLAN interface GigabitEthernet16/1/11.-	
An error occurred: list index out of range -- Error on the IPOE IP: DPA_001_GPONA_01 at IPILRL_TDCAN_T980C_01_MIN659 - IPOE VLAN interface GigabitEthernet0/3/2.-	
An error occurred: list index out of range -- Error on the IPOE IP: NBN_001_GPONA_01 at NABUN_TDCAN_T980C_01_MIN670 - IPOE VLAN interface Eth-Trunk7.400	
An error occurred: list index out of range -- Error on the IPOE IP: OZA_004_GPONA_01 at GANGOS_TDCAN_T980C_01_MIN1103 - IPOE VLAN interface Eth-Trunk7.-	
An error occurred: list index out of range -- Error on the IPOE IP: ROBILG-LSA01-001-MIN2036-A1 at ROBILIGAN_TDCAN_T980C_01_MIN2419 - IPOE VLAN interface GigabitEthernet0/4/1.-	
An error occurred: list index out of range -- Error on the IPOE IP: CDO_713_HYB_01 at PUNTOD2_TDCAN_T980C_01_MIN1840 - IPOE VLAN interface Eth-Trunk3.-	
An error occurred: list index out of range -- Error on the IPOE IP: LAPDCP-LSA01-001-MIN2600-A1 at LANDCO-MIN2600-TRS_DC_MAN-R3R3_L130-01 - IPOE VLAN interface GigabitEthernet0/3/5.-	
An error occurred: list index out of range -- Error on the IPOE IP: SMBUTU-LSA04-001-MIN2809-A1 at SMBUTUAN-MIN2809-TRS_DC_MAN-R0R5_L79-01 - IPOE VLAN interface GigabitEthernet0/4/0.-	
An error occurred: list index out of range -- Error on the IPOE IP: ISU_001_GPONA_01 at ISULA2_TDCAN_T980C_01_MIN446 - IPOE VLAN interface Eth-Trunk7.400	
An error occurred: list index out of range -- Error on the IPOE IP: DAVFIN-LSA01-001-MIN2134-A1 at CDO-MIN1092-AGGFN-X8-01 - IPOE VLAN interface GigabitEthernet7/1/0.-	
An error occurred: list index out of range -- Error on the AG: NCCCMB-LSA01-001-MIN2636 at CDO-MIN1092-AGGFN-X8-01	[['10.175.0.2'], ['10.175.0.7'], []]

An error occurred: list index out of range -- Error on the IPOE IP: NCCCMB-LSA01-001-MIN2636 at CDO-MIN1092-AGGFN-X8-01 - IPOE VLAN interface Eth-Trunk10.-	
An error occurred: list index out of range -- Error on the AG: RCYDLT-LSA01-001-MIN2521-A1 at CDO-MIN1092-AGGFN-X8-01	[['10.175.0.7'], ['10.175.0.2'], []]

An error occurred: list index out of range -- Error on the IPOE IP: RCYDLT-LSA01-001-MIN2521-A1 at CDO-MIN1092-AGGFN-X8-01 - IPOE VLAN interface GigabitEthernet5/0/8.-	
An error occurred: list index out of range -- Error on the AG: ROBILG-LSA01-001-MIN2036-A1 at CDO-MIN1092-AGGFN-X8-01	[['10.175.0.7'], ['10.175.0.2'], []]

An error occurred: list index out of range -- Error on the IPOE IP: ROBILG-LSA01-001-MIN2036-A1 at CDO-MIN1092-AGGFN-X8-01 - IPOE VLAN interface GigabitEthernet5/0/8.-	
An error occurred: list index out of range -- Error on the AG: RPVCIA-LSA01-001-MIN2523-A1 at CDO-MIN1092-AGGFN-X8-01	[['10.175.0.2'], ['10.175.0.7'], []]

An error occurred: list index out of range -- Error on the IPOE IP: RPVCIA-LSA01-001-MIN2523-A1 at CDO-MIN1092-AGGFN-X8-01 - IPOE VLAN interface Eth-Trunk10.-	
An error occurred: list index out of range -- Error on the IPOE IP: ROBILG-LSA01-001-MIN2036-A1 at CDO-MIN1092-AGGFN-X8-02 - IPOE VLAN interface GigabitEthernet1/0/4.-	
An error occurred: list index out of range -- Error on the IPOE IP: QCY_771_HYB_01 at QCY_771_TDCAN_910CG_01_NCR2077 - IPOE VLAN interface Eth-Trunk3.-	
An error occurred: list index out of range -- Error on the IPOE IP: MKT_151_VDB_01 at MKT-151_TDCAN_T910C_01_NCR2402 - IPOE VLAN interface Eth-Trunk4.-	
An error occurred: list index out of range -- Error on the IPOE IP: TGG_731_VDB_01 at TGG_731_TDCAN_910CG_01_NCR2680 - IPOE VLAN interface Eth-Trunk6.-	
An error occurred: list index out of range -- Error on the IPOE IP: CLC_712_VDB_01 at CLC_712_TDCAN_910D_01_NCR1402 - IPOE VLAN interface 25GigabitEthernet0/2/19.400	
An error occurred: list index out of range -- Error on the IPOE IP: PSG_747_VDA_01 at PSG-747_TDCAN_T910C_01_NCR3347 - IPOE VLAN interface GigabitEthernet0/2/12.-	
An error occurred: list index out of range -- Error on the IPOE IP: MKT_212_VDB_01 at MKT_212_TDCAN_910CG_01_NCR2857 - IPOE VLAN interface Eth-Trunk3.-	
An error occurred: list index out of range -- Error on the IPOE IP: MKT_310_HYB_01 at MKT_310_TDCAN_910CG_01_NCR3902 - IPOE VLAN interface Eth-Trunk3.-	
An error occurred: list index out of range -- Error on the IPOE IP: MKT_201_VDB_01 at MKT_201_TDCAN_910CG_01_NCR2862 - IPOE VLAN interface Eth-Trunk3.-	
An error occurred: list index out of range -- Error on the IPOE IP: QCY_753_HYB_02 at QCY_753_TDCAN_910CG_01_NCR2836 - IPOE VLAN interface Eth-Trunk4.-	
An error occurred: list index out of range -- Error on the IPOE IP: QCY_753_HYB_03 at QCY_753_TDCAN_910CG_01_NCR2836 - IPOE VLAN interface Eth-Trunk5.-	
An error occurred: list index out of range -- Error on the IPOE IP: QCY_766_VDB_01 at QCY_766_TDCAN_910CG_01_NCR3146 - IPOE VLAN interface Eth-Trunk4.-	
An error occurred: list index out of range -- Error on the IPOE IP: PSG_145_HYB_01 at PSG-145-NCR2495-ATN910C-G-01 - IPOE VLAN interface Eth-Trunk4.-	
An error occurred: list index out of range -- Error on the IPOE IP: PSG_145_VDB_02 at PSG-145-NCR2495-ATN910C-G-01 - IPOE VLAN interface Eth-Trunk5.-	
An error occurred: list index out of range -- Error on the IPOE IP: PSG_744_HYB_01 at PSG_744_TDCAN_01_910CG_NCR2701 - IPOE VLAN interface Eth-Trunk3.-	
An error occurred: list index out of range -- Error on the IPOE IP: MKT_778_VDA_01 at MKT_778_TDCAN_T910D_01_NCR3189 - IPOE VLAN interface 25GigabitEthernet0/2/19.400	
An error occurred: list index out of range -- Error on the IPOE IP: MND_120_VDB_01 at MND_120_TDCAN_910CG_01_NCR2840 - IPOE VLAN interface Eth-Trunk3.-	
An error occurred: list index out of range -- Error on the IPOE IP: MND_109_HYB_01 at MND_109_TDCAN_910CG_01_NCR2842 - IPOE VLAN interface Eth-Trunk3.-	
An error occurred: list index out of range -- Error on the IPOE IP: LSP-107-IS at LSP_107_TDCAN_910C_01_NCR1416 - IPOE VLAN interface GigabitEthernet0/2/12.-	
An error occurred: list index out of range -- Error on the IPOE IP: PSG_118_VDB_01 at PSG_118_TDCAN_910CG_01_NCR2698 - IPOE VLAN interface Eth-Trunk3.-	
An error occurred: list index out of range -- Error on the IPOE IP: PSG_101_VDB_01 at PSG_101_TDCAN_910CG_01_NCR2489 - IPOE VLAN interface Eth-Trunk3.-	
An error occurred: list index out of range -- Error on the IPOE IP: MRK_105_HYB_01 at MRK_105_TDCAN_01_T910CG_01_NCR2467 - IPOE VLAN interface Eth-Trunk5.-	
An error occurred: list index out of range -- Error on the IPOE IP: MND_723_VDB_02 at MND_723_TDCAN_T910CG_01_NCR2344 - IPOE VLAN interface Eth-Trunk4.-	
An error occurred: list index out of range -- Error on the IPOE IP: MND_714_HYB_01 at MND_714_TDCAN_910CG_01_NCR2124 - IPOE VLAN interface Eth-Trunk3.-	
An error occurred: list index out of range -- Error on the IPOE IP: MND_701_VDB_01 at MND_701_TDCAN_910CG_01_NCR1602 - IPOE VLAN interface Eth-Trunk3.-	
An error occurred: list index out of range -- Error on the IPOE IP: MKT_101_VDB_01 at MKT_101_TDCAN_910CG_01_NCR2397 - IPOE VLAN interface Eth-Trunk3.-	
An error occurred: list index out of range -- Error on the IPOE IP: MNL_744_HYB_01 at MNL_744_TDCAN_910CG_01_NCR1431 - IPOE VLAN interface Eth-Trunk4.-	
An error occurred: list index out of range -- Error on the IPOE IP: MNL_706_HYB_02 at MNL_706_TDCAN_910CG_01_NCR2835 - IPOE VLAN interface Eth-Trunk4.-	
An error occurred: list index out of range -- Error on the IPOE IP: MNL_706_HYB_03 at MNL_706_TDCAN_910CG_01_NCR2835 - IPOE VLAN interface Eth-Trunk5.-	
An error occurred: list index out of range -- Error on the IPOE IP: SJN_108_VDB_01 at SJN_108_TDCAN_910CG_01_NCR2563 - IPOE VLAN interface Eth-Trunk4.-	
An error occurred: list index out of range -- Error on the IPOE IP: MKT_809_HYB_01 at SJN_106_TDCAN_910CG_01_NCR2610 - IPOE VLAN interface Eth-Trunk4.-	
An error occurred: list index out of range -- Error on the IPOE IP: LSP_111_VDB_01 at LSP_111_TDCAN_910CG_01_NCR3305 - IPOE VLAN interface Eth-Trunk3.-	
An error occurred: list index out of range -- Error on the IPOE IP: QCY_710_VDB_01 at QCY_710_TDCAN_910CG_01_NCR1196 - IPOE VLAN interface Eth-Trunk3.-	
An error occurred: list index out of range -- Error on the IPOE IP: PSG_743_VDB_02 at PSG_743_TDCAN_910CG_01_NCR2704 - IPOE VLAN interface Eth-Trunk4.-	
An error occurred: list index out of range -- Error on the IPOE IP: QCY_115_VDA_01 at QCY-115_TDCAN_T910D_01_NCR1309 - IPOE VLAN interface 25GigabitEthernet0/2/19.400	
An error occurred: list index out of range -- Error on the IPOE IP: MKT_171_HYB_01 at MKT-171-NCR2385-ATN910C-01 - IPOE VLAN interface Eth-Trunk4.-	
An error occurred: list index out of range -- Error on the IPOE IP: TGG_706_HYB_01 at TGG_706_TDCAN_910C_01_NCR2573 - IPOE VLAN interface Eth-Trunk3.-	
An error occurred: list index out of range -- Error on the IPOE IP: MKT_781_HYB_01 at MKT_781_TDCAN_910CG_01_NCR3279 - IPOE VLAN interface Eth-Trunk3.-	
An error occurred: list index out of range -- Error on the IPOE IP: QCY_212_VDB_01 at QCY_212_TDCAN_910B_01_NCR3904 - IPOE VLAN interface Eth-Trunk3.-	
An error occurred: list index out of range -- Error on the IPOE IP: QCY_777_VDA_01 at QCY_777_TDCAN_01_910B_01_NCR3335 - IPOE VLAN interface GigabitEthernet0/2/19.-	
An error occurred: list index out of range -- Error on the IPOE IP: QCY_777_VDA_02 at QCY_777_TDCAN_01_910B_01_NCR3335 - IPOE VLAN interface GigabitEthernet0/2/21.-	
An error occurred: list index out of range -- Error on the IPOE IP: QCY_778_VDB_01 at QCY_778_TDCAN_910B_01_NCR3441 - IPOE VLAN interface Eth-Trunk2.-	
An error occurred: list index out of range -- Error on the IPOE IP: QCY_768_VDA_01 at QCY_768_TDCAN_910B_01_NCR2763 - IPOE VLAN interface GigabitEthernet0/2/21.-	
An error occurred: list index out of range -- Error on the IPOE IP: QCY_768_VDA_02 at QCY_768_TDCAN_910B_01_NCR2763 - IPOE VLAN interface GigabitEthernet0/2/19.-	
An error occurred: list index out of range -- Error on the IPOE IP: QCY_768_VDA_03 at QCY_768_TDCAN_910B_01_NCR2763 - IPOE VLAN interface GigabitEthernet0/2/22.-	
An error occurred: list index out of range -- Error on the IPOE IP: QCY_768_VDA_04 at QCY_768_TDCAN_910B_01_NCR2763 - IPOE VLAN interface GigabitEthernet0/2/23.-	
An error occurred: list index out of range -- Error on the IPOE IP: QCY_768_VDB_01 at QCY_768_TDCAN_910B_01_NCR2763 - IPOE VLAN interface Eth-Trunk2.-	
An error occurred: list index out of range -- Error on the IPOE IP: PSG_122_HYB_01 at PSG_122_TDCAN_01_T910B_NCR2514 - IPOE VLAN interface Eth-Trunk3.-	
An error occurred: list index out of range -- Error on the IPOE IP: PSG_142_VDB_01 at PSG_142_TDCAN_01_T910B_SL2941 - IPOE VLAN interface Eth-Trunk2.-	
An error occurred: list index out of range -- Error on the IPOE IP: SMT_704_VDB_01 at SMT_704_TDCAN_910CG_01_SL2776 - IPOE VLAN interface Eth-Trunk3.-	
An error occurred: list index out of range -- Error on the IPOE IP: QCY_716_VDB_01 at QCY_716_TDCAN_01_T910D_NCR2157 - IPOE VLAN interface 25GigabitEthernet0/2/19.400	
An error occurred: list index out of range -- Error on the IPOE IP: PSG_102_VDB_01 at PSG_102_TDCAN_910CG_01_NCR2486 - IPOE VLAN interface Eth-Trunk3.-	
An error occurred: list index out of range -- Error on the IPOE IP: SJN_112_VDB_01 at SJN_112_TDCAN_910B_01_NCR2557 - IPOE VLAN interface Eth-Trunk3.-	
An error occurred: list index out of range -- Error on the IPOE IP: MRK_625_HYB_01 at MRK_625_TDCAN_910B_01_NCR1383 - IPOE VLAN interface Eth-Trunk2.-	
An error occurred: list index out of range -- Error on the IPOE IP: MRK_703_VDB_01 at MRK_703_TDCAN_910B_01_NCR2141 - IPOE VLAN interface Eth-Trunk3.-	
An error occurred: list index out of range -- Error on the IPOE IP: MRK_608_HYB_01 at MRK_608_TDCAN_910B_01_NCR2140 - IPOE VLAN interface Eth-Trunk3.-	
An error occurred: list index out of range -- Error on the IPOE IP: SJN_114_VDB_01 at SJN_114_TDCAN_910CG_01_NCR2567 - IPOE VLAN interface Eth-Trunk3.-	
An error occurred: list index out of range -- Error on the IPOE IP: SJN_118_HYB_01 at SJN_118_TDCAN_910B_01_NCR2566 - IPOE VLAN interface Eth-Trunk3.-	
An error occurred: list index out of range -- Error on the IPOE IP: SJN_110_VDB_01 at SJN_110_TDCAN_910CG_01_NCR2564 - IPOE VLAN interface Eth-Trunk3.-	
An error occurred: list index out of range -- Error on the IPOE IP: QCY_772_VDA_01 at QCY_772_TDCAN_910B_01_NCR3222 - IPOE VLAN interface GigabitEthernet0/2/19.-	
An error occurred: list index out of range -- Error on the IPOE IP: QCY_772_VDB_01 at QCY_772_TDCAN_910B_01_NCR3222 - IPOE VLAN interface Eth-Trunk2.-	
An error occurred: list index out of range -- Error on the IPOE IP: VLZ_717_HYB_01 at VLZ_717_TDCAN_910B_01_NCR2194 - IPOE VLAN interface Eth-Trunk3.-	
An error occurred: list index out of range -- Error on the IPOE IP: VLZ_714_VDB_01 at VLZ_714_TDCAN_910CG_01_NCR2192 - IPOE VLAN interface Eth-Trunk3.-	
An error occurred: list index out of range -- Error on the IPOE IP: SJN_101_VDB_01 at SJN_101_TDCAN_910CG_01_NCR2558 - IPOE VLAN interface Eth-Trunk3.-	
An error occurred: list index out of range -- Error on the IPOE IP: MNL_726_VDB_01 at MNL_726_TDCAN_910B_01_NCR2323 - IPOE VLAN interface Eth-Trunk2.-	
An error occurred: list index out of range -- Error on the IPOE IP: MRK_126_HYB_01 at MRK_126_TDCAN_910B_01_NCR2687 - IPOE VLAN interface Eth-Trunk3.-	
An error occurred: list index out of range -- Error on the IPOE IP: PQE_201_VDB_01 at PQE_201_TDCAN_910CG_01_NCR3898 - IPOE VLAN interface Eth-Trunk4.-	
An error occurred: list index out of range -- Error on the IPOE IP: PQE_711_VDA_01 at PQE_711_TDCAN_910B_01_NCR2480 - IPOE VLAN interface GigabitEthernet0/2/19.-	
An error occurred: list index out of range -- Error on the IPOE IP: PQE_711_VDB_01 at PQE_711_TDCAN_910B_01_NCR2480 - IPOE VLAN interface Eth-Trunk3.-	
An error occurred: list index out of range -- Error on the IPOE IP: PQE_711_VDB_02 at PQE_711_TDCAN_910B_01_NCR2480 - IPOE VLAN interface Eth-Trunk4.-	
An error occurred: list index out of range -- Error on the IPOE IP: PQE_712_HYB_01 at PQE_712_TDCAN_910B_01_NCR2478 - IPOE VLAN interface Eth-Trunk2.-	
An error occurred: list index out of range -- Error on the IPOE IP: TGG_723_HYB_04 at TGG_723_TDCAN_910CG_01_NCR2683 - IPOE VLAN interface Eth-Trunk5.-	
An error occurred: list index out of range -- Error on the IPOE IP: TGG_728_VDB_01 at TGG_728_TDCAN_910CG_01_NCR2681 - IPOE VLAN interface Eth-Trunk3.-	
An error occurred: list index out of range -- Error on the IPOE IP: PQE_116_VDB_01 at PQE_116_TDCAN_910CG_01_NCR2481 - IPOE VLAN interface Eth-Trunk3.-	
An error occurred: list index out of range -- Error on the IPOE IP: MNL_725_HYB_01 at MNL_725_TDCAN_910B_01_NCR2137 - IPOE VLAN interface Eth-Trunk3.-	
An error occurred: list index out of range -- Error on the IPOE IP: MRK_108_VDB_01 at MRK_108_TDCAN_910CG_01_NCR2457 - IPOE VLAN interface Eth-Trunk3.-	
An error occurred: list index out of range -- Error on the IPOE IP: MKT_224_VDB_01 at MKT_224_TDCAN_910B_01_NCR2867 - IPOE VLAN interface Eth-Trunk2.-	
An error occurred: list index out of range -- Error on the IPOE IP: MKT_224_VDA_01 at MKT_224_TDCAN_910B_01_NCR2867 - IPOE VLAN interface GigabitEthernet0/2/19.-	
An error occurred: list index out of range -- Error on the IPOE IP: MKT_224_HYB_01 at MKT_224_TDCAN_910B_01_NCR2867 - IPOE VLAN interface Eth-Trunk3.-	
An error occurred: list index out of range -- Error on the IPOE IP: MKT_222_HYB_01 at MKT_222_TDCAN_910CG_01_NCR2359 - IPOE VLAN interface Eth-Trunk3.-	
An error occurred: list index out of range -- Error on the IPOE IP: MKT_216_HYB_01 at MKT_216_TDCAN_910B_01_NCR2436 - IPOE VLAN interface Eth-Trunk3.-	
An error occurred: list index out of range -- Error on the IPOE IP: MKT_217_HYB_01 at MKT_217_TDCAN_910CG_01_NCR2434 - IPOE VLAN interface Eth-Trunk3.-	
An error occurred: list index out of range -- Error on the IPOE IP: MKT_704_VDB_01 at MKT_704_TDCAN_910B_01_NCR2116 - IPOE VLAN interface Eth-Trunk3.-	
An error occurred: list index out of range -- Error on the IPOE IP: MKT_204_VDB_01 at MKT_204_TDCAN_910B_01_NCR2860 - IPOE VLAN interface Eth-Trunk3.-	
An error occurred: list index out of range -- Error on the IPOE IP: MKT_206_VDB_01 at MKT_206_TDCAN_910CG_01_NCR2859 - IPOE VLAN interface Eth-Trunk3.-	
An error occurred: list index out of range -- Error on the IPOE IP: MNL_014_HYB_01 at MNL_014_TDCAN_910CG_01_NCR6125 - IPOE VLAN interface Eth-Trunk4.-	
An error occurred: list index out of range -- Error on the IPOE IP: MNL_014_VDB_01 at MNL_014_TDCAN_910CG_01_NCR6125 - IPOE VLAN interface Eth-Trunk5.-	
An error occurred: list index out of range -- Error on the IPOE IP: CLC_001_GPONA_02 at CLC_001_TDCAN_910DA_01_NCR597 - IPOE VLAN interface Eth-Trunk4.-	
An error occurred: list index out of range -- Error on the IPOE IP: MNL_012_VDA_01 at MNL_012_TDCAN_910CG_01_NCR6073 - IPOE VLAN interface GigabitEthernet0/2/16.-	
An error occurred: list index out of range -- Error on the IPOE IP: MNL_012_VDA_02 at MNL_012_TDCAN_910CG_01_NCR6073 - IPOE VLAN interface GigabitEthernet0/2/17.-	
An error occurred: list index out of range -- Error on the IPOE IP: MNL_012_VDA_03 at MNL_012_TDCAN_910CG_01_NCR6073 - IPOE VLAN interface GigabitEthernet0/2/18.-	
An error occurred: list index out of range -- Error on the IPOE IP: MNL_012_GPONA_01 at MNL_012_TDCAN_910CG_01_NCR6073 - IPOE VLAN interface Eth-Trunk4.-	
An error occurred: list index out of range -- Error on the IPOE IP: MNL_012_HYB_01 at MNL_012_TDCAN_910CG_01_NCR6073 - IPOE VLAN interface Eth-Trunk3.-	
An error occurred: list index out of range -- Error on the IPOE IP: MND_720_HYB_01 at MND_720_TDCAN_910CG_01_NCR2208 - IPOE VLAN interface Eth-Trunk2.-	
An error occurred: list index out of range -- Error on the IPOE IP: MND_720_VDB_02 at MND_720_TDCAN_910CG_01_NCR2208 - IPOE VLAN interface Eth-Trunk1.-	
An error occurred: list index out of range -- Error on the IPOE IP: QCY_031_GPONA_01 at QCY_031_TDCAN_910CG_01_NCR6070 - IPOE VLAN interface Eth-Trunk3.-	
An error occurred: list index out of range -- Error on the IPOE IP: MKT_315_HYB_01 at MKT_315_TDCAN_910CG_01_NCR4138 - IPOE VLAN interface Eth-Trunk3.-	
An error occurred: list index out of range -- Error on the IPOE IP: MKT_315_HYB_02 at MKT_315_TDCAN_910CG_01_NCR4138 - IPOE VLAN interface Eth-Trunk5.-	
An error occurred: list index out of range -- Error on the IPOE IP: MKT_315_GPONA_01 at MKT_315_TDCAN_910CG_01_NCR4138 - IPOE VLAN interface Eth-Trunk4.-	
An error occurred: list index out of range -- Error on the IPOE IP: TGG_028_GPONA_01 at TGG_028_TDCAN_910CG_01_NCR7470 - IPOE VLAN interface Eth-Trunk3.-	
An error occurred: list index out of range -- Error on the IPOE IP: TGG_028_VDB_01 at TGG_028_TDCAN_910CG_01_NCR7470 - IPOE VLAN interface GigabitEthernet0/2/16.-	
An error occurred: list index out of range -- Error on the IPOE IP: PQE_027_HYB_01 at PQE_027_TDCAN_910CG_01_NCR9598 - IPOE VLAN interface Eth-Trunk3.-	
An error occurred: list index out of range -- Error on the IPOE IP: PQE_003_GPONA_01 at PQE_003_TDCAN_910CG_01_NCR1028 - IPOE VLAN interface Eth-Trunk3.-	
An error occurred: list index out of range -- Error on the IPOE IP: QCY_033_GPONA_02 at QCY_033_TDCAN_910D_01_NCR5094 - IPOE VLAN interface Eth-Trunk4.-	
An error occurred: list index out of range -- Error on the IPOE IP: QCY_033_GPONA_01 at QCY_033_TDCAN_910D_01_NCR5094 - IPOE VLAN interface Eth-Trunk3.-	
An error occurred: list index out of range -- Error on the IPOE IP: PQE_002_GPONA_01 at PQE_002_TDCAN_910CG_01_NCR4640 - IPOE VLAN interface Eth-Trunk3.-	
An error occurred: list index out of range -- Error on the IPOE IP: QCY_759_VDB_01 at QCY_759_TDCAN_910B_01_NCR2740 - IPOE VLAN interface Eth-Trunk3.-	
An error occurred: list index out of range -- Error on the IPOE IP: SJN_105_VDA_01 at SJN_105_TDCAN_910D_01_NCR2562 - IPOE VLAN interface 25GigabitEthernet0/2/19.400	
An error occurred: list index out of range -- Error on the IPOE IP: SJN_103_HYB_01 at SJN_103_TDCAN_910D_01_NCR2561 - IPOE VLAN interface Eth-Trunk3.-	
An error occurred: list index out of range -- Error on the IPOE IP: SJN_109_VDA_01 at SJN_109_TDCAN_910D_01_NCR1539 - IPOE VLAN interface 25GigabitEthernet0/2/19.400	
An error occurred: list index out of range -- Error on the IPOE IP: PQE_105_HYB_01 at PQE_105_TDCAN_T910B_01_NCR1342 - IPOE VLAN interface Eth-Trunk2.-	
An error occurred: list index out of range -- Error on the IPOE IP: PQE_112_HYB_01 at PQE_112_TDCAN_T910B_01_NCR1344 - IPOE VLAN interface Eth-Trunk3.-	
An error occurred: list index out of range -- Error on the IPOE IP: PQE_112_GPONA_01 at PQE_112_TDCAN_T910B_01_NCR1344 - IPOE VLAN interface Eth-Trunk4.-	
An error occurred: list index out of range -- Error on the IPOE IP: MRK_102_HYB_02 at MRK_102_TDCAN_910B_01_NCR2468 - IPOE VLAN interface Eth-Trunk3.-	
An error occurred: list index out of range -- Error on the IPOE IP: MRK_102_VDB_01 at MRK_102_TDCAN_910B_01_NCR2468 - IPOE VLAN interface Eth-Trunk2.-	
An error occurred: list index out of range -- Error on the IPOE IP: MRK_113_HYB_01 at MRK_113_TDCAN_910B_01_NCR2456 - IPOE VLAN interface Eth-Trunk3.-	
An error occurred: list index out of range -- Error on the IPOE IP: MNL_742_VDB_01 at MNL_742_TDCAN_910CG_01_NCR3349 - IPOE VLAN interface Eth-Trunk3.-	
An error occurred: list index out of range -- Error on the IPOE IP: MND_703_VDB_01 at MND_703_TDCAN_910CG_01_NCR1597 - IPOE VLAN interface Eth-Trunk3.-	
An error occurred: list index out of range -- Error on the IPOE IP: MRK_127_HYB_01 at MRK_127_TDCAN_910B_01_NCR2463 - IPOE VLAN interface Eth-Trunk3.-	
An error occurred: list index out of range -- Error on the IPOE IP: LSP_701_VDB_01 at LSP_701_TDCAN_01_T910B_NCR2112 - IPOE VLAN interface Eth-Trunk3.-	
An error occurred: list index out of range -- Error on the IPOE IP: LSP_701_GPONA_01 at LSP_701_TDCAN_01_T910B_NCR2112 - IPOE VLAN interface Eth-Trunk4.-	
An error occurred: list index out of range -- Error on the IPOE IP: PSG_748_VDB_01 at PSG_748_TDCAN_910CG_01_NCR3190 - IPOE VLAN interface Eth-Trunk3.-	
An error occurred: list index out of range -- Error on the IPOE IP: PSG_740_HYB_01 at PSG_740_TDCAN_01_T910B_NCR2701 - IPOE VLAN interface Eth-Trunk2.-	
An error occurred: list index out of range -- Error on the IPOE IP: PSG_128_VDB_01 at PSG_128_TDCAN_01_T910B_NCR2697 - IPOE VLAN interface Eth-Trunk3.-	
An error occurred: list index out of range -- Error on the IPOE IP: PSG_717_VDB_03 at PSG-717_TDCAN_01_T910CG_NCR1468 - IPOE VLAN interface Eth-Trunk5.-	
An error occurred: list index out of range -- Error on the IPOE IP: TGG_019_GPONA_01 at TGG_019_TDCAN_T910D_01_NCR4684 - IPOE VLAN interface GigabitEthernet0/2/4.400	
An error occurred: list index out of range -- Error on the IPOE IP: TGG_022_HYB_01 at TGG_022_TDCAN_T910D_01_NCR6898 - IPOE VLAN interface Eth-Trunk3.400	
An error occurred: list index out of range -- Error on the IPOE IP: TGG_022_GPONA_01 at TGG_022_TDCAN_T910D_01_NCR6898 - IPOE VLAN interface GigabitEthernet0/2/5.400	
An error occurred: list index out of range -- Error on the IPOE IP: TGG_020_HYB_01 at TGG_020_TDCAN_T910CG_01_NCR4649 - IPOE VLAN interface Eth-Trunk3.400	
An error occurred: list index out of range -- Error on the IPOE IP: TGG_020_GPONA_01 at TGG_020_TDCAN_T910CG_01_NCR4649 - IPOE VLAN interface GigabitEthernet0/2/5.400	
An error occurred: list index out of range -- Error on the IPOE IP: MUN_008_HYB_01 at MUN_008_TDCAN_T910D_01_NCR6994 - IPOE VLAN interface Eth-Trunk3.400	
An error occurred: list index out of range -- Error on the IPOE IP: MUN_008_GPONA_01 at MUN_008_TDCAN_T910D_01_NCR6994 - IPOE VLAN interface Eth-Trunk4.400	
An error occurred: list index out of range -- Error on the IPOE IP: MUN_006_GPONA_01 at MUN_006_TDCAN_T910D_01_NCR5978 - IPOE VLAN interface Eth-Trunk3.400	
An error occurred: list index out of range -- Error on the IPOE IP: MUN_004_GPONA_01 at MUN_004_TDCAN_T910D_01_NCR4627 - IPOE VLAN interface Eth-Trunk3.400	
An error occurred: list index out of range -- Error on the IPOE IP: MUN_006_GPONA_01 at MUN_004_TDCAN_T910D_01_NCR4627 - IPOE VLAN interface Eth-Trunk3.400	
An error occurred: list index out of range -- Error on the IPOE IP: MUN_009_GPONA_01 at MUN_009_TDCAN_T910D_01_NCR1018 - IPOE VLAN interface Eth-Trunk3.400	
An error occurred: list index out of range -- Error on the IPOE IP: MUN_002_GPONA_01 at MUN_002_TDCAN_T910D_01_NCR1332 - IPOE VLAN interface Eth-Trunk3.400	
An error occurred: list index out of range -- Error on the IPOE IP: MUN_021_GPONA_01 at MUN_021_TDCAN_T910D_01_NCR9618 - IPOE VLAN interface Eth-Trunk3.400	
An error occurred: list index out of range -- Error on the IPOE IP: MUN_001_GPONA_01 at MUN_001_TDCAN_T910D_01_NCR4692 - IPOE VLAN interface Eth-Trunk3.400	
An error occurred: list index out of range -- Error on the IPOE IP: SJN_002_GPONA_01 at SJN-002_TDCAN_T910D_01_NCR3300 - IPOE VLAN interface Eth-Trunk3.400	
An error occurred: list index out of range -- Error on the IPOE IP: SJN_003_GPONA_01 at SJN-003_TDCAN_T910D_01_NCR5996 - IPOE VLAN interface GigabitEthernet0/2/4.400	
An error occurred: list index out of range -- Error on the IPOE IP: MNL_015_HYB_01 at MNL_015_TDCAN_T910D_01_NCR7585 - IPOE VLAN interface Eth-Trunk4.400	
An error occurred: list index out of range -- Error on the IPOE IP: MNL_015_VDB_01 at MNL_015_TDCAN_T910D_01_NCR7585 - IPOE VLAN interface Eth-Trunk4.400	
An error occurred: list index out of range -- Error on the IPOE IP: MNL_015_VDB_02 at MNL_015_TDCAN_T910D_01_NCR7585 - IPOE VLAN interface Eth-Trunk4.400	
An error occurred: list index out of range -- Error on the IPOE IP: MNL_015_GPONA_01 at MNL_015_TDCAN_T910D_01_NCR7585 - IPOE VLAN interface Eth-Trunk3.400	
An error occurred: list index out of range -- Error on the IPOE IP: PSY_010_HYB_01 at PSY_010_TDCAN_T910D_01_NCR6905 - IPOE VLAN interface Eth-Trunk3.400	
An error occurred: list index out of range -- Error on the IPOE IP: PSY_010_HYB_02 at PSY_010_TDCAN_T910D_01_NCR6905 - IPOE VLAN interface Eth-Trunk4.400	
An error occurred: list index out of range -- Error on the IPOE IP: PSY_010_HYB_03 at PSY_010_TDCAN_T910D_01_NCR6905 - IPOE VLAN interface Eth-Trunk5.400	
An error occurred: list index out of range -- Error on the IPOE IP: PSY_011_GPONA_01 at PSY_011_TDCAN_T910D_01_NCR7375 - IPOE VLAN interface GigabitEthernet0/2/4.400	
An error occurred: list index out of range -- Error on the IPOE IP: MKT_052_HYB_01 at MKT_052_TDCAN_T910D_01_NCR5930 - IPOE VLAN interface Eth-Trunk4.400	
An error occurred: list index out of range -- Error on the IPOE IP: MKT_052_HYB_02 at MKT_052_TDCAN_T910D_01_NCR5930 - IPOE VLAN interface Eth-Trunk5.400	
An error occurred: list index out of range -- Error on the IPOE IP: MKT_052_HYA_01 at MKT_052_TDCAN_T910D_01_NCR5930 - IPOE VLAN interface Eth-Trunk3.400	
An error occurred: list index out of range -- Error on the IPOE IP: PQE_001_GPONA_01 at PQE_001_TDCAN_T910D_01_NCR4643 - IPOE VLAN interface Eth-Trunk3.400	
An error occurred: list index out of range -- Error on the IPOE IP: MNL_015_GPONA_01 at PQE_001_TDCAN_T910D_01_NCR4643 - IPOE VLAN interface Eth-Trunk3.400	
An error occurred: list index out of range -- Error on the IPOE IP: MKT_003_GPONA_01 at MKT_003_TDCAN_T910D_01_NCR3902 - IPOE VLAN interface Eth-Trunk3.400	
An error occurred: list index out of range -- Error on the IPOE IP: MKT_047_GPONA_01 at MKT_047_TDCAN_T910D_01_NCR6903 - IPOE VLAN interface Eth-Trunk3.400	
An error occurred: list index out of range -- Error on the IPOE IP: MKT_047_HYB_01 at MKT_047_TDCAN_T910D_01_NCR6903 - IPOE VLAN interface Eth-Trunk4.400	
An error occurred: list index out of range -- Error on the IPOE IP: MKT_048_GPONA_01 at MKT_048_TDCAN_T910D_01_NCR7294 - IPOE VLAN interface Eth-Trunk3.400	
An error occurred: list index out of range -- Error on the IPOE IP: MKT_003_GPONA_01 at MKT_009_TDCAN_T910D_01_NCR4118 - IPOE VLAN interface Eth-Trunk3.400	
An error occurred: list index out of range -- Error on the IPOE IP: QCY_013_GPONA_01 at QCY_013_TDCAN_T910D_01_NCR4683 - IPOE VLAN interface Eth-Trunk3.400	
An error occurred: list index out of range -- Error on the IPOE IP: QCY_047_GPONA_01 at QCY_047_TDCAN_T910D_01_NCR7293 - IPOE VLAN interface Eth-Trunk3.400	
An error occurred: list index out of range -- Error on the IPOE IP: TGG_030_HYB_01 at TGG_030_TDCAN_T910D_01_NCR3579 - IPOE VLAN interface Eth-Trunk3.400	
An error occurred: list index out of range -- Error on the IPOE IP: TGG_017_HYA_01 at TGG_017_TDCAN_T910D_01_NCR3524 - IPOE VLAN interface Eth-Trunk4.400	
An error occurred: list index out of range -- Error on the IPOE IP: TGG_017_GPONA_01 at TGG_017_TDCAN_T910D_01_NCR3524 - IPOE VLAN interface Eth-Trunk3.400	
An error occurred: list index out of range -- Error on the IPOE IP: TGG_010_GPONA_01 at TGG_010_TDCAN_T910D_01_NCR5124 - IPOE VLAN interface Eth-Trunk3.400	
An error occurred: list index out of range -- Error on the IPOE IP: TGG_052_GPONA_01 at TGG_052_TDCAN_T910D_01_NCR10343 - IPOE VLAN interface Eth-Trunk3.400	
An error occurred: list index out of range -- Error on the IPOE IP: TGG_047_GPONA_01 at TGG_047_TDCAN_T910D_01_NCR8560 - IPOE VLAN interface Eth-Trunk3.400	
An error occurred: list index out of range -- Error on the IPOE IP: TGG_053_GPONA_01 at TGG_053_TDCAN_T910D_01_NCR10116 - IPOE VLAN interface Eth-Trunk3.400	
An error occurred: list index out of range -- Error on the IPOE IP: TGG_046_GPONA_01 at TGG_046_TDCAN_T910D_01_NCR8561 - IPOE VLAN interface Eth-Trunk3.400	
An error occurred: list index out of range -- Error on the IPOE IP: PQE_007_HYA_01 at PQE_007_TDCAN_T910D_O1_NCR6041 - IPOE VLAN interface Eth-Trunk3.-	
An error occurred: list index out of range -- Error on the IPOE IP: MKT_043_GPONA_01 at MKT_043_TDCAN_T910D_01_NCR93 - IPOE VLAN interface GigabitEthernet0/2/4.400	
An error occurred: list index out of range -- Error on the IPOE IP: MKT_044_GPONA_01 at MKT_044_TDCAN_T910D_01_NCR3518 - IPOE VLAN interface GigabitEthernet0/2/4.400	
An error occurred: list index out of range -- Error on the IPOE IP: MKT_054_HYB_01 at MKT_054_TDCAN_T910D_01_NCR7701 - IPOE VLAN interface Eth-Trunk3.400	
An error occurred: list index out of range -- Error on the IPOE IP: MKT_002_GPONA_01 at MKT_002_TDCAN_T910D_01_NCR5008 - IPOE VLAN interface Eth-Trunk3.400	
An error occurred: list index out of range -- Error on the IPOE IP: MKT_023_HYB_01 at MKT_023_TDCAN_T910D_01_NCR5768 - IPOE VLAN interface GigabitEthernet0/2/1.-	
An error occurred: list index out of range -- Error on the IPOE IP: MKT_023_GPONA_01 at MKT_023_TDCAN_T910D_01_NCR5768 - IPOE VLAN interface GigabitEthernet0/2/0.-	
An error occurred: list index out of range -- Error on the IPOE IP: MKT_025_GPONA_01 at MKT_025_TDCAN_T910D_01_NCR5126 - IPOE VLAN interface GigabitEthernet0/2/5.400	
An error occurred: list index out of range -- Error on the IPOE IP: MKT_025_GPONA_02 at MKT_025_TDCAN_T910D_01_NCR5126 - IPOE VLAN interface Eth-Trunk3.400	
An error occurred: list index out of range -- Error on the IPOE IP: MKT_013_HYB_01 at MKT_013_TDCAN_T910D_01_NCR3901 - IPOE VLAN interface Eth-Trunk4.400	
An error occurred: list index out of range -- Error on the IPOE IP: MKT_013_HYB_02 at MKT_013_TDCAN_T910D_01_NCR3901 - IPOE VLAN interface Eth-Trunk5.400	
An error occurred: list index out of range -- Error on the IPOE IP: MKT_013_HYB_03 at MKT_013_TDCAN_T910D_01_NCR3901 - IPOE VLAN interface Eth-Trunk6.400	
An error occurred: list index out of range -- Error on the IPOE IP: MKT_013_GPONA_01 at MKT_013_TDCAN_T910D_01_NCR3901 - IPOE VLAN interface GigabitEthernet0/2/4.400	
An error occurred: list index out of range -- Error on the IPOE IP: MKT_050_GPONA_01 at MKT_050_TDCAN_T910D_01_NCR7699 - IPOE VLAN interface Eth-Trunk3.400	
An error occurred: list index out of range -- Error on the IPOE IP: QCY_001_GPONA_01 at QCY_001_TDCAN_T910CG_01_NCR4172 - IPOE VLAN interface Eth-Trunk3.400	
An error occurred: list index out of range -- Error on the IPOE IP: QCY_001_GPONA_02 at QCY_001_TDCAN_T910CG_01_NCR4172 - IPOE VLAN interface GigabitEthernet0/2/5.400	
An error occurred: list index out of range -- Error on the IPOE IP: PSG_003_GPONA_01 at PSG_003_TDCAN_T910CG_01_NCR3495 - IPOE VLAN interface GigabitEthernet0/2/4.400	
An error occurred: list index out of range -- Error on the IPOE IP: PSG_003_GPONA_02 at PSG_003_TDCAN_T910CG_01_NCR3495 - IPOE VLAN interface Eth-Trunk3.400	
An error occurred: list index out of range -- Error on the IPOE IP: TGG_006_GPONA_01 at TGG_006_TDCAN_T910D_01_NCR3527 - IPOE VLAN interface GigabitEthernet0/2/4.400	
An error occurred: list index out of range -- Error on the IPOE IP: PSG_004_GPONA_01 at PSG_004_TDCAN_T910D_01_NCR3347 - IPOE VLAN interface Eth-Trunk3.400	
An error occurred: list index out of range -- Error on the IPOE IP: PSG_007_GPONA_01 at PSG_007_TDCAN_T910D_01_NCR4481 - IPOE VLAN interface Eth-Trunk3.400	
An error occurred: list index out of range -- Error on the IPOE IP: PSG_007_GPONA_01 at PSG_008_TDCAN_T910D_01_NCR6038 - IPOE VLAN interface Eth-Trunk3.400	
An error occurred: list index out of range -- Error on the IPOE IP: PSG_008_GPONA_01 at PSG_008_TDCAN_T910D_01_NCR6038 - IPOE VLAN interface Eth-Trunk3.400	
An error occurred: list index out of range -- Error on the IPOE IP: PSG_012_GPONA_01 at PSG_012_TDCAN_T910D_01_NCR7280 - IPOE VLAN interface Eth-Trunk3.400	
An error occurred: list index out of range -- Error on the IPOE IP: PSG_002_GPONA_01 at PSG_002_TDCAN_T910D_01_NCR4837 - IPOE VLAN interface Eth-Trunk3.400	
An error occurred: list index out of range -- Error on the IPOE IP: MKT_810_HYB_01 at MKT_810_TDCAN_910CG_NCR3521 - IPOE VLAN interface Eth-Trunk3.-	
An error occurred: list index out of range -- Error on the IPOE IP: PQE_060_HYA_01 at PQE_060_TDCAN_910CG_01_NCR6040 - IPOE VLAN interface Eth-Trunk3.-	
An error occurred: list index out of range -- Error on the IPOE IP: PQE_060_VDB_01 at PQE_060_TDCAN_910CG_01_NCR6040 - IPOE VLAN interface Eth-Trunk4.-	
An error occurred: list index out of range -- Error on the IPOE IP: MNL_016_HYB_01 at MNL_016_TDCAN_T910D_01_NCR7397 - IPOE VLAN interface Eth-Trunk3.400	
An error occurred: list index out of range -- Error on the IPOE IP: MNL_007_VDA_01 at MNL_007_TDCAN_T910D_01_NCR5096 - IPOE VLAN interface Eth-Trunk4.-	
An error occurred: list index out of range -- Error on the IPOE IP: MNL_007_GPONA_01 at MNL_007_TDCAN_T910D_01_NCR5096 - IPOE VLAN interface Eth-Trunk3.400	
An error occurred: list index out of range -- Error on the IPOE IP: MNL_017_HYB_01 at MNL_017_TDCAN_T910D_01_NCR7380 - IPOE VLAN interface Eth-Trunk3.400	
An error occurred: list index out of range -- Error on the IPOE IP: MNL_017_HYB_02 at MNL_017_TDCAN_T910D_01_NCR7380 - IPOE VLAN interface Eth-Trunk4.400	
An error occurred: list index out of range -- Error on the IPOE IP: MNL_113_HYB_01 at MNL_113_TDCAN_T910D_01_NCR9119 - IPOE VLAN interface Eth-Trunk3.400	
An error occurred: list index out of range -- Error on the IPOE IP: MNL_018_HYB_01 at MNL_018_TDCAN_T910D_01_NCR8156 - IPOE VLAN interface Eth-Trunk3.400	
An error occurred: list index out of range -- Error on the IPOE IP: MND_009_GPONA_01 at MND_009_TDCAN_T910D_01_NCR1255 - IPOE VLAN interface GigabitEthernet0/2/0.400	
An error occurred: list index out of range -- Error on the IPOE IP: MNL_011_GPONA_01 at MNL_011_TDCAN_T910D_01_NCR747 - IPOE VLAN interface GigabitEthernet0/2/0.400	
An error occurred: list index out of range -- Error on the IPOE IP: PQE_006_HYB_01 at PQE_006_TDCAN_T910D_01_NCR7600 - IPOE VLAN interface Eth-Trunk3.400	
An error occurred: list index out of range -- Error on the IPOE IP: TGG_036_GPONA_01 at TGG_036_TDCAN_T910D_01_NCR8160 - IPOE VLAN interface Eth-Trunk3.400	
An error occurred: list index out of range -- Error on the IPOE IP: TGG_026_GPONA_01 at TGG_026_TDCAN_T910D_01_NCR6907 - IPOE VLAN interface GigabitEthernet0/2/4.400	
An error occurred: list index out of range -- Error on the IPOE IP: TGG_033_HYB_01 at TGG_033_TDCAN_T910D_01_NCR7586 - IPOE VLAN interface Eth-Trunk4.400	
An error occurred: list index out of range -- Error on the IPOE IP: MKT_173_VDB_01 at MKT_173_TDCAN_910C_01_NCR2438 - IPOE VLAN interface Eth-Trunk3.-	
An error occurred: list index out of range -- Error on the IPOE IP: PSY_601_VDB_02 at PSY_601_TDCAN_910C_01_NCR1733 - IPOE VLAN interface Eth-Trunk4.-	
An error occurred: list index out of range -- Error on the IPOE IP: PQE_611_GPONA_01 at PQE-611-NCR1352-ATN910B-01 - IPOE VLAN interface Eth-Trunk4.-	
An error occurred: list index out of range -- Error on the IPOE IP: MNL_604_VDB_03 at MNL-604-NCR1433-ATN910C-01 - IPOE VLAN interface Eth-Trunk4.-	
An error occurred: list index out of range -- Error on the IPOE IP: MKT_651_VDB_01 at MK-651-NCR2424-ATN910C-01 - IPOE VLAN interface Eth-Trunk5.-	
An error occurred: list index out of range -- Error on the IPOE IP: MKT_643_VDB_02 at MK-643-NCR1694-ATN910C-01 - IPOE VLAN interface Eth-Trunk4.-	
An error occurred: list index out of range -- Error on the IPOE IP: MKT_650_HYB_02 at MK_650_TDCAN_910CG_01_NCR1682 - IPOE VLAN interface Eth-Trunk4.-	
An error occurred: list index out of range -- Error on the IPOE IP: PSG_754_VDB_01 at PSG-754-NCR4167-ATN910C-01 - IPOE VLAN interface Eth-Trunk3.-	
An error occurred: list index out of range -- Error on the IPOE IP: PSG_745_VDB_01 at PSG-745-NCR3348-ATN910C-01 - IPOE VLAN interface Eth-Trunk4.-	
An error occurred: list index out of range -- Error on the IPOE IP: MND_201_HYB_01 at MND-201-NCR3295-ATN910C-01 - IPOE VLAN interface Eth-Trunk4.-	
An error occurred: list index out of range -- Error on the IPOE IP: TGG_104_VDB_01 at TGG-104-NCR745-ATN910C-01 - IPOE VLAN interface Eth-Trunk3.-	
An error occurred: list index out of range -- Error on the IPOE IP: QCY_672_VDA_01 at QCY-672_TDCAN_T910D_01_NCR1577 - IPOE VLAN interface 25GigabitEthernet0/2/19.400	
An error occurred: list index out of range -- Error on the IPOE IP: PSG_722_VDB_02 at PSG_722_TDCAN_910CG_01_NCR1471 - IPOE VLAN interface Eth-Trunk5.-	
An error occurred: list index out of range -- Error on the IPOE IP: MKT_175_VDB_01 at MKT-175-NCR2376-ATN910C-01 - IPOE VLAN interface Eth-Trunk4.-	
An error occurred: list index out of range -- Error on the IPOE IP: MKT_158_VDB_01 at MKT-158-NCR2395-ATN910C-01 - IPOE VLAN interface Eth-Trunk3.-	
An error occurred: list index out of range -- Error on the IPOE IP: VLZ_933_VDB_01 at VLZ_933-NCR5658-ATN910C-01 - IPOE VLAN interface Eth-Trunk3.-	
An error occurred: list index out of range -- Error on the IPOE IP: MND_721_HYB_02 at MND-721-NCR2342-ATN910C-01 - IPOE VLAN interface Eth-Trunk5.-	
An error occurred: list index out of range -- Error on the IPOE IP: MND_721_HYB_03 at MND-721-NCR2342-ATN910C-01 - IPOE VLAN interface Eth-Trunk6.-	
An error occurred: list index out of range -- Error on the IPOE IP: MKT_162_VDB_01 at MKT_162_TDCAN_T910C_01_NCR381 - IPOE VLAN interface Eth-Trunk3.-	
An error occurred: list index out of range -- Error on the IPOE IP: MKT_154_VDB_01 at MKT-154-NCR2446-ATN910C-01 - IPOE VLAN interface Eth-Trunk3.-	
An error occurred: list index out of range -- Error on the IPOE IP: PSY_716_HYB_02 at PSY_716_TDCAN_910CG_01_NCR4386 - IPOE VLAN interface Eth-Trunk4.-	
An error occurred: list index out of range -- Error on the IPOE IP: PSY_714_HYB_02 at PSY-714-NCR4262-ATN910C-01 - IPOE VLAN interface Eth-Trunk4.-	
An error occurred: list index out of range -- Error on the IPOE IP: PSG_749_VDB_01 at PSG-749-NCR3954-ATN910C-01 - IPOE VLAN interface Eth-Trunk5.-	
An error occurred: list index out of range -- Error on the IPOE IP: MKT_303_VDA_01 at MKT_303_TDCAN_T910D_01_NCR3710 - IPOE VLAN interface 25GigabitEthernet0/2/13.400	
An error occurred: list index out of range -- Error on the IPOE IP: MKT_303_VDA_02 at MKT_303_TDCAN_T910D_01_NCR3710 - IPOE VLAN interface 25GigabitEthernet0/2/14.400	
An error occurred: list index out of range -- Error on the IPOE IP: QCY_215_HYB_02 at QCY-215-NCR3999-ATN910C-01 - IPOE VLAN interface Eth-Trunk4.-	
An error occurred: list index out of range -- Error on the IPOE IP: QCY_215_HYB_03 at QCY-215-NCR3999-ATN910C-01 - IPOE VLAN interface Eth-Trunk5.-	
An error occurred: list index out of range -- Error on the IPOE IP: MUN_706_VDB_02 at MUN_706_TDCAN_910CG_01_NCR2473 - IPOE VLAN interface Eth-Trunk5.-	
An error occurred: list index out of range -- Error on the AG: HATCHE-LSA01-001-NCR1296 at MANDA GTP2_TDCAG_NE8KX8_01_NCR520	[['10.175.105.57'], [], [], ['10.175.105.56'], []]

An error occurred: list index out of range -- Error on the IPOE IP: HATCHE-LSA01-001-NCR1296 at MANDA GTP2_TDCAG_NE8KX8_01_NCR520 - IPOE VLAN interface Eth-Trunk3.-	
An error occurred: list index out of range -- Error on the IPOE IP: VHBCDA-LSA01-001-NCR5992-A1 at MANDA GTP2_TDCAG_NE8KX8_02_NCR520 - IPOE VLAN interface Eth-Trunk2.-	
An error occurred: list index out of range -- Error on the IPOE IP: PSG_071_HYB_01 at MANDALUYONG_TDCAG_00X8A_01_NCR1249 - IPOE VLAN interface GigabitEthernet5/0/15.400	
An error occurred: list index out of range -- Error on the IPOE IP: STALUC-LSA01-001-NCR476 at MANDALUYONG_TDCAG_00X8A_01_NCR1249 - IPOE VLAN interface Eth-Trunk10.-	
An error occurred: list index out of range -- Error on the IPOE IP: VLZ_017_GPONA_01 at RINCONRD_TDCAN_T910D_01_NCR590 - IPOE VLAN interface 25GigabitEthernet0/2/12.400	
An error occurred: list index out of range -- Error on the IPOE IP: MND_000_VDB_01 at MND000_TDCAN_T910D_01_NCR1249 - IPOE VLAN interface Eth-Trunk3.-	
An error occurred: list index out of range -- Error on the IPOE IP: MND_000_VDB_02 at MND000_TDCAN_T910D_01_NCR1249 - IPOE VLAN interface Eth-Trunk4.-	
An error occurred: list index out of range -- Error on the IPOE IP: GLSTNT-LSA06-001-NCR7610 at GLASTONTOWERPSGNCRID_TDCAN_T950D_01_NCR7610 - IPOE VLAN interface GigabitEthernet0/4/2.400	
An error occurred: list index out of range -- Error on the IPOE IP: MND_022_GPONA_01 at SAMAT_TDCAN_T910D_01_NCR559 - IPOE VLAN interface 25GigabitEthernet0/2/10.400	
An error occurred: list index out of range -- Error on the IPOE IP: PITXDM-LSA04-001-NCR9612 at PITXTRMNLPQUENCRLS_TDCAN_T910D_01_NCR9612 - IPOE VLAN interface GigabitEthernet0/2/0.-	
An error occurred: list index out of range -- Error on the IPOE IP: PRIMEX-LSA06-001-NCR11404 at PRIMEXXHTLSNJUANNCRID_TDCAN_T950D_01_NCR11404 - IPOE VLAN interface GigabitEthernet0/4/3.-	
An error occurred: list index out of range -- Error on the IPOE IP: MKT_001_GPONA_01 at VALERO-NCR733-AGGFMN-X16A-01 - IPOE VLAN interface Eth-Trunk15.-	
An error occurred: list index out of range -- Error on the IPOE IP: ASNBPO-LSA01-001-NCR5970-A1 at VALERO-NCR733-AGGFMN-X16A-01 - IPOE VLAN interface Eth-Trunk10.400	
An error occurred: list index out of range -- Error on the IPOE IP: ECHELN-LSA01-001-NCR2076 at VALERO-NCR733-AGGFMN-X16A-01 - IPOE VLAN interface Eth-Trunk10.-	
An error occurred: list index out of range -- Error on the IPOE IP: FILCYB-LSA01-001-NCR5988 at VALERO-NCR733-AGGFMN-X16A-01 - IPOE VLAN interface Eth-Trunk18.-	
An error occurred: list index out of range -- Error on the IPOE IP: FUERZA-LSA01-001-NCR5987 at VALERO-NCR733-AGGFMN-X16A-01 - IPOE VLAN interface Eth-Trunk16.-	
An error occurred: list index out of range -- Error on the IPOE IP: LEGRAN-LSA01-001-NCR5989 at VALERO-NCR733-AGGFMN-X16A-01 - IPOE VLAN interface Eth-Trunk10.-	
An error occurred: list index out of range -- Error on the IPOE IP: VISTAH-LSA01-001-NCR5986 at VALERO-NCR733-AGGFMN-X16A-01 - IPOE VLAN interface Eth-Trunk16.-	
An error occurred: list index out of range -- Error on the IPOE IP: WCCENT-LSA01-001-NCR5078 at VALERO-NCR733-AGGFMN-X16A-01 - IPOE VLAN interface Eth-Trunk15.-	
An error occurred: list index out of range -- Error on the IPOE IP: POBLN2-LSA01-001-NCR5998 at VALERO-NCR733-AGGFMN-X16A-01 - IPOE VLAN interface GigabitEthernet9/1/11.-	
An error occurred: list index out of range -- Error on the IPOE IP: WSHGTN-LSA01-001-NCR940-A1 at VALERO-NCR733-AGGFMN-X16A-01 - IPOE VLAN interface Eth-Trunk18.-	
An error occurred: list index out of range -- Error on the IPOE IP: HATCHE-LSA01-001-NCR1296 at VALERO-NCR733-AGGFMN-X16A-01 - IPOE VLAN interface Eth-Trunk10.-	
An error occurred: list index out of range -- Error on the IPOE IP: SMIMOA-LSA04-001-NCR9864 at VALERO-NCR733-AGGFMN-X16A-01 - IPOE VLAN interface Eth-Trunk19.-	
An error occurred: list index out of range -- Error on the IPOE IP: JSYPLT-LSA07-001-NCR10041 at VALERO-NCR733-AGGFMN-X16A-01 - IPOE VLAN interface Eth-Trunk19.-	
An error occurred: list index out of range -- Error on the IPOE IP: PTRIAC-LSA01-001-NCR7611 at VALERO-NCR733-AGGFMN-X16A-01 - IPOE VLAN interface Eth-Trunk19.-	
An error occurred: list index out of range -- Error on the IPOE IP: WESTND-LSA01-001-NCR8488 at VALERO-NCR733-AGGFMN-X16A-01 - IPOE VLAN interface Eth-Trunk19.-	
An error occurred: list index out of range -- Error on the IPOE IP: ASNAVE-LSA07-001-NCR10122 at VALERO-NCR733-AGGFMN-X16A-01 - IPOE VLAN interface Eth-Trunk19.-	
An error occurred: list index out of range -- Error on the IPOE IP: BGCCOR-LSA06-001-NCR8408 at VALERO-NCR733-AGGFMN-X16A-01 - IPOE VLAN interface Eth-Trunk16.-	
An error occurred: list index out of range -- Error on the IPOE IP: SATRGA-LSA04-001-NCR8556 at VALERO-NCR733-AGGFMN-X16A-01 - IPOE VLAN interface Eth-Trunk16.-	
An error occurred: list index out of range -- Error on the IPOE IP: TPROSR-LSA07-001-NCR10141 at VALERO-NCR733-AGGFMN-X16A-01 - IPOE VLAN interface Eth-Trunk19.-	
An error occurred: list index out of range -- Error on the IPOE IP: MKT_001_GPONA_01 at VALERO-NCR733-AGGFMN-X16A-02 - IPOE VLAN interface Eth-Trunk15.-	
An error occurred: list index out of range -- Error on the AG: 100WST-LSA01-001-NCR7603-A1 at ERMITA-NCR761-TRS_DC_AG-R6-03	[['10.198.170.10'], ['10.198.170.8']]

An error occurred: list index out of range -- Error on the IPOE IP: 100WST-LSA01-001-NCR7603-A1 at ERMITA-NCR761-TRS_DC_AG-R6-03 - IPOE VLAN interface GigabitEthernet2/1/1.-	
An error occurred: list index out of range -- Error on the IPOE IP: JOLTWR-LSA01-001-NCR8399-A1 at MANDALUYONG-NCR1249-TRS_DC_AG-R1-01 - IPOE VLAN interface Eth-Trunk15.405	
An error occurred: list index out of range -- Error on the IPOE IP: UNIOIL-LSA06-001-NCR9403-A1 at MANDALUYONG-NCR1249-TRS_DC_AG-R1-01 - IPOE VLAN interface Eth-Trunk15.-	
An error occurred: list index out of range -- Error on the IPOE IP: QCY_051_HYB_01 at ROXAS DISTRICT-NCR1070-TRS_DC_AG-R2-01 - IPOE VLAN interface GigabitEthernet3/0/8.400	
An error occurred: list index out of range -- Error on the IPOE IP: QCY_019_GPONA_02 at ROXAS DISTRICT-NCR1070-TRS_DC_AG-R2-01 - IPOE VLAN interface Eth-Trunk6.400	
An error occurred: list index out of range -- Error on the IPOE IP: QCY_038_GPONA_01 at VSK-NCR1255-TRS_DC_AG-R6-01 - IPOE VLAN interface GigabitEthernet3/0/7.400	
An error occurred: list index out of range -- Error on the IPOE IP: QCY_019_GPONA_02 at AURORA-NCR206-TRS_DC_AGG-R0-02 - IPOE VLAN interface Eth-Trunk20.-	
An error occurred: list index out of range -- Error on the IPOE IP: SMMGST-LSA04-001-NCR10184 at SMMEGAB_TDCAN_T980C_01_NCR3388 - IPOE VLAN interface GigabitEthernet0/4/2.400	
An error occurred: list index out of range -- Error on the IPOE IP: MND_029_VDB_01 at PODIUM_TDCAN_T980C_01_NCR720 - IPOE VLAN interface Eth-Trunk1.-	
An error occurred: list index out of range -- Error on the IPOE IP: PSG_072_VDB_01 at GALLERIA_TDCAN_T980C_01_NCR701 - IPOE VLAN interface Eth-Trunk3.-	
An error occurred: list index out of range -- Error on the IPOE IP: PSG_067_VDB_01 at EXCHANDRV_TDCAN_T950C_01_NCR1996 - IPOE VLAN interface Eth-Trunk1.-	
An error occurred: list index out of range -- Error on the IPOE IP: PSG_066_VDB_01 at ORIENTSQ_TDCAN_T980C_01_NCR718 - IPOE VLAN interface Eth-Trunk1.-	
An error occurred: list index out of range -- Error on the IPOE IP: SVYAFC-LSA07-001-NCR10136 at COLBRAVOSTAG_TDCAN_T980C_01_NCR3026 - IPOE VLAN interface GigabitEthernet0/4/2.400	
An error occurred: list index out of range -- Error on the IPOE IP: TGG_774_VDB_01 at PACIFICSTHTWR-NCR3430-TRS_DC_MAN-R8R8_L6-01 - IPOE VLAN interface GigabitEthernet0/2/0.-	
An error occurred: list index out of range -- Error on the IPOE IP: TGG_049_HYB_01 at FAIRWAY-NCR1797-TRS_DC_MAN-R8R8_L7-01 - IPOE VLAN interface Eth-Trunk1.-	
An error occurred: list index out of range -- Error on the IPOE IP: TGG_102_VDB_01 at SERENDIST2_TDCAN_T980C_01_NCR2000 - IPOE VLAN interface Eth-Trunk1.-	
An error occurred: list index out of range -- Error on the IPOE IP: MKT_798_HYB_01 at COLUMNONE_TDCAN_T950D_01_NCR2914 - IPOE VLAN interface Eth-Trunk1.-	
An error occurred: list index out of range -- Error on the IPOE IP: PSG_069_VDB_01 at ESTANCIAMALL_TDCAN_T980C_01_NCR3756 - IPOE VLAN interface GigabitEthernet0/3/2.-	
An error occurred: list index out of range -- Error on the IPOE IP: INFCEN-LSA06-001-NCR11883 at UPTOWNBPOBGC_TDCAN_T980C_01_NCR4408 - IPOE VLAN interface GigabitEthernet0/5/3.-	
An error occurred: list index out of range -- Error on the IPOE IP: PSY_610_VDB_01 at MIAACTR1_TDCAN_T980C_01_NCR2609 - IPOE VLAN interface GigabitEthernet0/7/7.-	
An error occurred: list index out of range -- Error on the IPOE IP: VHBCDA-LSA01-001-NCR5992-A1 at MANDALUYONG-NCR1249-TRS_DC_AG-R1-02 - IPOE VLAN interface Eth-Trunk26.-	
An error occurred: list index out of range -- Error on the IPOE IP: MND_002_GPONA_01 at AURORA-NCR206-TRS_DC_AG-R0-01 - IPOE VLAN interface Eth-Trunk10.-	
An error occurred: list index out of range -- Error on the IPOE IP: PQE_004_GPONA_01 at SUCAT-NCR1030-TRS_DC_AG-R5-01 - IPOE VLAN interface Eth-Trunk16.400	
An error occurred: list index out of range -- Error on the IPOE IP: GLSTWR-LSA06-001-NCR11137 at GLASTOWERPSGNCRID_TDCAN_T980C_01_NCR11137 - IPOE VLAN interface GigabitEthernet0/3/2.400	
An error occurred: list index out of range -- Error on the IPOE IP: WLMNTI-LSA06-001-NCR11707 at WALTERMARTMUNTINCRID_TDCAN_T980C_01_NCR11707 - IPOE VLAN interface GigabitEthernet0/4/2.-	
An error occurred: list index out of range -- Error on the IPOE IP: ARTWST-LSA07-001-NCR10376 at ARTONWSTOWERQCNCRID_TDCAN_T980C_01_NCR10376 - IPOE VLAN interface GigabitEthernet0/4/2.400	
An error occurred: list index out of range -- Error on the IPOE IP: SMGRAN-LSA04-001-NCR9582 at SMGCENTRALECALNCRID_TDCAN_T980C_01_NCR9582 - IPOE VLAN interface GigabitEthernet0/3/1.-	
An error occurred: list index out of range -- Error on the IPOE IP: AFTWER-LSA06-001-NCR8661 at ALVEOFNCETWRMKTNCRID_TDCAN_T980C_01_NCR8661 - IPOE VLAN interface GigabitEthernet0/3/2.400	
An error occurred: list index out of range -- Error on the IPOE IP: TORLZM-LSA06-001-NCR10350 at TORRELORENZOMLANCRID_TDCAN_T980C_01_NCR10350 - IPOE VLAN interface GigabitEthernet0/4/1.400	
An error occurred: list index out of range -- Error on the IPOE IP: SMDCAR-LSA07-001-NCR10103 at AIRMALLMKTNCRID_TDCAN_T980C_01_NCR10373 - IPOE VLAN interface GigabitEthernet0/4/3.400	
An error occurred: list index out of range -- Error on the IPOE IP: CYBTWR-LSA06-001-NCR8161 at CYBERPRK1QC_TDCAN_T980C_01_NCR5080 - IPOE VLAN interface GigabitEthernet0/4/3.400	
An error occurred: list index out of range -- Error on the IPOE IP: RISEMK-LSA01-001-NCR7275-A1 at THERISEMAKATI-NCR7275-TRS_DC_MAN-R0R0_L0LTE-01 - IPOE VLAN interface GigabitEthernet0/4/1.-	
An error occurred: list index out of range -- Error on the IPOE IP: MKT_308_VDB_01 at ALPHAMKTI-NCR3502-TRS_DC_MAN-R0R8_L13-01 - IPOE VLAN interface Eth-Trunk1.-	
An error occurred: list index out of range -- Error on the IPOE IP: MLSTON-LSA01-001-NCR7439-A1 at MILESTONEATFIFTH-NCR7439-TRS_DC_MAN-R8R8_L6LTE-01 - IPOE VLAN interface GigabitEthernet0/4/3.-	
An error occurred: list index out of range -- Error on the IPOE IP: RSQURE-LSA06-001-NCR9121 at RSQREPLAZAMLANCRID_TDCAN_T980C_01_NCR9121 - IPOE VLAN interface GigabitEthernet0/2/0.400	
An error occurred: list index out of range -- Error on the IPOE IP: PTR_001_GPONA_01 at VALERO-NCR733-AGGFN-X8-02 - IPOE VLAN interface GigabitEthernet1/0/23.-	
An error occurred: list index out of range -- Error on the IPOE IP: MKT_001_GPONA_01 at VALERO-NCR733-AGGFN-X8-02 - IPOE VLAN interface GigabitEthernet4/1/7.400	
An error occurred: list index out of range -- Error on the IPOE IP: MKT_001_GPONA_02 at VALERO-NCR733-AGGFN-X8-02 - IPOE VLAN interface GigabitEthernet4/1/7.400	
An error occurred: list index out of range -- Error on the IPOE IP: ASNBPO-LSA01-001-NCR5970-A1 at VALERO-NCR733-AGGFN-X8-02 - IPOE VLAN interface GigabitEthernet5/1/9.-	
An error occurred: list index out of range -- Error on the IPOE IP: ECHELN-LSA01-001-NCR2076 at VALERO-NCR733-AGGFN-X8-02 - IPOE VLAN interface GigabitEthernet8/0/23.-	
An error occurred: list index out of range -- Error on the IPOE IP: WCCENT-LSA01-001-NCR5078 at VALERO-NCR733-AGGFN-X8-02 - IPOE VLAN interface GigabitEthernet5/1/5.-	
An error occurred: list index out of range -- Error on the IPOE IP: HATCHE-LSA01-001-NCR1296 at VALERO-NCR733-AGGFN-X8-02 - IPOE VLAN interface GigabitEthernet5/1/5.-	
An error occurred: list index out of range -- Error on the IPOE IP: ANCHOR-LSA06-001-NCR9581 at VALERO-NCR733-AGGFN-X8-02 - IPOE VLAN interface GigabitEthernet5/1/9.-	
An error occurred: list index out of range -- Error on the IPOE IP: 100WST-LSA01-001-NCR7603-A1 at VALERO-NCR733-AGGFN-X8-02 - IPOE VLAN interface GigabitEthernet5/1/6.-	
An error occurred: list index out of range -- Error on the IPOE IP: RUFINO-LSA01-001-NCR959-A1 at VALERO-NCR733-AGGFN-X8-02 - IPOE VLAN interface GigabitEthernet5/1/9.-	
An error occurred: list index out of range -- Error on the IPOE IP: PTR_001_GPONA_01 at VALERO-NCR733-AGGFN-X8-01 - IPOE VLAN interface GigabitEthernet4/0/6.-	
An error occurred: list index out of range -- Error on the IPOE IP: PSY_002_GPONA_01 at VALERO-NCR733-AGGFN-X8-01 - IPOE VLAN interface GigabitEthernet5/0/10.400	
An error occurred: list index out of range -- Error on the IPOE IP: MLSTON-LSA01-001-NCR7439-A1 at VALERO-NCR733-AGGFN-X8-01 - IPOE VLAN interface GigabitEthernet4/0/6.-	
An error occurred: list index out of range -- Error on the IPOE IP: RISEMK-LSA01-001-NCR7275-A1 at VALERO-NCR733-AGGFN-X8-01 - IPOE VLAN interface GigabitEthernet4/0/6.-	
An error occurred: list index out of range -- Error on the IPOE IP: VHBCDA-LSA01-001-NCR5992-A1 at VALERO-NCR733-AGGFN-X8-01 - IPOE VLAN interface GigabitEthernet4/0/5.-	
An error occurred: list index out of range -- Error on the IPOE IP: VALERO-LSA01-002-NCR733 at VALERO-NCR733-AGGFN-X8-01 - IPOE VLAN interface GigabitEthernet4/0/5.-	
An error occurred: list index out of range -- Error on the IPOE IP: MAAX02-LSA01-001-NCR8359-A1 at VALERO-NCR733-AGGFN-X8-01 - IPOE VLAN interface GigabitEthernet4/1/8.-	
An error occurred: list index out of range -- Error on the IPOE IP: CAPHTC-LSA01-001-NCR6548-A1 at VALERO-NCR733-AGGFN-X8-01 - IPOE VLAN interface GigabitEthernet4/1/8.-	
An error occurred: list index out of range -- Error on the IPOE IP: ECOPRM-LSA01-001-NCR7643-A1 at VALERO-NCR733-AGGFN-X8-01 - IPOE VLAN interface GigabitEthernet4/0/6.-	
An error occurred: list index out of range -- Error on the IPOE IP: BGCCOR-LSA06-001-NCR8408 at VALERO-NCR733-AGGFN-X8-01 - IPOE VLAN interface GigabitEthernet4/1/8.-	
An error occurred: list index out of range -- Error on the IPOE IP: MKT_313_ADSLA_01 at Ermita-NCR761-AGFN-X2-M8-01 - IPOE VLAN interface GigabitEthernet0/2/8.400	
An error occurred: list index out of range -- Error on the IPOE IP: PSY_012_HYB_01 at Ermita-NCR761-AGFN-X2-M8-01 - IPOE VLAN interface GigabitEthernet0/5/3.400	
An error occurred: list index out of range -- Error on the IPOE IP: TGG_004_GPONA_01 at BONI-NCR1296-AGFN-X2-M8-01 - IPOE VLAN interface GigabitEthernet0/3/2.400	
An error occurred: list index out of range -- Error on the IPOE IP: TAY_001_GPONA_01 at MANDA-NCR1249-AGGFN-X8-01 - IPOE VLAN interface GigabitEthernet1/1/8.400	
An error occurred: list index out of range -- Error on the IPOE IP: PSG_063_GPONA_01 at MANDA-NCR1249-AGGFN-X8-01 - IPOE VLAN interface GigabitEthernet1/0/10.400	
An error occurred: list index out of range -- Error on the IPOE IP: CLC_003_GPONA_01 at Espana-NCR285-AGFN-X2-M8-01 - IPOE VLAN interface GigabitEthernet0/5/1.400	
An error occurred: list index out of range -- Error on the IPOE IP: TGG_032_GPONA_01 at OGP-NCR2678-AGFN-X2-M8-01 - IPOE VLAN interface GigabitEthernet0/1/0.400	
An error occurred: list index out of range -- Error on the IPOE IP: TGG_002_GPONA_01 at OGP-NCR2678-AGFN-X2-M8-01 - IPOE VLAN interface GigabitEthernet0/5/1.400	
An error occurred: list index out of range -- Error on the IPOE IP: TAY_001_GPONA_02 at Marikina-NCR442-AGGFN-X8-01 - IPOE VLAN interface GigabitEthernet7/0/10.400	
An error occurred: list index out of range -- Error on the IPOE IP: PSG_071_HYB_01 at Marikina-NCR442-AGGFN-X8-01 - IPOE VLAN interface GigabitEthernet3/0/2.400	
An error occurred: list index out of range -- Error on the file name: 10.81.22.27_AURORA-NCR206-AGGFN-X8-01.log

An error occurred: list index out of range -- Error on the IPOE IP: QCY_101_GPONA_01 at AURORA-NCR206-AGGFN-X8A-01 - IPOE VLAN interface Eth-Trunk10.400	
An error occurred: list index out of range -- Error on the IPOE IP: PQE_028_HYB_01 at KINGSFRDHTLPQUENCRID_TDCAN_T980C_01_NCR8713 - IPOE VLAN interface GigabitEthernet0/3/1.-	
An error occurred: list index out of range -- Error on the IPOE IP: SMRCOR-LSA04-001-NCR8633 at SMCORPOFFA1PSYNCRID_TDCAN_T980C_01_NCR8633 - IPOE VLAN interface GigabitEthernet0/2/0.-	
An error occurred: list index out of range -- Error on the IPOE IP: MND_026_HYB_01 at FAMERESIMANDAID_TDCAN_T980C_R0R5_01_NCR9597 - IPOE VLAN interface Eth-Trunk1.-	
An error occurred: list index out of range -- Error on the IPOE IP: MND_026_HYB_02 at FAMERESIMANDAID_TDCAN_T980C_R0R5_01_NCR9597 - IPOE VLAN interface Eth-Trunk2.-	
An error occurred: list index out of range -- Error on the IPOE IP: MND_026_HYB_03 at FAMERESIMANDAID_TDCAN_T980C_R0R5_01_NCR9597 - IPOE VLAN interface Eth-Trunk3.-	
An error occurred: list index out of range -- Error on the IPOE IP: WLTRQC-LSA04-001-NCR9628 at WALTERMARTRODQCNCRID_TDCAN_T980C_01_NCR9628 - IPOE VLAN interface GigabitEthernet0/2/1.-	
An error occurred: list index out of range -- Error on the IPOE IP: MAL_102_VDA_01 at MAL_102_TDCAN_910B_01_NL1258 - IPOE VLAN interface GigabitEthernet0/2/16.-	
An error occurred: list index out of range -- Error on the IPOE IP: ROBLAU-LSA04-001-NL3617 at ROBINSONPLACESFERNLUID_TDCAN_T980C_ 01_NL3617 - IPOE VLAN interface GigabitEthernet0/3/1.-	
An error occurred: list index out of range -- Error on the AG: TRL_707_GPONA_01 at TRL-707-NL1731-ATN910C-01	[['10.81.22.35']]

An error occurred: list index out of range -- Error on the IPOE IP: SMTUGU-LSA04-001-NL4066 at SMCITYTUGUEGARAOTUGUECAGLS_TDCAN_T980C_01_NL4066 - IPOE VLAN interface GigabitEthernet0/4/2.-	
An error occurred: list index out of range -- Error on the IPOE IP: WLTBLG-LSA04-001-NL4063 at WALTERMRTBALIUAGBLIUAGBULID_TDCAN_T980C_01_NL4063 - IPOE VLAN interface GigabitEthernet0/3/3.400	
An error occurred: list index out of range -- Error on the IPOE IP: ROBGPN-LSA04-001-NL3670 at ROBINSONPLACEGAPANGAPANNEID_TDCAN_910CG_01_NL3670 - IPOE VLAN interface GigabitEthernet0/2/3.-	
An error occurred: list index out of range -- Error on the IPOE IP: NCIAIR-LSA06-001-NL5475 at CLARKINTLAIRPTANGELSPAMLS_TDCAN_910D_01_NL5475 - IPOE VLAN interface 25GigabitEthernet0/2/10.400	
An error occurred: list index out of range -- Error on the IPOE IP: SMBTAN-LSA07-001-NL4064 at SMCITYBATAANBLANGABATLS_TDCAN_910D_01_NL4064 - IPOE VLAN interface 25GigabitEthernet0/2/10.400	
An error occurred: list index out of range -- Error on the IPOE IP: TGR_001_GPONA_01 at TUGUEGARAO-NL842-TRS_DC_AG-R2-02 - IPOE VLAN interface GigabitEthernet7/0/0.-	
An error occurred: list index out of range -- Error on the IPOE IP: SFP_607_GPONA_01 at TARLAC-NL1576-AGGFMN-X16A-01 - IPOE VLAN interface VE10/0/0.-	
An error occurred: list index out of range -- Error on the IPOE IP: SKYTCH-LSA01-001-NL3274 at TARLAC-NL1576-AGGFMN-X16A-01 - IPOE VLAN interface Eth-Trunk15.-	
An error occurred: list index out of range -- Error on the IPOE IP: SMDGPN-LSA01-001-NL3081 at TARLAC-NL1576-AGGFMN-X16A-01 - IPOE VLAN interface Eth-Trunk15.-	
An error occurred: list index out of range -- Error on the IPOE IP: SNJODM-LSA01-001-NL583-A1 at TARLAC-NL1576-AGGFMN-X16A-01 - IPOE VLAN interface Eth-Trunk15.-	
An error occurred: list index out of range -- Error on the IPOE IP: TRLAC1-LSA01-001-NL39 at TARLAC-NL1576-AGGFMN-X16A-01 - IPOE VLAN interface Eth-Trunk15.-	
An error occurred: list index out of range -- Error on the IPOE IP: DOMHIL-LSA01-001-NL482 at TARLAC-NL1576-AGGFMN-X16A-01 - IPOE VLAN interface Eth-Trunk15.-	
An error occurred: list index out of range -- Error on the IPOE IP: SFLU4C-LSA01-001-NL704-A1 at TARLAC-NL1576-AGGFMN-X16A-01 - IPOE VLAN interface Eth-Trunk15.-	
An error occurred: list index out of range -- Error on the IPOE IP: URDNTA-LSA01-001-NL805 at TARLAC-NL1576-AGGFMN-X16A-01 - IPOE VLAN interface Eth-Trunk15.-	
An error occurred: list index out of range -- Error on the IPOE IP: HACLUI-LSA01-001-NL47 at TARLAC-NL1576-AGGFMN-X16A-01 - IPOE VLAN interface Eth-Trunk15.-	
An error occurred: list index out of range -- Error on the IPOE IP: CLRKPM-LSA01-001-NL2489 at TARLAC-NL1576-AGGFMN-X16A-01 - IPOE VLAN interface Eth-Trunk15.-	
An error occurred: list index out of range -- Error on the IPOE IP: CLARK2-LSA06-001-NL125 at TARLAC-NL1576-AGGFMN-X16A-01 - IPOE VLAN interface Eth-Trunk15.-	
An error occurred: list index out of range -- Error on the IPOE IP: SMCSKY-LSA04-001-NL4060 at TARLAC-NL1576-AGGFMN-X16A-01 - IPOE VLAN interface Eth-Trunk73.-	
An error occurred: list index out of range -- Error on the IPOE IP: TWAERO-LSA01-001-NL3175 at TARLAC-NL1576-AGGFMN-X16A-01 - IPOE VLAN interface Eth-Trunk15.-	
An error occurred: list index out of range -- Error on the IPOE IP: SFP_607_GPONA_01 at TARLAC-NL1576-AGGFMN-X16A-02 - IPOE VLAN interface VE10/0/0.-	
An error occurred: list index out of range -- Error on the IPOE IP: PUL_702_VDB_01 at SMPULILAN_TDCAN_980C_01_NL2958 - IPOE VLAN interface Eth-Trunk1.-	
An error occurred: list index out of range -- Error on the IPOE IP: VSMPPG-LSA04-001-NL3476-A1 at VISTAMALLSFERNPAM-NL3476-TRS_DC_MAN-R5R8_L009-01 - IPOE VLAN interface GigabitEthernet0/4/1.-	
An error occurred: list index out of range -- Error on the IPOE IP: CTN_001_GPONA_01 at CABATUAN_TDCAN_T910D_01_NL931 - IPOE VLAN interface 25GigabitEthernet0/2/15.400	
An error occurred: list index out of range -- Error on the IPOE IP: CTN_001_GPONA_02 at CABATUAN_TDCAN_T910D_01_NL931 - IPOE VLAN interface 25GigabitEthernet0/2/23.400	
An error occurred: list index out of range -- Error on the IPOE IP: SMDGPN-LSA01-001-NL3081 at SMDAGUPAN_TDCAN_T950D_01_NL3081 - IPOE VLAN interface GigabitEthernet0/3/7.-	
An error occurred: list index out of range -- Error on the IPOE IP: SMOLCE-LSA01-001-NL3323 at SMCENTRALOLONGAZAM-TDCAN_T980C_R8R8_01_NL3323 - IPOE VLAN interface GigabitEthernet0/2/4.-	
An error occurred: list index out of range -- Error on the IPOE IP: VSMBAT-LSA01-001-NL3500-A1 at VISTAMALLBLANGABATID-NL3500-TRS_DC_MAN-R8R7_L017-01 - IPOE VLAN interface GigabitEthernet0/3/7.-	
An error occurred: list index out of range -- Error on the IPOE IP: ALM_002_GPONA_02 at SROQUEALMNOSPGSN-NL2884-TRS_DC_MAN-R7R7_L004-01 - IPOE VLAN interface GigabitEthernet0/1/1.-	
An error occurred: list index out of range -- Error on the IPOE IP: ALM_002_GPONA_02 at TCMCRSNROQUEALMNOSPGSN_TDCAN_T950C_01_NL2884 - IPOE VLAN interface GigabitEthernet0/1/1.-	
An error occurred: list index out of range -- Error on the IPOE IP: WLTRBA-LSA04-001-NL3655 at WALTERMRTBLANGABATID-TDCAN_T980C_R8R8_01_NL3655 - IPOE VLAN interface GigabitEthernet0/2/1.-	
An error occurred: list index out of range -- Error on the IPOE IP: WTCPAS-LSA04-001-NL4059 at WALTERMARTCAPAS-TDCAN_T980C_R0R5_01_NL4059 - IPOE VLAN interface GigabitEthernet0/1/4.-	
An error occurred: list index out of range -- Error on the IPOE IP: WTMALS-LSA04-001-NL3668 at WALTERMARTMALOLOS-TDCAN_T980C_01_NL3668 - IPOE VLAN interface GigabitEthernet0/2/6.-	
An error occurred: list index out of range -- Error on the IPOE IP: MPD_701_HYB_01 at MAPANDAN_TDCAN_T980C_01_NL779 - IPOE VLAN interface Eth-Trunk3.-	
An error occurred: list index out of range -- Error on the IPOE IP: TLV_003_GPONA_01 at TLVERATWN_TDCAN_910D_01_NL1405 - IPOE VLAN interface 25GigabitEthernet0/2/20.400	
An error occurred: list index out of range -- Error on the AG: PRD_001_GPONA_01 at PLARIDEL(ATN950C)-NL544-TRS_DC_MAN-R5R5-01	[['10.175.27.52'], []]

An error occurred: list index out of range -- Error on the AG: MBL_003_GPONA_01 at DAU1_TDCAN_T980C_01_NL127	[['10.175.27.50'], []]

An error occurred: list index out of range -- Error on the AG: ROBTUG-LSA01-001-NL2971-A1 at Tarlac1-NL1576-AGGFN-X8-01	[['10.175.27.44'], []]

An error occurred: list index out of range -- Error on the IPOE IP: ROBTUG-LSA01-001-NL2971-A1 at Tarlac1-NL1576-AGGFN-X8-01 - IPOE VLAN interface GigabitEthernet5/0/1.-	
An error occurred: list index out of range -- Error on the IPOE IP: CMB_709_HYB_01 at CMB-709-SL2124-ATN910C-01 - IPOE VLAN interface Eth-Trunk3.-	
An error occurred: list index out of range -- Error on the IPOE IP: DSM_607_VDB_01 at BCDS_607_TDCAN_T910D_01_SL1287 - IPOE VLAN interface 25GigabitEthernet0/2/19.400	
An error occurred: list index out of range -- Error on the IPOE IP: SPO_601_VDB_01 at SPO_601_TDCAN_910D_01_SL1475 - IPOE VLAN interface Eth-Trunk4.-	
An error occurred: list index out of range -- Error on the IPOE IP: SPO_606_VDB_01 at SPO_606_TDCAN_910D_01_SL1695 - IPOE VLAN interface Eth-Trunk5.-	
An error occurred: list index out of range -- Error on the IPOE IP: BTY_111_VDB_01 at BTY_111_TDCAN_910CB_01_SL2563 - IPOE VLAN interface Eth-Trunk5.-	
An error occurred: list index out of range -- Error on the IPOE IP: DSM_126_HYB_01 at DSM_126_TDCAN_910D_01_SL2651 - IPOE VLAN interface Eth-Trunk3.-	
An error occurred: list index out of range -- Error on the IPOE IP: PPR_701_VDB_01 at PPR_701_TDCAN_910CB_01_SL2383 - IPOE VLAN interface Eth-Trunk3.-	
An error occurred: list index out of range -- Error on the IPOE IP: TGY_501_HYB_01 at TGY_501_TDCAN_910CG_01_SL3238 - IPOE VLAN interface Eth-Trunk3.-	
An error occurred: list index out of range -- Error on the IPOE IP: NVL_101_HYB_01 at NVL_101_TDCAN_910CG_01_SL2519 - IPOE VLAN interface Eth-Trunk3.400	
An error occurred: list index out of range -- Error on the IPOE IP: TNT_101_VDB_01 at TNT_101_TDCAN_910CG_01_SL2558 - IPOE VLAN interface Eth-Trunk4.-	
An error occurred: list index out of range -- Error on the IPOE IP: TNZ_104_HYB_01 at TNZ_104_TDCAN_910D_01_SL2559 - IPOE VLAN interface Eth-Trunk3.-	
An error occurred: list index out of range -- Error on the IPOE IP: GNR_101_VDB_01 at GNR_101_TDCAN_910D_01_SL2747 - IPOE VLAN interface Eth-Trunk3.-	
An error occurred: list index out of range -- Error on the IPOE IP: CMO_702_HYB_01 at CMO_702_TDCAN_910D_01_SL1428 - IPOE VLAN interface Eth-Trunk3.-	
An error occurred: list index out of range -- Error on the IPOE IP: SPO_701_HYB_01 at SPO_701_TDCAN_910D_01_SL1846 - IPOE VLAN interface Eth-Trunk3.-	
An error occurred: list index out of range -- Error on the IPOE IP: DSM_117_HYB_01 at DSM_117_TDCAN_910CG_01_SL2635 - IPOE VLAN interface Eth-Trunk4.-	
An error occurred: list index out of range -- Error on the IPOE IP: WLTRMO-LSA04-001-SL5328 at WALTERMRTBACOORCVTID_TDCAN_T980C_R6R6_01_SL5328 - IPOE VLAN interface GigabitEthernet0/3/1.-	
An error occurred: list index out of range -- Error on the IPOE IP: MLV_701_VDB_01 at MLV-701-SL2006-ATN910C-01 - IPOE VLAN interface Eth-Trunk3.-	
An error occurred: list index out of range -- Error on the IPOE IP: RSR_103_VDB_01 at RSR-103-SL2524-ATN910C-01 - IPOE VLAN interface Eth-Trunk3.-	
An error occurred: list index out of range -- Error on the IPOE IP: RSR_102_VDB_01 at RSR-102-SL2523-ATN910C-01 - IPOE VLAN interface Eth-Trunk3.-	
An error occurred: list index out of range -- Error on the IPOE IP: RSR_101_VDB_01 at RSR-101-SL2522-ATN910C-01 - IPOE VLAN interface Eth-Trunk3.-	
An error occurred: list index out of range -- Error on the IPOE IP: GNR_107_VDB_01 at GNR-107-SL2748-ATN910C-01 - IPOE VLAN interface Eth-Trunk3.-	
An error occurred: list index out of range -- Error on the IPOE IP: SRSGON-LSA04-001-SL5327 at SMCTYSORGONSORSOGSORLS_TDCAN_T980C_01_SL5327 - IPOE VLAN interface GigabitEthernet0/4/3.-	
An error occurred: list index out of range -- Error on the IPOE IP: LOY_001_GPONA_01 at LGONOY_TDCAN_T980C_01_SL661 - IPOE VLAN interface Eth-Trunk1.400	
An error occurred: list index out of range -- Error on the IPOE IP: SJO_300_GPONA_01 at SNJSCS_TDCAN_T910D_01_SL674 - IPOE VLAN interface Eth-Trunk1.400	
An error occurred: list index out of range -- Error on the IPOE IP: SMTNZA-LSA06-001-SL5580 at SMDAANGAMAYA3TANZACVTLS_TDCAN_T980C_01_SL5580 - IPOE VLAN interface GigabitEthernet0/4/2.400	
An error occurred: list index out of range -- Error on the IPOE IP: TNZ_001_GPONA_02 at TNZ_001_TDCAN_T910D_01_SL727 - IPOE VLAN interface Eth-Trunk4.400	
An error occurred: list index out of range -- Error on the IPOE IP: TNZ_001_GPONA_01 at TNZ_001_TDCAN_T910D_01_SL727 - IPOE VLAN interface Eth-Trunk3.400	
An error occurred: list index out of range -- Error on the IPOE IP: TNZ_001_GPONA_03 at TNZ_001_TDCAN_T910D_01_SL727 - IPOE VLAN interface Eth-Trunk5.400	
An error occurred: list index out of range -- Error on the IPOE IP: IMS_001_GPONA_04 at IMS_001_TDCAN_T910D_01_SL715 - IPOE VLAN interface Eth-Trunk6.400	
An error occurred: list index out of range -- Error on the IPOE IP: IMS_001_GPONA_03 at IMS_001_TDCAN_T910D_01_SL715 - IPOE VLAN interface Eth-Trunk5.400	
An error occurred: list index out of range -- Error on the IPOE IP: IMS_001_GPONA_02 at IMS_001_TDCAN_T910D_01_SL715 - IPOE VLAN interface Eth-Trunk4.400	
An error occurred: list index out of range -- Error on the IPOE IP: IMS_001_GPONA_01 at IMS_001_TDCAN_T910D_01_SL715 - IPOE VLAN interface GigabitEthernet0/2/5.400	
An error occurred: list index out of range -- Error on the IPOE IP: ONECRP-LSA07-001-SL6266 at ONECORPLAGTRIASCVTID_TDCAN_T950D_01_SL6266 - IPOE VLAN interface GigabitEthernet0/4/3.-	
An error occurred: list index out of range -- Error on the IPOE IP: SMSTOM-LSA07-001-SL5597 at SMCITYSTOMASBATSLS_TDCAN_T950D_01_SL5597 - IPOE VLAN interface GigabitEthernet0/4/3.-	
An error occurred: list index out of range -- Error on the IPOE IP: GOA_002_GPONA_01 at POBGOA_TDCAN_T910D_01_SL2925 - IPOE VLAN interface Eth-Trunk1.400	
An error occurred: list index out of range -- Error on the IPOE IP: VSTMOL-LSA01-001-SL3873-A1 at BACOOR-SL565-AGGFMN-X16A-01 - IPOE VLAN interface Eth-Trunk6.-	
An error occurred: list index out of range -- Error on the IPOE IP: SJO_300_GPONA_01 at SAGNAY_TDCAN_T980C_01_SL747 - IPOE VLAN interface Eth-Trunk2.400	
An error occurred: list index out of range -- Error on the IPOE IP: LOY_001_GPONA_01 at SAGNAY_TDCAN_T980C_01_SL747 - IPOE VLAN interface Eth-Trunk2.400	
An error occurred: list index out of range -- Error on the IPOE IP: GOA_002_GPONA_01 at SAGNAY_TDCAN_T980C_01_SL747 - IPOE VLAN interface Eth-Trunk2.400	
An error occurred: list index out of range -- Error on the AG: SRS_008_GPONA_01 at DILASTROSALAG(ATN980C)_TDCAN_01_SL2440	[['10.175.52.54'], []]

An error occurred: list index out of range -- Error on the IPOE IP: VSMMLN-LSA04-001-SL4331-A1 at VISTAMALLMOLINO_TDCAN_T950C_01_SL4331 - IPOE VLAN interface GigabitEthernet0/3/4.-	
An error occurred: list index out of range -- Error on the IPOE IP: SMDAET-LSA04-001-SL4806 at SMDAETLAGONDAETCNID_TDCAN_T980C_R2R2_01_SL4806 - IPOE VLAN interface GigabitEthernet0/3/2.-	
An error occurred: list index out of range -- Error on the IPOE IP: SMDAET-LSA04-001-SL4806 at SMDAETLAGONDAETCNID_TDCAN_T980C_R2R2_01_SL4806 - IPOE VLAN interface GigabitEthernet0/3/2.-	
An error occurred: list index out of range -- Error on the IPOE IP: BCR_006_GPONA_01 at BACOOR-SL565-AGFN-X8-01 - IPOE VLAN interface Eth-Trunk1.400	
An error occurred: list index out of range -- Error on the IPOE IP: BCR_006_GPONA_01 at Dasma-SL614-AGFN-X2-01 - IPOE VLAN interface Eth-Trunk1.400	
An error occurred: list index out of range -- Error on the IPOE IP: WLCDLR-LSA04-001-SL4847 at WALTERMARTCANDELQID_TDCAN_T980C _R1R1_01_SL4847 - IPOE VLAN interface GigabitEthernet0/2/1.-	
An error occurred: list index out of range -- Error on the IPOE IP: LPA_116_GPONA_01 at LPA-116-SL2576-ATN910C-01 - IPOE VLAN interface Eth-Trunk3.400	
An error occurred: list index out of range -- Error on the IPOE IP: ILO_317_HYB_01 at ILO-118-VIS3005-ATN910C-01 - IPOE VLAN interface Eth-Trunk6.-	
An error occurred: list index out of range -- Error on the IPOE IP: ILO_317_VDB_01 at ILO-118-VIS3005-ATN910C-01 - IPOE VLAN interface Eth-Trunk7.-	
An error occurred: list index out of range -- Error on the IPOE IP: PNM_102_VDB_01 at PNM-102-VIS2821-ATN910C-01 - IPOE VLAN interface Eth-Trunk4.-	
An error occurred: list index out of range -- Error on the IPOE IP: BIG_104_VDB_01 at BIG_104_TDCAN_T910CG_01_VIS2363 - IPOE VLAN interface Eth-Trunk4.-	
An error occurred: list index out of range -- Error on the IPOE IP: HIL_101_VDB_01 at HIL-101-VIS2719-ATN910C-01 - IPOE VLAN interface Eth-Trunk3.-	
An error occurred: list index out of range -- Error on the IPOE IP: TAG_106_HYB_01 at TAG-106-VIS3036-ATN910C-01 - IPOE VLAN interface Eth-Trunk5.-	
An error occurred: list index out of range -- Error on the IPOE IP: VIC_104_HYB_01 at VIC_104_TDCAN_T910C_01_VIS2526 - IPOE VLAN interface Eth-Trunk6.-	
An error occurred: list index out of range -- Error on the IPOE IP: ESC_101_VDB_01 at ESC-101-VIS2429-ATN910C-01 - IPOE VLAN interface Eth-Trunk4.-	
An error occurred: list index out of range -- Error on the IPOE IP: MER_103_VDB_01 at MER_103_TDCAN_T910D_01_VIS2641 - IPOE VLAN interface Eth-Trunk4.-	
An error occurred: list index out of range -- Error on the IPOE IP: CEB_109_ADSLA_01 at CEB-109-VIS3183-ATN910C-01 - IPOE VLAN interface GigabitEthernet0/2/11.-	
An error occurred: list index out of range -- Error on the IPOE IP: CEB_109_VDB_01 at CEB-109-VIS3183-ATN910C-01 - IPOE VLAN interface Eth-Trunk4.-	
An error occurred: list index out of range -- Error on the IPOE IP: SBB_104_VDB_01 at SBB-104-VIS2563-ATN910C-01 - IPOE VLAN interface Eth-Trunk4.-	
An error occurred: list index out of range -- Error on the IPOE IP: CEB_062_HYB_01 at CEB_062_TDCAN_T910D_01_VIS2861 - IPOE VLAN interface Eth-Trunk4.-	
An error occurred: list index out of range -- Error on the IPOE IP: LPU_237_VDB_01 at LPU-237-VIS3131-ATN910C-01 - IPOE VLAN interface Eth-Trunk5.-	
An error occurred: list index out of range -- Error on the IPOE IP: ROX_117_HYB_01 at ROX-117-VIS2390-ATN910C-01 - IPOE VLAN interface Eth-Trunk4.-	
An error occurred: list index out of range -- Error on the IPOE IP: MIN_704_HYB_01 at MIN_704_TDCAN_T910CG_01_VIS2099 - IPOE VLAN interface Eth-Trunk3.-	
An error occurred: list index out of range -- Error on the IPOE IP: CEB_045_VDA_01 at CEB_050_TDCAN_T910CG_01_VIS1100 - IPOE VLAN interface GigabitEthernet0/2/14.-	
An error occurred: list index out of range -- Error on the IPOE IP: LIL_601_VDA_01 at LIL_601_TDCAN_T910CG_01_VIS1124 - IPOE VLAN interface GigabitEthernet0/2/13.-	
An error occurred: list index out of range -- Error on the IPOE IP: CEB_737_VDB_01 at CEB_737_TDCAN_T910B_01_VIS1154 - IPOE VLAN interface Eth-Trunk3.-	
An error occurred: list index out of range -- Error on the IPOE IP: CEB_010_VDB_01 at CEB_010_TDCAN_T910B_01_VIS2780 - IPOE VLAN interface Eth-Trunk4.-	
An error occurred: list index out of range -- Error on the IPOE IP: CEB_705_HYB_01 at CEB_705_TDCAN_T910B_01_VIS109 - IPOE VLAN interface Eth-Trunk3.-	
An error occurred: list index out of range -- Error on the IPOE IP: CEB_705_ADSLA_01 at CEB_705_TDCAN_T910B_01_VIS109 - IPOE VLAN interface GigabitEthernet0/2/19.-	
An error occurred: list index out of range -- Error on the IPOE IP: CEB_103_HYB_01 at CEB_103_TDCAN_T910CG_01_VIS3086 - IPOE VLAN interface Eth-Trunk3.-	
An error occurred: list index out of range -- Error on the IPOE IP: CEB_720_VDB_01 at CEB_720_TDCAN_T910B_01_VIS2759 - IPOE VLAN interface Eth-Trunk3.-	
An error occurred: list index out of range -- Error on the IPOE IP: CEB_774_VDB_01 at CEB_774_TDCAN_T910D_01_VIS1818 - IPOE VLAN interface 25GigabitEthernet0/2/13.400	
An error occurred: list index out of range -- Error on the IPOE IP: CAR_702_VDB_01 at CAR_702_TDCAN_T910CG_01_VIS1131 - IPOE VLAN interface Eth-Trunk3.-	
An error occurred: list index out of range -- Error on the IPOE IP: PLP_901_HYB_01 at PLP_901-VIS3274-ATN910C-01 - IPOE VLAN interface Eth-Trunk3.-	
An error occurred: list index out of range -- Error on the IPOE IP: CEB_131_VDB_01 at CEB_131_TDCAN_T910B_01_VIS2875 - IPOE VLAN interface Eth-Trunk3.-	
An error occurred: list index out of range -- Error on the IPOE IP: CEB_085_VDB_01 at CEB_085_TDCAN_T910B_01_VIS2873 - IPOE VLAN interface Eth-Trunk3.-	
An error occurred: list index out of range -- Error on the IPOE IP: BRG_101_HYB_01 at BRG-101-VIS2467-ATN910C-01 - IPOE VLAN interface Eth-Trunk4.-	
An error occurred: list index out of range -- Error on the IPOE IP: BYW_703_VDB_01 at BYW_703_TDCAN_T910D_01_VIS81510 - IPOE VLAN interface Eth-Trunk4.-	
An error occurred: list index out of range -- Error on the IPOE IP: CEB_712_VDB_01 at CEB-712-VIS2319-ATN910C-01 - IPOE VLAN interface Eth-Trunk4.-	
An error occurred: list index out of range -- Error on the IPOE IP: TOG_701_HYB_01 at TOG-701-VIS1805-ATN910C-01 - IPOE VLAN interface Eth-Trunk4.-	
An error occurred: list index out of range -- Error on the IPOE IP: FSTCTR-LSA07-001-VIS4545 at FAUSTINACNTRCEBUCEBID_TDCAN_T980C_01_VIS4545 - IPOE VLAN interface GigabitEthernet0/4/2.-	
An error occurred: list index out of range -- Error on the AG: AYMBCD-LSA01-001-VIS3751-A1 at LAHUG-VIS148-AGGFMN-X16A-02	[['10.175.77.63'], ['10.175.77.52'], []]

An error occurred: list index out of range -- Error on the AG: SKYRS4-LSA01-001-VIS3474-A1 at LAHUG-VIS148-AGGFMN-X16A-02	[['10.175.77.63'], ['10.175.77.52'], []]

An error occurred: list index out of range -- Error on the AG: SMORMC-LSA01-001-VIS3744-A1 at LAHUG-VIS148-AGGFMN-X16A-02	[['10.175.77.63'], ['10.175.77.52'], []]

An error occurred: list index out of range -- Error on the AG: CENBLC-LSA01-001-VIS3470-A1 at LAHUG-VIS148-AGGFMN-X16A-02	[['10.175.77.63'], ['10.175.77.52'], []]

An error occurred: list index out of range -- Error on the AG: BORA2M-LSA01-001-VIS329-A1 at LAHUG-VIS148-AGGFMN-X16A-02	[['10.175.77.63'], ['10.175.77.52'], []]

An error occurred: list index out of range -- Error on the AG: ONEMON-LSA04-001-VIS4064-A1 at LAHUG-VIS148-AGGFMN-X16A-02	[['10.175.77.63'], ['10.175.77.52'], []]

An error occurred: list index out of range -- Error on the AG: CBXTWR-LSA06-001-VIS4257 at LAHUG-VIS148-AGGFMN-X16A-02	[['10.175.77.63'], ['10.175.77.52'], []]

An error occurred: list index out of range -- Error on the AG: ORIONC-LSA07-001-VIS4550 at LAHUG-VIS148-AGGFMN-X16A-02	[['10.175.77.63'], ['10.175.77.52'], []]

An error occurred: list index out of range -- Error on the AG: SKYRS3-LSA01-001-VIS3205-A1 at LAHUG-VIS148-AGGFMN-X16A-02	[['10.175.77.63'], ['10.175.77.52'], []]

An error occurred: list index out of range -- Error on the AG: 1FNTCH-LSA04-001-VIS4083 at JMBASA-VIS927-TRS_DC_AG-R1-01	[['10.175.77.69'], ['10.175.77.8']]

An error occurred: list index out of range -- Error on the IPOE IP: DAN_002_GPONA_01 at DANAO2-VIS39-TRS_DC_MAN-R3R3_L28-01 - IPOE VLAN interface Eth-Trunk3.-	
An error occurred: list index out of range -- Error on the IPOE IP: BAN_102_GPONA_01 at REMIG2_TDCAN_T950C_01_VIS1893 - IPOE VLAN interface Eth-Trunk7.-	
An error occurred: list index out of range -- Error on the IPOE IP: BAN_102_GPONA_01 at REMIG2_TDCAN_T950D_01_VIS1893 - IPOE VLAN interface Eth-Trunk7.-	
An error occurred: list index out of range -- Error on the IPOE IP: SIL_704_VDB_01 at BCDAIR-VIS2015-TRS_DC_AN-R2R2_L4LTE-01 - IPOE VLAN interface Eth-Trunk7.-	
An error occurred: list index out of range -- Error on the IPOE IP: CEB_105_ADSLA_01 at SMSEA1_TDCAN_T980C_01_VIS3198 - IPOE VLAN interface Eth-Trunk3.-	
An error occurred: list index out of range -- Error on the IPOE IP: MDE_002_GPONA_01 at TALAMB-VIS192-TRS_DC_AG-R4-01 - IPOE VLAN interface Eth-Trunk6.400	
An error occurred: list index out of range -- Error on the IPOE IP: CEB_143_GPONA_01 at TALAMB-VIS192-TRS_DC_AG-R4-01 - IPOE VLAN interface Eth-Trunk7.400	
An error occurred: list index out of range -- Error on the IPOE IP: TUR_101_HYB_01 at TUR-101-VIS2826-ATN910C-01 - IPOE VLAN interface Eth-Trunk4.-	
An error occurred: list index out of range -- Error on the IPOE IP: CYBCEB-LSA04-001-VIS4184 at ROBGAL1CEBU-VIS3183-TRS_DC_MAN-R5R5_L36LTE-01 - IPOE VLAN interface GigabitEthernet0/4/2.-	
An error occurred: list index out of range -- Error on the IPOE IP: BCD_004_HYB_01 at FORD-VIS817-AGGFN-X2-01 - IPOE VLAN interface GigabitEthernet0/6/3.400	
An error occurred: list index out of range -- Error on the IPOE IP: BCD_004_HYB_01 at FORD-VIS817-AGGFN-X2-02 - IPOE VLAN interface GigabitEthernet0/6/3.400	
An error occurred: list index out of range -- Error on the IPOE IP: ILO_004_GPONA_01 at JMBASA-VIS927-AGGFN-X2-02 - IPOE VLAN interface Eth-Trunk2.400	
An error occurred: list index out of range -- Error on the IPOE IP: ILO_003_GPONA_02 at JMBASA-VIS927-AGGFN-X2-02 - IPOE VLAN interface Eth-Trunk1.400	
An error occurred: list index out of range -- Error on the IPOE IP: CEB_070_HYB_01 at LAHUG-VIS148-AGGFN-X8-02 - IPOE VLAN interface GigabitEthernet6/0/10.400	
An error occurred: list index out of range -- Error on the IPOE IP: ISL_001_GPONA_01 at LAHUG-VIS148-AGGFN-X8-02 - IPOE VLAN interface GigabitEthernet7/0/10.-	
An error occurred: list index out of range -- Error on the IPOE IP: CEB_001_GPONA_01 at LAHUG-VIS148-AGGFN-X8-02 - IPOE VLAN interface GigabitEthernet6/0/6.400	
An error occurred: list index out of range -- Error on the IPOE IP: BCD_001_GPONA_01 at LAHUG-VIS148-AGGFN-X8-02 - IPOE VLAN interface GigabitEthernet7/0/10.-	
An error occurred: list index out of range -- Error on the IPOE IP: BIG_001_GPONA_01 at LAHUG-VIS148-AGGFN-X8-02 - IPOE VLAN interface GigabitEthernet7/0/10.-	
An error occurred: list index out of range -- Error on the IPOE IP: CEB_004_GPONA_01 at LAHUG-VIS148-AGGFN-X8-02 - IPOE VLAN interface GigabitEthernet6/0/5.400	
An error occurred: list index out of range -- Error on the IPOE IP: TAC_001_GPONA_01 at LAHUG-VIS148-AGGFN-X8-02 - IPOE VLAN interface GigabitEthernet7/0/10.-	
An error occurred: list index out of range -- Error on the IPOE IP: VIC_001_GPONA_01 at LAHUG-VIS148-AGGFN-X8-02 - IPOE VLAN interface GigabitEthernet7/0/10.-	
An error occurred: list index out of range -- Error on the IPOE IP: AYMBCD-LSA01-001-VIS3751-A1 at LAHUG-VIS148-AGGFN-X8-02 - IPOE VLAN interface GigabitEthernet7/0/10.-	
An error occurred: list index out of range -- Error on the IPOE IP: SMORMC-LSA01-001-VIS3744-A1 at LAHUG-VIS148-AGGFN-X8-02 - IPOE VLAN interface GigabitEthernet3/1/0.-	
An error occurred: list index out of range -- Error on the IPOE IP: TAC_121_VDA_01 at Tac-VIS965-AGGFN-X2-02 - IPOE VLAN interface GigabitEthernet0/1/6.-	
An error occurred: list index out of range -- Error on the IPOE IP: CEB_070_HYB_01 at LAHUG-VIS148-AGGFN-X8-01 - IPOE VLAN interface GigabitEthernet4/0/11.400	
An error occurred: list index out of range -- Error on the IPOE IP: CEB_004_GPONA_01 at LAHUG-VIS148-AGGFN-X8-01 - IPOE VLAN interface GigabitEthernet5/0/11.400	
An error occurred: list index out of range -- Error on the IPOE IP: MDE_002_GPONA_01 at LAHUG-VIS148-AGGFN-X8-01 - IPOE VLAN interface Eth-Trunk7.400	
An error occurred: list index out of range -- Error on the IPOE IP: ILOFES-LSA01-001-VIS3378-A1 at LAHUG-VIS148-AGGFMN-X16A-01 - IPOE VLAN interface Eth-Trunk15.-	
An error occurred: list index out of range -- Error on the AG: PHICEB-LSA01-001-VIS3355 at LAHUG-VIS148-AGGFMN-X16A-01	[[]]

An error occurred: list index out of range -- Error on the AG: ROBNTC-LSA01-001-VIS3714-A1 at LAHUG-VIS148-AGGFMN-X16A-01	[[]]

An error occurred: list index out of range -- Error on the IPOE IP: SJB_701_VDB_01 at SJB-701-VIS2068-ATN910C-01 - IPOE VLAN interface Eth-Trunk4.-	
An error occurred: list index out of range -- Error on the IPOE IP: BRG_102_HYB_01 at BRG-102-VIS2468-ATN910C-01 - IPOE VLAN interface Eth-Trunk4.-	
An error occurred: list index out of range -- Error on the IPOE IP: CEB_003_VDB_01 at CEB-003-VIS2783-ATN910C-01 - IPOE VLAN interface Eth-Trunk4.-	
An error occurred: list index out of range -- Error on the IPOE IP: CEB_708_HYB_01 at CEB_708_TDCAN_T910CG_01_VIS1153 - IPOE VLAN interface Eth-Trunk4.-	
An error occurred: list index out of range -- Error on the IPOE IP: CEB_709_VDA_02 at CEB_709_TDCAN_T910B_01_VIS2692 - IPOE VLAN interface Eth-Trunk3.-	
An error occurred: list index out of range -- Error on the IPOE IP: CEB_743_VDB_01 at CEB_743_TDCAN_T910B_01_VIS1847 - IPOE VLAN interface Eth-Trunk3.-	
An error occurred: list index out of range -- Error on the IPOE IP: GHN_701_HYB_01 at GHN-701-VIS2157-ATN910C-01 - IPOE VLAN interface Eth-Trunk4.-	
An error occurred: list index out of range -- Error on the IPOE IP: ILO_006_HYB_01 at ILO_006_TDCAN_T910CG_01_VIS3909 - IPOE VLAN interface Eth-Trunk3.-	
An error occurred: list index out of range -- Error on the IPOE IP: JEGTWR-LSA08-001-VIS4546 at JEGTOWERCEBUCEBID_TDCAN_T980C_01_VIS4546 - IPOE VLAN interface GigabitEthernet0/7/0.-	
An error occurred: list index out of range -- Error on the IPOE IP: JRN_701_HYB_01 at JRN-701-VIS2210-ATN910C-01 - IPOE VLAN interface Eth-Trunk4.-	
An error occurred: list index out of range -- Error on the IPOE IP: MDE_160_VDB_01 at MDE-160-VIS2879-ATN910C-01 - IPOE VLAN interface Eth-Trunk4.-	
An error occurred: list index out of range -- Error on the IPOE IP: ORM_122_HYB_01 at ORM-122-VIS2700-ATN910C-01 - IPOE VLAN interface Eth-Trunk4.-	
An error occurred: list index out of range -- Error on the IPOE IP: SJB_702_VDB_01 at SJB-702-VIS81521-ATN910C-01 - IPOE VLAN interface Eth-Trunk4.-	
An error occurred: list index out of range -- Error on the IPOE IP: SMCRXS-LSA04-001-VIS4251 at SMCITYROXASCPZLS_TDCAN_T980C_01_VIS4251 - IPOE VLAN interface GigabitEthernet0/4/1.-	
An error occurred: list index out of range -- Error on the IPOE IP: SAVETC-LSA04-001-VIS4370 at SMSAVEMORETACLOBLEYIO_TDCAN_T980C_01_VIS4370 - IPOE VLAN interface Eth-Trunk7.-	
An error occurred: list index out of range -- Error on the IPOE IP: TSY_703_HYB_01 at TSY_703_TDCAN_T910C_01_VIS1825 - IPOE VLAN interface Eth-Trunk4.-	
