MIN|PLM-702-MIN1374-ATN910C-01.GE0/2/4(10G)|To: PLM_702_HYB_01 0/9/0
MIN|VLN-701-MIN1362-ATN910C-01.GE0/2/15|migrated to 0/2/4 facing VLN_701_GPONA_01 1/3/2

MIN|BTN_914_TDCAN_T910C_01_MIN1908.Eth-Trunk3|To: BTN_914_GPONA_01
MIN|TGM-704_TDCAN_T910C_MIN1341.GE0/2/4|migrated to 0/2/1 facing TGM_704_GPONA_01 3/2

MIN|CDO-604_TDCAN_T910C_01_MIN995.GE0/2/15|migrated to 0/2/4 facing CDO_604_HYB_01 0/8/0

MIN|BTN-609_TDCAN_T910C_01_MIN985.GE0/2/3(10G)|RESERVED TO FTTH BTN_609_HYB_01 

MIN|PAGAIS_TDCAN_T950C_01_MIN1449.Eth-Trunk7|OLT PGD_011_GPONA_01 (FIO-PDGPZNG01FTTx_FMC)

MIN|MARAND-MIN601-TRS_DC_MAN-R0R6_L46-01.Eth-Trunk8|OLT LAA_001_GPONA_01 (FIO-MRDFG01FTTX_FMC)

MIN|POLOMO-MIN767-TRS_DC_MAN-R8R8_L54-01.Eth-Trunk7.400|OLT PLM_001_GPONA_01 (FIO-PLMOFG01FTTX_FMC) - IPOE

MIN|TAGUM2_TDCAN_T950C_01_MIN677.Eth-Trunk7|OLT TGM_005_GPONA_01 (FIO-TGM2FG01FTTX_FMC)

MIN|GIGAQ_TDCAN_T910D_01_MIN479.25GE0/2/9(1G)|OLT SCR_001_GPONA_01 (FIO-SOCSNFG01FTTx_FMC)

MIN|JUNA-MIN832-TRS_DC_AG-R3-02.Eth-Trunk17.2327|IT/IH-AUZ-9677OLT DONMAR-LSA01-001-MIN1804 (FIO-DONMARLSA01001MIN1804_FMC) - DATA

MIN|JUNA-MIN832-TRS_DC_AG-R3-01.Eth-Trunk2.2327|OLT DONMAR-LSA01-001-MIN1804 (FIO-DONMARLSA01001MIN1804_FMC) - DATA

MIN|ILIGAN-MIN826-TRS_DC_AGG-R0-02.Eth-Trunk8|OLT ILG-FG-01_ILG_001_GPONA_02 (FIO-ILGFG01_FMC)

MIN|KORONADAL REGEN-MIN1271-TRS_DC_AG-R8-01.GE4/0/7(10G)|RESERVED FOR FTTH KRN_001_GPONA_01 CAPACITY UPGRADE

MIN|MAGONO-MIN286-TRS_DC_AG-R9-01.GE3/1/5(10G)|OLT SFA_001_GPONA_01 (FIO-MGNONG01FTTx_FMC)

MIN|CDO-MIN1092-AGGFMN-X16A-02.GE16/1/11.3232(10G)|TO: DVO_010_GPONA_01 (BFACIO)) - DATA

MIN|CDO-MIN1092-AGGFMN-X16A-02.GE16/1/10.3006(10G)|LAPDCP-LSA01-001-MIN2600-A1  - DATA

MIN|CDO-MIN1092-AGGFMN-X16A-02.GE16/1/11.378(10G)|CDO_BNG xe-3/1/1:378
MIN|CDO-MIN1092-AGGFMN-X16A-02.GE16/1/11.378(10G)|CDO_BNG xe-3/1/1:378
MIN|BUHAN3-MIN165-TRS_DC_MAN-R3R3_L16LTE-01.Eth-Trunk1|MIN_R3R3_ANL16LTE-FTTx - DVO_026_GPONA_01 - FIO-MINR3R3L16LTEFTTx_FMC

MIN|COMMUN-MIN1057-TRS_DC_MAN-R3R3_L16LTE-01.Eth-Trunk1|OLT DVO_014_GPONA_01 (FIO-MIN_R3R3_L16LTEFTTX_FMC)

MIN|OBALDE-MIN190-TRS_DC_MAN-R3R3_L18-01.GE0/2/5|migrated to 0/5/1 facing DVO_025_GPONA_01 9/1

MIN|SANJOSEDIGOS_TDCAN_T980C_01_MIN1611.GE0/2/7|migrated to 0/3/1 facing DIG_002_GPONA_01 9/1

MIN|INDAN_TDCAN_T980C_01_MIN1208.Eth-Trunk8|OLT TGM_015_GPONA_01 (FIO-LADIAFG01FTTx_FMC)

MIN|NCCCTA-MIN228-TRS_DC_MAN-R3R3_L31-01.GE0/2/3(10G)|RESERVED FOR OLT: TGM_006_GPONA_01 MIGRATION_3/25/2021

MIN|NEWVIS-MIN229-TRS_DC_MAN-R3R3_L30LTE-01.Eth-Trunk1|OLT PNB_001_GPONA_01 (FIO-MIN_R3R3_ANL30FTTX_FMC)

MIN|ECOSUB-MIN154-TRS_DC_MAN-R2R3_L10LTE-01.GE0/4/3|migrated to 0/1/1 facing DVO_011_GPONA_02 3/2

MIN|MAA_TDCAN_T980C_01_MIN1054.GE0/3/1(10G)|MIN_R3R3_ANL12 - DVO_028_GPONA_01 - (FIO-MINR3R3ANL12_FMC)

MIN|IPANAB_TDCAN_T910D_01_MIN658.25GE0/2/17(1G)|IPA-FG-01-FTTx - PNB_002_GPONA_01 - (FIO-IPAFG01FTTx_FMC)

MIN|BAROY-MIN701-TRS_DC_MAN-R0R6_L47-01.GE0/1/2(10G)|OLT BRY_001_GPONA_01 (FIO-BAROYFG01FTTx_FMC)

MIN|BULA_TDCAN_T980C_01_MIN756.GE0/5/0|BULA-FG-01-FTTx - GSN_002_GPONA_01 - (FIO-BULAFG01FTTx _FMC)

MIN|ISIDGS_TDCAN_T980C_01_MIN438.GE0/4/2|migrated to 0/2/2 facing GSN_005_GPONA_01 9/1

MIN|LAGAO2_TDCAN_T950C_01_MIN759.GE0/5/2|migrated to 0/2/1 facing GSN_003_GPONA_01 3/2

MIN|MATALA_TDCAN_T980C_01_MIN745.Eth-Trunk7|OLT MTL-FG-01-FTTx - MTL_001_GPONA_01 - (FIO-MTLFG01FTTx _FMC)

MIN|WASHINSURGAOSDN_TDCAN_T980C_01_MIN1248.Eth-Trunk7|OLT WSH-FG-01-FTTx_SRG_002_GPONA_01 (FIO-WSHFG01FTTx_FMC)

MIN|WASHINSURGAOSDN_TDCAN_T980C_01_MIN1248.Eth-Trunk8|OLT WSH-FG-01-FTTx_SRG_002_GPONA_02 (FIO-WSHFG01FTTx_FMC)

MIN|BANAY_TDCAN_T980C_01_MIN212.GE0/3/2(10G)|OLT BNY_001_GPONA_01 (FIO-BNYFG01FTTx_FMC)

MIN|DAHICA_TDCAN_T980C_01_MIN216.GE0/7/0|migrated to 0/3/1 facing MTI_001_GPONA_01 9/1

MIN|ESPERA_TDCAN_T980C_01_MIN655.GE0/2/8|OLT ESR_002_GPONA_01 (FIO-ESRFG01FTTX_FMC)

MIN|ROSARYHT4COT_TDCAN_T980C_01_MIN1761.GE0/7/5|migrated to 0/4/2 facing CTT_001_GPONA_01 9/1

MIN|TETUAN-MIN587-TRS_DC_MAN-R7R7_L90LTE-01.Eth-Trunk1.400|OLT ZMB_001_GPONA_01 (FIO-TTUFG01FTTX_FMC) - IPOE

MIN|PASONANCAZDS_TDCAN_T980C_01_MIN1771.GE0/2/2|PSNZD-FG-01-FTTx - ZMB_011_GPONA_01 - (FIO-PSNZDFG01FTTx _FMC)

MIN|LCGCDO_TDCAN_T980C_01_MIN355.GE0/4/1(10G)|reserved RTAF_WLN-0223-00319 - CDO_013_GPONA_01 - 3-2-2023

MIN|CGNMKT_TDCAN_T980C_01_MIN338.GE0/4/1(10G)|reserved RTAF_WLN-0223-00314 - CDO_009_GPONA_01 - 3-2-2023

MIN|GCHCDO-MIN656-TRS_DC_MAN-R1R1_L73LTE-01.Eth-Trunk7|GCCDO-FG-01-FTTx - CDO_011_GPONA_01 - FIO-GCCDOFG01FTTx_FMC

MIN|AGUSANCDO_TDCAN_T980C_01_MIN1667.GE0/1/2|migrated to 0/4/1 facing CDO_030_GPONA_01 3/2

MIN|GVALEN_TDCAN_T950C_01_MIN634.Eth-Trunk1|GVN-FG-01-FTTx - VLN_001_GPONA_01 - (FIO-GVNFG01FTTx_FMC)

MIN|BUTUA3_TDCAN_T980C_01_MIN632.GE0/1/5|OLT: BTN_001_GPONA_02 (FIO-BTN3FG01FTTx_FMC)

MIN|CLAMBA_TDCAN_T980C_01_MIN718.GE0/2/1|migrated to 0/1/1 facing CBA_001_GPONA_01 9/1

MIN|TAGLATAWAN-MIN1553-TRS_DC_MAN-R5R5_L122-01.GE0/1/3(10G)|OLT BYG_002_GPONA_01 (FIO-TGLTNFG01FTTx_FMC)

MIN|BAREMANGBISLIGSDS _TDCAN_T980C_01_MIN514.GE0/2/3|OLT BSL_001_GPONA_01 (FIO-MNGAGFG01FTTX_FMC)

MIN|SIARGA-MIN782-TRS_DC_MAN-R5R5_L64-01.Eth-Trunk7|OLT PGLSN-FG-01-FTTx_GNA_001_GPONA_01 (FIO-PGLSNFG01FTTx_FMC)

MIN|BFACIDAVAODDS_TDCAN_T980C_01_MIN2855.GE0/2/6|RESERVED FOR PORJECT MILO - DVO_010_GPONA_01 (BFACI) - 5/4/2020

MIN|GENPAUSANTOS_TDCAN_T980C_MIN1612.GE0/2/5|migrated to 0/3/1 facing KRN_003_GPONA_01 3/2

MIN|IPIL_TDCAN_T910D_01_MIN795.25GE0/2/9(1G)|OLT IPI_003_GPONA_01 (FIO-IPLFG01FTTx_FMC)

MIN|LILOY_TDCAN_T910D_01_MIN837.GE0/2/0|migrated to 0/2/13 facing LLY_001_GPONA_01 9/1

MIN|BMORET-MIN541-TRS_DC_AN-R7R7_L111LTE-01.Eth-Trunk8.400|OLT ZMB_003_GPONA_01 (FIO-BMTFG01FTTX_FMC) - IPOE

MIN|SANJOSEGUZDS_TDCAN_T980C_01_MIN1795.GE0/2/3|migrated to 0/3/1 facing ZMB_013_GPONA_01 9/1

MIN|SANJOSEGUZDS_TDCAN_T980C_01_MIN1795.GE0/2/6|migrated to 0/4/1 facing ZMB_013_GPONA_02 3/2

MIN|SANGALIZDS_TDCAN_T980C_01_MIN1779.Eth-Trunk7|OLT ZMB_033_GPONA_01 (FIO-SNGZFG01FTTx_FMC)

MIN|MAGUGPOTAGUM_TDCAN_T950C_01_MIN1721.GE0/4/5|MIN_R3R3_ANL31LTE-FTTx - TGM_001_GPONA_01 - FIO-MINR3R3ANL31LTEFTTx_FMC

MIN|GBENANENGDVN_TDCAN_T980C_01_MIN2484.GE0/1/0|OLT TGM_008_GPONA_01 (FIO-SMCAPFG01FTTx_FMC)

MIN|DAVAO-MIN832-AGFN-X8A-01.Eth-Trunk1.30|NEW DAVAO BNG TEST - DATA
MIN|DAVAO-MIN832-AGFN-X8A-01.Eth-Trunk20|OLT DVOFM04FTTX DVO07 BUHANG (FIO-DVOFM04FTTX_FMC) -  TO DVO_007_GPONA_02

MIN|CDO-MIN1092-AGGFN-X8-01.GE7/1/0.106(10G)|To::CDO_BNG-001_XE-11/3/1:106_BT-LANANG

MIN|CDO-MIN1092-AGGFN-X8-01.GE1/0/2.2487(10G)|vlan 2487 OLT NCCCMB-LSA01-001-MIN2636 - CDO_BNG-001_XE-7/1/1 (FIO-NCCCMBLSA01001MIN2636_FMC) - DATA M

MIN|CDO-MIN1092-AGGFN-X8-01.GE5/0/8.441(10G)|OLT BALPDO-LSA01-001- DATA (FIO-BALPDOLSA01001_FMC)

MIN|CDO-MIN1092-AGGFN-X8-01.GE5/0/8.441(10G)|OLT BALPDO-LSA01-001- DATA (FIO-BALPDOLSA01001_FMC)

MIN|CDO-MIN1092-AGGFN-X8-01.GE1/0/2.2419(10G)|vlan 2419 OLT RPVCIA-LSA01-001-MIN2523-A1 - CDO_BNG-001/XE-7/1/1 (FIO-RPVCIALSA01001MIN2523A1_FMC) - DATA M

MIN|Davao-MIN832-AGGFN-X2-01.GE0/4/0(10G)|DVO_003_GPONA_01 already migrated to DAVAO-MIN832-AGFN-X8A-01 Eth-trunk2

MIN|CDO-MIN1092-AGGFN-X8-02.GE1/0/2.400(10G)|CDO_710_HYB_01 (FIO-CDOHM05_FMC) - IPOE

MIN|CDO-MIN1092-AGGFN-X8-02.GE1/0/4.2486(10G)|vlan 2486 OLT ROBILG-LSA01-001-MIN2036-A1 - CDO_BNG-001/XE-11/1/1 (FIO-ROBILGLSA01001MIN2036A1_FMC) - DATA M

NCR|MKT-111-NCR2444-ATN910C-01.GE0/2/19|to: MKT_111_HYB_01  0/6/0
NCR|BIN_704_TDCAN_910CG_01_SL2042.Eth-Trunk3.400|OLT/VDSL MND-HM-25_BIN_704_HYB_01 (FIO-MNDHM25_FMC) - IPOE

NCR|QCY_755_TDCAN_T910CG_01_NCR2549.GE0/2/17|Reserved for QCY_755_HYB_02
NCR|MKT_118_TDCAN_910CG_01_NCR2451.Eth-Trunk3|to: MKT_118_HYB_01
NCR|MND_718_TDCAN_910C_01_NCR2334.Eth-Trunk3|migrated to Eth-trunk4 facing MND_718_GPONA_01 0/3/0

NCR|MKT_226_TDCAN_910CG_01_NCR2866.Eth-Trunk3|To: MKT_226_VDB_01
NCR|TAY_706_TDCAN_910C_01_SL1983.Eth-Trunk4|to: TAY_501_GPONA_01
NCR|MNL_706_TDCAN_910CG_01_NCR2835.GE0/2/8(10G)|OLT ESP-ERM-HM-04_MNL_706_GPONA_01 (FIO-ESPERMHM04_FMC)

NCR|MNL_734_TDCAN_910C_01_NCR2319.GE0/2/13|Migrated to 0/2/6 facing MNL_734_HYB_01 0/8/0

NCR|MNL-704-NCR2131-ATN910C-G-01.GE0/2/20|To: MNL_704_HYB_01 0/6/1
NCR|SJN_106_TDCAN_910CG_01_NCR2610.GE0/2/16.400|SJN1-AUR-HM-03_SJN_106_VDA_01 (FIO-SJN1AURHM03_FMC) - IPOE

NCR|MND_110_TDCAN_910C_01_NCR2337.Eth-Trunk3|migrated to Eth-trunk4 facing MND_110_GPONA_01 0/3/0

NCR|QCY_745_TDCAN_910C_01_NCR2598.Eth-Trunk4|migrated to Eth-trunk5 facing QCY_745_GPONA_01 0/3/0

NCR|PSY_705_TDCAN_910CG_01_NCR2154.Eth-Trunk3|To: PSY_705_HYB_01
NCR|PQE_718_TDCAN_910CG_01_NCR1034.GE0/2/17|TO: PQE_718_VDB_01
NCR|PSG_119_TDCAN_01_T910C_NCR2512.Eth-Trunk4|migrated to Eth-trunk5 facing PSG_119_GPONA_01 0/3/0

NCR|PSG_143_TDCAN_01_T910CG_NCR2594.Eth-Trunk4|To: PSG_143_VDB_02
NCR|PSG_735_TDCAN_01_T910CG_01_NCR2699.Eth-Trunk3|To: PSG_735_VDB_01
NCR|PSG_127_TDCAN_910C_01_NCR2522.Eth-Trunk4|migrated to Eth-trunk5 facing PSG_127_GPONA_01 0/3/0

NCR|QCY_108_TDCAN_910C_01_NCR2844.Eth-Trunk3.400|AUR-ESP-HM-09_QCY_108_HYB_01 (FIO-AURESPHM09_FMC) - IPOE

NCR|CLC_731_TDCAN_910CG_01_NCR2108.Eth-Trunk3|To: CLC_731_HYB_01
NCR|CLC_732_TDCAN_910CG_01_NCR2109.Eth-Trunk4|To: CLC_732_HYB_01
NCR|ANT_707_TDCAN_910CG_01_SL1450.Eth-Trunk3|TO: ANT_707_HYB_01
NCR|ANT_707_TDCAN_910CG_01_SL1450.GE0/2/12|migrated to 0/2/12 facing ANT_707_GPONA_01 0/3/0

NCR|ANT_718_TDCAN_910C_01_SL1879.Eth-Trunk3|To: ANT_718_HYB_01
NCR|ANT_713_TDCAN_910CG_01_SL1813.GE0/2/17|migrated to 0/2/5 facing ANT_502_GPONA_01 0/2/2

NCR|ANT_708_TDCAN_910C_01_SL1809.Eth-Trunk3|migrated to Eth-trunk4 facing ANT_708_GPONA_01 0/3/0

NCR|ANT_702_TDCAN_910C_01_SL1808.Eth-Trunk3.400|MND-HM-28_ANT_702_VDB_01 (FIO-MNDHM28_FMC) - IPOE

NCR|TNY_701_TDCAN_910CG_01_SL1740.Eth-Trunk3|To: TNY_701_HYB_01
NCR|BRS_701_TDCAN_910C_01_SL2041.GE0/2/13|migrated to 0/2/4 facing  BRS_701_HYB_01 0/8/0

NCR|PQE_201_TDCAN_910CG_01_NCR3898.GE0/2/16.400|SUC-LSP-HM-01_PQE_201_VDA_01 (FIO-SUCLSPHM01_FMC) - IPOE

NCR|MNL_723_TDCAN_910D_01_NCR2614.Eth-Trunk3|to: MNL_723_HYB_01
NCR|TAY_702_TDCAN_910CG_01_SL1523.GE0/2/26|To: TAY_702_HYB_01 0/6/0
NCR|PQE_106_TDCAN_T910CG_01_NCR1343.GE0/2/19|TO: PQE_106_VDA_01
NCR|MRK_112_TDCAN_910CG_01_NCR2581.Eth-Trunk3|To: MRK_112_HYB_01
NCR|PQE_102_TDCAN_910CG_01_NCR1331.Eth-Trunk3|To: PQE_102_VDB_01
NCR|MRK_115_TDCAN_910C_01_NCR2465.Eth-Trunk3|migrated to Eth-trunk5 facing MRK_115_GPONA_01 0/3/0

NCR|MNL_711_TDCAN_01_T910C_NCR2132.Eth-Trunk3|To: MNL_711_HYB_01
NCR|PSG_723_TDCAN_01_T910C_NCR2150.Eth-Trunk4|migrated to Eth-trunk5 facing PSG_723_GPONA_01 0/3/0

NCR|QCY_961_TDCAN_T910C_01_NCR5629.Eth-Trunk3|To: QCY_961_HYB_01
NCR|QCY_001_TDCAN_T910CG_01_NCR4172.GE0/2/4(10G)|QCY_001_GPONA_01 0/3/1
NCR|QCY_866-NCR5482-ATN910C-01.Eth-Trunk3|To: QCY_866_VDB_01
NCR|QCY_873_TDCAN_T910C_01_NCR5338.Eth-Trunk3|To: QCY_873_VDB_01
NCR|QCY_927_TDCAN_T910C_01_NCR5394.Eth-Trunk3|To: QCY_927_VDB_01
NCR|MDPS-627-NCR1450-ATN910C-01.Eth-Trunk3.400|MND-HM-54_PSG_627_VDB_01 (FIO-MNDHM54_FMC) - IPOE

NCR|MR_603_TDCAN_910C_01_NCR1381.Eth-Trunk5.400|MRK-HM-01_MRK_603_HYB_01 (FIO-MRKHM01_FMC) - IPOE

NCR|LSP_709_TDCAN_01_T910C_NCR2095.Eth-Trunk3.400|LSP-FGU-HM-02_LSP_709_HYB_01 (FIO-LSPFGUHM02_FMC) - IPOE

NCR|QCY_107_TDCAN_910C_01_NCR1205.Eth-Trunk3.400|AUR-ALU-16_QCY_107_VDB_01 (FIO-AURALU16_FMC) - IPOE

NCR|SMT-605-SL1550-ATN910C-01.Eth-Trunk3.400|MRK-AUR-EM-02_SMT_605_VDB_01 (FIO-MRKAUREM02_FMC) - IPOE

NCR|QCY-603-NCR1693-ATN910C-01.Eth-Trunk3|To: QCY_603_VDB_01
NCR|TGG-702-NCR2615-ATN910C-01.GE0/2/5(10G)|To: TGG_702_VDB_01 NT-B:XFP:1
NCR|MDSJ-303-NCR2560-ATN910C-01.Eth-Trunk3.400|MND-EM-18_SJN_303_VDB_01 (FIO-MNDEM18_FMC) - IPOE

NCR|MK_608_TDCAN_T910D_01_NCR1670.Eth-Trunk3.400|VAL2-EM-12_MKT_608_VDB_01 (FIO-VAL2EM12_FMC) - IPOE

NCR|MK-651-NCR2424-ATN910C-01.Eth-Trunk6|To: MKT_651_VDB_02
NCR|MK-651-NCR2424-ATN910C-01.Eth-Trunk7|VDSL VAL1-EM-08_MKT_651_VDB_03 (FIO-VAL1EM08_FMC)

NCR|QCY_628_TDCAN_910D_01_NCR1563.Eth-Trunk3|To: QCY_628_HYB_01
NCR|PSG-745-NCR3348-ATN910C-01.GE0/2/13.400|AUR-MND-HM-01_PSG_745_VDA_01 (FIO-AURMNDHM01_FMC) - IPOE

NCR|TGG-771-NCR4926-ATN910C-01.Eth-Trunk3|To: TGG_771_VDB_01
NCR|QCY_626_TDCAN_910C_01_NCR1561.Eth-Trunk3|To: QCY_626_HYB_01
NCR|QCY-665_TDCAN_910CB_01_NCR1575.Eth-Trunk3|To: QCY_665_HYB_01
NCR|QCY-665_TDCAN_910CB_01_NCR1575.Eth-Trunk5|To: QCY_665_VDB_01
NCR|CNT_605_TDCAN_910C_01_SL1533.GE0/2/19.400|MND-HM-30_CNT_605_VDA_01 (FIO-MNDHM30_FMC) - IPOE

NCR|MDPS-628-NCR1720-ATN910C-01.GE0/2/8|migrated to 0/2/3 facing PSG_628_GPONA_01 0/3/0

NCR|BIN_701_TDCAN_910CG_01_SL1490.Eth-Trunk3|To: BIN_701_VDB_02
NCR|RDR_601_TDCAN_910C-G_01_SL1557.Eth-Trunk4.400|MRK-AUR-HM-01_RDR_601_VDB_01 (FIO-MRKAURHM01_FMC) - IPOE

NCR|QCY_640_TDCAN_910CG_01_NCR1569.Eth-Trunk3.400|AUR-EM-10_QCY_640_VDB_01 (FIO-AUREM10_FMC) - IPOE

NCR|MLB_923-NCR5504-ATN910C-01.Eth-Trunk3.400|MLB-HM-04_MLB_923_VDB_01 (FIO-MLBHM04_FMC) - IPOE

NCR|QCY_966-NCR5707-ATN910C-01.Eth-Trunk3|To: QCY_966_VDB_01
NCR|QCY_965-NCR5677-ATN910C-01.Eth-Trunk3|To: QCY_965_HYB_01
NCR|MKT-115-NCR2874-ATN910C-01.Eth-Trunk3|To: MKT_115_HYB_01
NCR|QCY_905-NCR5401-ATN910C-01.Eth-Trunk3|To: QCY_905_HYB_01
NCR|QCY_915-NCR5451-ATN910C-01.Eth-Trunk3|To: QCY_915_HYB_01
NCR|QCY_941-NCR5711-ATN910C-01.Eth-Trunk3|To: QCY_941_HYB_01
NCR|VLZ_938-NCR5551-ATN910C-01.Eth-Trunk3|To: VLZ_938_VDB_01
NCR|VLZ_938-NCR5551-ATN910C-01.Eth-Trunk4|To: VLZ_938_VDB_02
NCR|MKT_782_TDCAN_T910CG_01_NCR3346.GE0/2/13|TO: MKT_782_VDA_01
NCR|MKT_152_TDCAN_910CG_01_NCR2433.GE0/2/4(10G)|To: MKT_152_VDB_01 NT-A:XFP:1
NCR|MLB_907-NCR5525-ATN910C-01.Eth-Trunk3.400|MLB-HM-01_MLB_907_VDB_01 (FIO-MLBHM01_FMC) - IPOE

NCR|MLB_917-NCR5484-ATN910C-01.Eth-Trunk3|To:  MLB_917_HYB_01
NCR|MLB_918-NCR5469-ATN910C-01.Eth-Trunk3|To:  MLB_918_HYB_01
NCR|MLB-702-NCR2119-ATN910C-01.Eth-Trunk3|To: MLB_702_HYB_01
NCR|VLZ-712-NCR2190-ATN910C-01.Eth-Trunk3|To: VLZ_712_HYB_01
NCR|MANDA GTP2_TDCAG_NE8KX8_01_NCR520.25GE2/0/2.400(10G)|OLT MND-HM-09_MND_010_GPONA_02 (FIO-MNDHM09_FMC) - IPOE

NCR|MANDA GTP2_TDCAG_NE8KX8_01_NCR520.25GE2/0/1.400(10G)|OLT MND-HM-06_MND_010_GPONA_01 (FIO-MNDHM06_FMC) - IPOE

NCR|MANDA GTP2_TDCAG_NE8KX8_01_NCR520.25GE2/0/3.400(10G)|OLT SJN-MND-HM-05-FTTx_MND_010_GPONA_03 (FIO-SJNMNDHM05FTTX_FMC) - IPOE

NCR|MANDALUYONG_TDCAG_00X8A_01_NCR1249.Eth-Trunk3.2257|IT/IH-AUZ-8544/OLT HATCHE-LSA01-001-NCR1296 (FIO-HATCHELSA01001NCR1296_FMC) - SIP

NCR|SANJUAN-NCR1660-AGGFMN-X16A-01.Eth-Trunk6.2331|OLT SNJODM-LSA01-001-NL583-A1 (FIO-SNJODMLSA01001_FMC) - DATA

NCR|SANJUAN-NCR1660-AGGFMN-X16A-01.Eth-Trunk6.2331|OLT SNJODM-LSA01-001-NL583-A1 (FIO-SNJODMLSA01001_FMC) - DATA

NCR|SANJUAN-NCR1660-AGGFMN-X16A-01.Eth-Trunk6.2331|OLT SNJODM-LSA01-001-NL583-A1 (FIO-SNJODMLSA01001_FMC) - DATA

NCR|SANJUAN-NCR1660-AGGFMN-X16A-01.Eth-Trunk6.2331|OLT SNJODM-LSA01-001-NL583-A1 (FIO-SNJODMLSA01001_FMC) - DATA

NCR|SANJUAN-NCR1660-AGGFMN-X16A-01.GE9/0/2.3016(10G)|OLT SMKPEL-LSA01-001-NCR6833-A1 - SJN_BNG-001_XE-11/3/1 (FIO-SMKPELLSA01001NCR6833A1_FMC) - DATA M

NCR|SANJUAN-NCR1660-AGGFMN-X16A-01.Eth-Trunk6.2331|OLT SNJODM-LSA01-001-NL583-A1 (FIO-SNJODMLSA01001_FMC) - DATA

NCR|SANJUAN-NCR1660-AGGFMN-X16A-01.Eth-Trunk6.2331|OLT SNJODM-LSA01-001-NL583-A1 (FIO-SNJODMLSA01001_FMC) - DATA

NCR|SANJUAN-NCR1660-AGGFMN-X16A-01.Eth-Trunk6.2331|OLT SNJODM-LSA01-001-NL583-A1 (FIO-SNJODMLSA01001_FMC) - DATA

NCR|SANJUAN-NCR1660-AGGFMN-X16A-01.GE8/0/10.2297(10G)|OLT STALUCLSA01001
NCR|SANJUAN-NCR1660-AGGFMN-X16A-01.GE8/0/10.2297(10G)|OLT STALUCLSA01001
NCR|SANJUAN-NCR1660-AGGFMN-X16A-01.Eth-Trunk6.2331|OLT SNJODM-LSA01-001-NL583-A1 (FIO-SNJODMLSA01001_FMC) - DATA

NCR|SANJUAN-NCR1660-AGGFMN-X16A-01.GE9/0/5.3072(10G)|VDSL ARCOVI-LSA01-001-NCR7604-A1 - SJN_BNG-001_XE-3/0/1 (FIO-ARCOVILSA01001NCR7604A1_FMC) - DATA M

NCR|SANJUAN-NCR1660-AGGFMN-X16A-01.Eth-Trunk6.2331|OLT SNJODM-LSA01-001-NL583-A1 (FIO-SNJODMLSA01001_FMC) - DATA

NCR|SANJUAN-NCR1660-AGGFMN-X16A-01.GE9/0/5.3066(10G)|OLT JOLTWR-LSA01-001-NCR8399-A1 - SJN_BNG-001_XE-3/0/1 (FIO-JOLTWRLSA01001NCR8399A1_FMC) - DATA M

NCR|VALERO-NCR733-AGGFMN-X16A-01.Eth-Trunk9.2481|OLT ALPPLALSA01001 Alphaland Makati Place (FIO-ALPPLALSA01001_FMC) - VOICE

NCR|VALERO-NCR733-AGGFMN-X16A-01.Eth-Trunk10.2482|OLT ALPPLALSA01001NCR3517 Alphaland - VAL_BNG-001/XE-11/0/1 (FIO-ALPPLALSA01001NCR3517_FMC) - DATA M

NCR|VALERO-NCR733-AGGFMN-X16A-01.Eth-Trunk9.2481|OLT ALPPLALSA01001 Alphaland Makati Place (FIO-ALPPLALSA01001_FMC) - VOICE

NCR|VALERO-NCR733-AGGFMN-X16A-01.Eth-Trunk9.2481|OLT ALPPLALSA01001 Alphaland Makati Place (FIO-ALPPLALSA01001_FMC) - VOICE

NCR|VALERO-NCR733-AGGFMN-X16A-01.Eth-Trunk10.2482|OLT ALPPLALSA01001NCR3517 Alphaland - VAL_BNG-001/XE-11/0/1 (FIO-ALPPLALSA01001NCR3517_FMC) - DATA M

NCR|VALERO-NCR733-AGGFMN-X16A-01.Eth-Trunk10.2482|OLT ALPPLALSA01001NCR3517 Alphaland - VAL_BNG-001/XE-11/0/1 (FIO-ALPPLALSA01001NCR3517_FMC) - DATA M

NCR|VALERO-NCR733-AGGFMN-X16A-01.Eth-Trunk9.2481|OLT ALPPLALSA01001 Alphaland Makati Place (FIO-ALPPLALSA01001_FMC) - VOICE

NCR|VALERO-NCR733-AGGFMN-X16A-01.Eth-Trunk5.2402|OLT POBLN2LSA01001 Poblacion  - DATA (FIO-POBLN2LSA01001_FMC)

NCR|VALERO-NCR733-AGGFMN-X16A-01.Eth-Trunk9.2481|OLT ALPPLALSA01001 Alphaland Makati Place (FIO-ALPPLALSA01001_FMC) - VOICE

NCR|VALERO-NCR733-AGGFMN-X16A-01.Eth-Trunk10.2482|OLT ALPPLALSA01001NCR3517 Alphaland - VAL_BNG-001/XE-11/0/1 (FIO-ALPPLALSA01001NCR3517_FMC) - DATA M

NCR|VALERO-NCR733-AGGFMN-X16A-01.Eth-Trunk9.2481|OLT ALPPLALSA01001 Alphaland Makati Place (FIO-ALPPLALSA01001_FMC) - VOICE

NCR|VALERO-NCR733-AGGFMN-X16A-01.Eth-Trunk9.2481|OLT ALPPLALSA01001 Alphaland Makati Place (FIO-ALPPLALSA01001_FMC) - VOICE

NCR|VALERO-NCR733-AGGFMN-X16A-01.Eth-Trunk9.2481|OLT ALPPLALSA01001 Alphaland Makati Place (FIO-ALPPLALSA01001_FMC) - VOICE

NCR|VALERO-NCR733-AGGFMN-X16A-01.Eth-Trunk9.2481|OLT ALPPLALSA01001 Alphaland Makati Place (FIO-ALPPLALSA01001_FMC) - VOICE

NCR|VALERO-NCR733-AGGFMN-X16A-01.Eth-Trunk9.2481|OLT ALPPLALSA01001 Alphaland Makati Place (FIO-ALPPLALSA01001_FMC) - VOICE

NCR|VALERO-NCR733-AGGFMN-X16A-01.Eth-Trunk9.2481|OLT ALPPLALSA01001 Alphaland Makati Place (FIO-ALPPLALSA01001_FMC) - VOICE

NCR|VALERO-NCR733-AGGFMN-X16A-01.Eth-Trunk9.2481|OLT ALPPLALSA01001 Alphaland Makati Place (FIO-ALPPLALSA01001_FMC) - VOICE

NCR|CANERO-NCR1387-AGGFMN-X16A-02.GE9/0/5(10G)|RESERVED FOR 10G installation QCY_017_GPONA_02 c/o TEO M.Catriz 1222021

NCR|ERMITA-NCR761-TRS_DC_AG-R6-03.GE2/1/11(10G)|RESERVED FOR 1G to 10G MNL_012_GPONA_01 c/o A. Santos 06142021

NCR|ROXAS DISTRICT-NCR1070-TRS_DC_AG-R2-01.GE3/0/4(10G)|RESERVED FOR MWAN EG Expansion OLT Synergy for QCY_020_GPONA_02 c/o TEO M.Catriz 09072023

NCR|SAUYO-NCR1128-TRS_DC_AG-R3-01.GE5/1/11(10G)|ACA-SAU-HM-02_QCY_031_GPONA_01_VALENZUELA-NCR554-TRS_DC_AG-R3-01/GE1/1/11

NCR|VALENZUELA-NCR554-TRS_DC_AG-R3-01.GE1/1/11(10G)|ACA-SAU-HM-02_QCY_031_GPONA_01_SAUYO-NCR1128-TRS_DC_AG-R3-01/GE5/1/11

NCR|SUNVALLEY-NCR1028-TRS_DC_AG-R5-01.Eth-Trunk8|SUC-SUN-FH-01_PQE_004_GPONA_02_SUCAT-NCR1030-TRS_DC_AG-R5-01/Eth-Trunk16

NCR|BAMBANG-NCR747-TRS_DC_AG-R6-01.GE3/1/2|VSK-BMB-HM-02_MNL_018_HYB_01_VSK-NCR1255-TRS_DC_AG-R6-01/GE5/0/3 (FIO-VSKBMBHM02_FMC)

NCR|AURORA-NCR206-TRS_DC_AGG-R0-01.Eth-Trunk20|RESERVED FOR AUR-HM-03-FTTX QCY_016_GPONA_03 BAYAN MODERNIZATION

NCR|STMICHAEL_TDCAN_T980C_01_NCR1031.GE0/1/0|RESERVED FOR RTAF-2020-1441_C.A MILO TGG_044_GPONA_01 400Mbps - 7/1/2020

NCR|CELADON-NCR1431-TRS_DC_MAN-R6R6_L10LTE-01.GE0/3/3|migrated to 0/1/1 facing MNL_105_GPONA_01 0/3/0

NCR|VENICE CORPORATE PLAZA_TDCAN_T980C_01_NCR3728.GE0/2/6|VDSL BON-NM-02_TGG_761_VDB_01 (FIO-BONNM02_FMC)

NCR|TALA_TDCAN_T980C_01_NCR145.GE0/2/4.2152|CT/IC-AUZ-2656/ICD WANTECH DATA INTERNET AND CABLE INSTALLATION SERVICES - DIA (20MBPS) TALAZ - ERMITA PE NNI (FIO-NCR3656_DATA) to ERMITA-AG-R6-03 Eth-Trunk2.2152 07/01/2022

NCR|PUREZA_TDCAN_T980C_01_NCR825.GE0/4/1.2822(10G)|OLT SJN-ROX-HM-01-FTTx_MNL_021_GPONA_01 (FIO-SJNROXHM01FTTX_FMC) - OM

NCR|SANTOL-NCR1926-TRS_DC_MAN-R6R6_L19LTE-01.GE0/4/3(10G)|OLT SANTOL-NG-01-FTTx_MNL_113_GPONA_01 (FIO-SANTOLNG01FTTX_FMC)

NCR|SANCTUAR-NCR2073-TRS_DC_MAN-R2R2_L1LTE-01.GE0/1/3|OLT SJN-ROX-HM-03-FTTx_QCY_067_GPONA_01 (FIO-SJNROXHM03FTTX_FMC)

NCR|SHANGPARK-NCR561-TRS_DC_MAN-R1R1_L6LTE-01.Eth-Trunk3|VDSL SHANGPARK-HG-01 FTTx_MND_033_VDB_01 (FIO-SHANGPARKHG01FTTX_FMC)

NCR|SANGANDAA_TDCAN_T950C_01_NCR593.GE0/3/6|migrated to 0/1/1 facing CLC_026_GPONA_01  0/3/0

NCR|AyalaBoulevardPNU_TDCAN_T980C_01_NCR3833.GE0/2/4|OLT ESP-ERM-HM-24-FTTx_MNL_087_GPONA_01 (FIO-ESPERMHM24FTTX_FMC)

NCR|NAVALNVOTA_TDCAN_T950C_01_NCR1955.GE0/3/3|migrated to 0/1/2 facing NVT_002_GPONA_02 0/3/0

NCR|POTRERO-NCR589-TRS_DC_MAN-R3R3_L13LTE-01.Eth-Trunk1|OLT SAU-VAL-HM-03-FTTx_MLB_017_GPONA_01 (FIO-SAUVALHM03FTTX_FMC)

NCR|DAMPALIT_TDCAN_T950C_01_NCR556.GE0/4/5|OLT ACA-VLZ-HM-02-FTTX_MLB_003_GPONA_01 (FIO-ACAVLZHM02FTTX_FMC)

NCR|WOODSVIL-NCR2306-TRS_DC_MAN-R5R5_L6LTE-01.Eth-Trunk1|OLT SUN-HM-01-FTTx_PQE_021_GPONA_01 (FIO-SUNHM01FTTX_FMC)

NCR|PRESSDRV_TDCAN_T980C_01_NCR269.GE0/2/5|OLT SUN-HM-03-FTTX_PQE_026_GPONA_01 (FIO-SUNHM03FTTX_FMC)

NCR|RIZALTECH-SL502-TRS_DC_MAN-R4R4_L0LTE-01.GE0/2/3|migrated to 0/6/1 facing TAY_001_GPONA_03 0/3/0

NCR|REALST-NCR20-TRS_DC_MAN-R5R5_L21LTE-01.GE0/1/4|migrated to 0/3/1 facing LSP_017_GPONA_01 0/3/0

NCR|SANROQPAS_TDCAN_T980C_01_NCR256.GE0/1/8|migrated to 0/3/3 facing  PSY_019_GPONA_02 0/3/0

NCR|SSSVILL-NCR94-TRS_DC_MAN-R7R7_L3LTE-01.GE0/3/0|migrated to 0/2/1 facing MRK_018_GPONA_01 0/3/0

NCR|SHOEAVE_TDCAN_TXACC_R7R7_01_L03_NCR448.GE0/3/1|migrated to 0/2/1 facing MRK_007_GPONA_01 0/3/0

NCR|CALZADATAG-NCR4420-TRS_DC_MAN-R0R7_L14LTE-01.GE0/4/6|OLT VAL-MND-HM-03-FTTx_TGG_040_GPONA_01 (FIO-VALMNDHM03FTTX_FMC)

NCR|TRAFALGA-NCR731-TRS_DC_MAN-R0R8_L30LTE-01.GE0/3/1(10G)|OLT VAL-MAK-HM-01_MKT_040_GPONA_01 (FIO-VALMAKHM01_FMC)

NCR|SUNLIFE_TDCAN_T980C_01_NCR2917.GE0/4/1(10G)|VDSL BON-VAL-HM-01_TGG_739_VDB_01 (FIO-BONVALHM01_FMC)

NCR|COLUMNONE_TDCAN_T950D_01_NCR2914.Eth-Trunk3.2993|OLT COLUMNONE-FG-01-FTTx_ MKT_798_GPONA_01 (FIO-COLUMNONEFG01FTTX_FMC) - OM

NCR|C2ROADTON_TDCAN_T950C_01_NCR35.GE0/4/1|migrated to 0/1/3 facing MNL_039_GPONA_01 0/3/0

NCR|APOLLO_TDCAN_TCX600_01_NCR868.GE0/6/1(10G)|Reserved 2023 Proactive OLT c/o Rod Anonuevo for LSP_001_GPONA_01

NCR|MANDALUYONG-NCR1249-TRS_DC_AG-R1-02.Eth-Trunk2.3053|IT/IH-ATZ-9263/OLT VHBCDA-LSA01-001-NCR5992-A1 (FIO-VHBCDALSA01001NCR5992A1_FMC) - SIP

NCR|AURORA-NCR206-TRS_DC_AG-R0-01.Eth-Trunk15|AUR-AUR-HG-01_QCY_101_GPONA_01_AURORA-NCR206-AGGFN-X8A-01/Eth-Trunk10

NCR|JMEST_TDCAN_T980C_01_NCR1283.GE0/1/0.1395|OLT JMEST-HM-01_QCY_124_HYB_01 (FIO-JMESTHM01_FMC) - OM

NCR|LEVITOWN-NCR820-TRS_DC_MAN-R5R5_L13LTE-01.GE0/4/1(10G)|OLT SUN-HM-02-FTTx_PQE_005_GPONA_01 (FIO-SUNHM02FTTx_FMC)

NCR|EISENHOW_TDCAN_0X2M8_01_NCR2017.GE0/4/4|OLT SJN-MRS-HM-01-FTTx_SJN_006_GPONA_01 (FIO-SJNMRSHM01FTTx_FMC)

NCR|CAINTAROQ-SL474-TRS_DC_MAN-R7R7_L36LTE-01.Eth-Trunk1|OLT WHT-CNT-HM-07-FTTx_CNT_006_GPONA_01 (FIO-WHTCNTHM07FTTX_FMC)

NCR|CAINTAROQ_TDCAN_T950D_01_SL474.Eth-Trunk3|OLT WHT-CNT-HM-07-FTTx_CNT_006_GPONA_01 (FIO-WHTCNTHM07FTTX_FMC)

NCR|RBSNBIGR-SL466-TRS_DC_MAN-R7R7_L36LTE-01.GE0/4/7|migrated to 0/1/1 facing CNT_003_GPONA_01 0/3/0

NCR|VALERO-NCR733-AGGFN-X8-02.GE1/0/23.2823|OLT BON-MAL-HM-01-FTTX_PTR_001_GPONA_01 (FIO-BONMALHM01FTTX_FMC) - OM

NCR|VALERO-NCR733-AGGFN-X8-02.GE4/1/7.30(10G)|TT/OLT MKT_001_GPONA_01_TEST - DATA

NCR|VALERO-NCR733-AGGFN-X8-02.GE4/1/7.30(10G)|TT/OLT MKT_001_GPONA_01_TEST - DATA

NCR|VALERO-NCR733-AGGFN-X8-02.GE5/1/9.18(10G)|TT/TEST DATA VLAN - VAL_BNG-001_XE7/0/1

NCR|VALERO-NCR733-AGGFN-X8-02.GE5/1/5.2295(10G)|WCCENT-LSA01-001-NCR5078 - VAL_BNG-001/XE-11/0/1 (FIO-WCCENTLSA01001NCR5078_FMC) - DATA M

NCR|VALERO-NCR733-AGGFN-X8-02.GE5/1/5.121(10G)|To:BNG-VALERO-11/0/1:121
NCR|VALERO-NCR733-AGGFN-X8-02.GE5/1/9.18(10G)|TT/TEST DATA VLAN - VAL_BNG-001_XE7/0/1

NCR|VALERO-NCR733-AGGFN-X8-02.GE5/1/6.126(10G)|To: HSI_ALU7450_2/2/2:126
NCR|VALERO-NCR733-AGGFN-X8-02.GE5/1/9.18(10G)|TT/TEST DATA VLAN - VAL_BNG-001_XE7/0/1

NCR|VALERO-NCR733-AGGFN-X8-01.GE4/0/6.2873(10G)|OLT BON-MAL-HM-01-FTTX_PTR_001_GPONA_01 (FIO-BONMALHM01FTTX_FMC) - DATA M

NCR|VALERO-NCR733-AGGFN-X8-01.GE4/1/1.2210(10G)|OLT 25SVEN-LSA01-001-NCR7230-A1 - VAL_BNG-001/XE-5/3/1 (FIO-25SVENLSA01001NCR7230A1_FMC) - DATA M

NCR|VALERO-NCR733-AGGFN-X8-01.GE4/1/1.2281(10G)|OLT CPELLA-LSA01-001-NCR7443-A1 - VAL_BNG-001/XE-5/3/1 (FIO-CPELLALSA01001NCR7443A1_FMC) - DATA M

NCR|VALERO-NCR733-AGGFN-X8-01.GE4/0/6.2218(10G)|VDSL MLSTON-LSA01-001-NCR7439-A1 - VAL_BNG-001_XE-3/1/1 (FIO-MLSTONLSA01001NCR7439A1_FMC) - DATA M

NCR|VALERO-NCR733-AGGFN-X8-01.GE4/1/1.2440(10G)|OLT POLRIS-LSA01-001-NCR7465-A1 - VAL_BNG-001/XE-5/3/1 (FIO-POLRISLSA01001NCR7465A1_FMC) - DATA M

NCR|VALERO-NCR733-AGGFN-X8-01.GE4/0/6.2244(10G)|RISEMK-LSA01-001-NCR7275-A1 - DATA (FIO-NCR7275-RISEMK_FMC)

NCR|VALERO-NCR733-AGGFN-X8-01.GE4/0/5.3054(10G)|OLT VHBCDA-LSA01-001-NCR5992-A1 - VAL_BNG-001_XE-3/0/1 (FIO-VHBCDALSA01001NCR5992A1_FMC) - DATA M

NCR|VALERO-NCR733-AGGFN-X8-01.GE4/0/5.2462(10G)|OLT VALERO-LSA01-002-NCR733 - VAL_BNG-001/XE-3/0/1 (FIO-VALEROLSA01002NCR733_FMC) - DATA M

NCR|VALERO-NCR733-AGGFN-X8-01.GE4/1/1.2216(10G)|OLT UDENNA-LSA01-001-NCR7440-A1 - VAL_BNG-001_XE-5/3/1 (FIO-UDENNALSA01001NCR7440A1_FMC) - DATA M

NCR|VALERO-NCR733-AGGFN-X8-01.GE4/1/8.2502(10G)|OLT MAAX02-LSA01-001-NCR8359-A1 - VAL_BNG-001_XE-11/3/1 (FIO-MAAX02LSA01001NCR8359A1_FMC) - DATA M

NCR|VALERO-NCR733-AGGFN-X8-01.GE4/1/8.2248(10G)|OLT CAPHTC-LSA01-001-NCR6548-A1 - VAL_BNG-001_XE-11/3/1 (FIO-CAPHTCLSA01001NCR6548A1_FMC) - DATA M

NCR|VALERO-NCR733-AGGFN-X8-01.GE4/0/6.2242(10G)|OLT ECOPRM-LSA01-001-NCR7643-A1 - VAL_BNG-001_XE-3/1/1 (FIO-ECOPRMLSA01001NCR7643A1_FMC) - DATA M

NCR|VALERO-NCR733-AGGFN-X8-01.GE4/1/8.1262(10G)|To: VAL_BNG-001_XE-11/3/1:1262
NCR|BONI-NCR1296-AGFN-X2-M8-01.GE0/2/8|migrated to port 3/0/5 facing TGG_006_GPONA_010/2/3

NCR|SANJUAN-NCR1660-AGGFN-X8-01.GE6/1/1.3048(10G)|OLT NOVTEL-LSA06-001-NCR8489 - SJN_BNG-001_XE-5/0/1 (FIO-NOVTELLSA06001NCR8489_FMC) - DATA M

NCR|SANJUAN-NCR1660-AGGFN-X8-01.GE6/1/0.2764(10G)|OLT CALERO-LSA05-001-SL1938-A1 - SJN_BNG-001_XE-7/1/1 (FIO-CALEROLSA05001SL1938A1_FMC) - DATA M

NCR|Espana-NCR285-AGFN-X2-M8-01.GE0/2/4|migrated to port 5/1/8 facing QCY_047_GPONA_01 0/2/3

NCR|OGP-NCR2678-AGFN-X2-M8-01.GE0/2/8|migrated to port 0/6/2 facing TGG_027_GPONA_01 0/2/2

NCR|AURORA-NCR206-AGGFN-X8-01.GE8/1/1.400(10G)|AUR-HM-04_TGG_012_GPONA_01 (FIO-AURHM04_FMC) - IPOE

NCR|AURORA-NCR206-AGGFN-X8-01.GE7/1/22|: Migrated to port 8/1/10 facing QCY_011_GPONA_01 0/2/3

NCR|AURORA-NCR206-AGGFN-X8-01.GE7/1/16|migrated to port AURORA-NCR206-TRS_DC_AG-R0-01 3/0/7 facing MND_002_GPONA_01 0/2/2

NCR|AURORA-NCR206-AGGFN-X8A-01.GE3/0/7(10G)|RESERVED FOR RTAF_FMC-2021-2557 MND_002_GPONA_01 - 07/14/2021

NCR|FGU-NCR261-AGFN-X2-01.GE0/7/8|to: migrated to port FGU-NCR261-AGFN-X2-01 0/2/0 facing MND_002_GPONA_01 0/2/2

NCR|SANTOLANAREADCALNCR_TDCAN_T980C_01_NCR8894.Eth-Trunk3|OLT SNTLNRDCAL-HG-01-FTTx_CLC_054_GPONA_01 (FIO-SNTLNRDCALHG01FTTX_FMC)

NCR|BAYLIFEVENUE_TDCAN_T980C_R0R5_01_NCR8193.GE0/3/1(10G)|OLT BAYLIFEVENUE-HG-01 FTTx_PQE_029_GPONA_01 (FIO-BAYLIFEVENUEHG01FTTX_FMC)

NCR|CENTEXML_TDCAN_T980C_01_NCR694.GE0/1/5|migrated to 0/3/1 facing MNL_033_GPONA_02 0/3/1

NCR|CAMARA_TDCAN_T980C_01_NCR2724.GE0/4/1(10G)|OLT SUC-HM-03-FTTX_LSP_010_GPONA_01 (FIO-SUCHM03FTTX_FMC) - MIGRATED TO SARAOLOTMNS AN

NCR|VAAHOMES_TDCAN_T980C_01_NCR28.GE0/1/4|migrated to 0/4/1 facing LSP_023_GPONA_01 0/3/0

NCR|SANANTON-NCR1040-TRS_DC_MAN-R5R5_L13LTE-01.GE0/3/6|migrated to 0/1/1 facing PQE_011_GPONA_01 0/3/0

NCR|NAGARD_TDCAN_T980C_01_NCR1023.GE0/2/3|migrated to 0/3/3 facing LSP_009_GPONA_02 0/3/0

NCR|PUNTAMLA_TDCAN_T950C_01_NCR39.GE0/3/0|migrated to 0/1/1 facing MNL_028_GPONA_01 0/3/0

NCR|SHERIDAN_TDCAN_TCX600_01_NCR1249.Eth-Trunk1|OLT SJN-MND-HM-05-FTTx_MND_010_GPONA_03 (FIO-SJNMNDHM05FTTX_FMC) - MIGRATED in MANDALUYONG_TDCAG_00X8A_01

NCR|CRESTVIEW-SL1147-TRS_DC_MAN-R4R4_L0LTE-01.GE0/2/1(10G)|OLT MND-HM-09-FTTx_ANT_017_GPONA_01 (FIO-MNDHM09FTTx_FMC)

NCR|CRMAVENUE_TDCAN_T980C_01_NCR943.Eth-Trunk1|OLT SUS-SUC-HM-01-FTTX_LSP_015_GPONA_01 (FIO-SUSSUCHM01FTTX_FMC)

NCR|CANERO_TDCAN_T980C_01_NCR617.GE0/7/5|RESERVED FOR RTAF_FMC-2020-3220 CLC_006_GPONA_01 1000Mbps Project MILO 10/08/2020

NCR|VASRAQC-NCR225-TRS_DC_MAN-R0R2_L22LTE-01.GE0/4/1(10G)|OLT CAN-AUR-HM-09-FTTx_QCY_079_GPONA_01 (FIO-CANAURHM09FTTX_FMC)

NCR|RIZALMKTI_TDCAN_T980C_01_NCR979.GE0/4/1(10G)|OLT ERM-VAL-HM-05-FTTx_MKT_067_GPONA_01 (FIO-ERMVALHM05FTTX_FMC)

NCR|ANGELINA_TDCAN_T950C_01_NCR692.GE0/4/6|To: TGG_040_GPONA_01 0/3/2
NCR|ANGELINA_TDCAN_T950C_01_NCR692.GE0/4/5|OLT ERM-VAL-HM-01-FTTx_MNL_032_GPONA_01 (FIO-ERMVALHM01FTTX_FMC)

NCR|PANDACAN-NCR303-TRS_DC_MAN-R0R6_L29LTE-01.GE0/3/4|migrated to 0/1/1 facing MNL_044_GPONA_01 0/3/0

NCR|MAZINOD_TDCAN_TCX600_01_NCR584.GE0/3/8|OLT CAN-ACA-HM-01-FTTX_CLC_012_GPONA_01 (FIO-CANACAHM01FTTX_FMC)

NCR|ZAFRAST_TDCAN_T980C_01_NCR1060.GE0/1/0|OLT CAN-ACA-HM-03-FTTx_VLZ_005_GPONA_01 (FIO-CANACAHM03FTTX_FMC)

NCR|GWOODSPSG_TDCAN_T950C_01_NCR197.GE0/3/0|OLT MND-MRK-HM-09-FTTx_PSG_034_GPONA_01 (FIO-MNDMRKHM09FTTX_FMC) MIGRATED TO 0/1/1

NCR|MAYAMOT3_TDCAN_T950C_01_SL517.GE0/2/3(10G)|OLT MYMT-HM-01_ANT_001_GPONA_01 (FIO-MYMTHM01_FMC)

NCR|SALCEDOV2_TDCAN_T980C_01_NCR895.GE0/1/0|RESERVED FOR RTAF_FMC-2020-1525 MKT-VAL1-NM-01 MKT_766_VDB_01 06/15/2020

NLZ|SMR_601_TDCAN_910CB_01_NL1307.GE0/2/1(100M)|MWAN Synergy EG Uplink for (SMR_601_GPONA_02 Slot 8 Port 3) (06/26/2023)

NLZ|CBN-609-NL1264-ATN910C-01.Eth-Trunk3|To: CBN_609_VDB_01_CBN-EM-05
NLZ|BAG_602_TDCAN_910CB_01_NL1207.Eth-Trunk8|OLT BAG-EM-01_BAG_608_GPONA_01 (FIO-BAGEM01_FMC)

NLZ|RSL-602-NL1341-ATN910C-01.Eth-Trunk3.400|SFL-EM-01_RSL_602_VDB_01 (FIO-SFLEM01_FMC) - IPOE

NLZ|TRL-601-NL39-ATN910C-G-01.Eth-Trunk3|TO: MSAN_TRL_601_HYB_01
NLZ|SFP_609_TDCAN_980CG_01_NL1298.GE0/2/6(10G)|To: SFP_609_GPONA_01 0/3/0
NLZ|MBL-703-NL1633-ATN910C-01.GE0/2/3(10G)|MWAN Synergy EG Uplink for (MBL_703_GPONA_01 Slot 8 Port 1) (05/18/2023)

NLZ|DGP-608-NL1340-ATN910C-01.Eth-Trunk4|To: DGP_608_VDB_02
NLZ|BAG_612_TDCAN_910CB_01_NL1214.Eth-Trunk4|To: BAG_612_HYB_01
NLZ|MAL-706-NL1587-ATN910C-01.GE0/2/3(10G)|To: MAL_706_GPONA_01 0/3/0
NLZ|SRO_701_TDCAN_910D_01_NL1655.GE0/2/2|RESERVED RTAF_FMC-2021-4111 SRO-HM-01 SRO_701_HYB_01 - 11/18/2021

NLZ|BAG-705-NL1601-ATN910C-01.Eth-Trunk5|OLT BAG-EM-01_BAG_615_GPONA_01 (FIO-BAGEM01_FMC)

NLZ|MXC-601-NL88-ATN910C-01.GE0/2/2(100M)|MWAN Synergy EG Uplink for (MXC_601_GPONA_02 Slot 9 Port 1) (05/18/2023)

NLZ|ARY-601-NL120-ATN910C-01.GE0/2/1(10G)|MWAN Synergy EG Uplink for (ARY_601_GPONA_01 Slot 8 Port 1) (06/13/2023)

NLZ|BAG_706_TDCAN_910CG_01_NL1613.Eth-Trunk3|To: BAG_706_HYB_01
NLZ|BAG-711-NL1789-ATN910C-01.Eth-Trunk3.236|OM-BAG_711_HYB_01_BAG-HM-02:236 

NLZ|GGN_602_TDCAN_910C_01_NL1274.Eth-Trunk3.400|MAL-EM-03_GGN_602_VDB_01 (FIO-MALEM03_FMC) - IPOE

NLZ|MRL_602_TDCAN_910CG_01_NL1278.GE0/2/19|MRL_602_VDB_01
NLZ|PUL_701_TDCAN_910D_01_NL1619.Eth-Trunk4.401|SRF-SMR-HM-02_PUL_701_GPONA_01 (FIO-SRFSMRHM02_FMC) - IPOE

NLZ|MBL-701-NL1631-ATN910C-01.Eth-Trunk6|To: MBL_701_GPONA_02
NLZ|ANG_608_TDCAN_910CG_01_NL1244.Eth-Trunk3.400|ANG-EM-01_ANG_608_VDB_01 (FIO-ANGEM01_FMC) - IPOE

NLZ|BAG_601_TDCAN_910CG_01_NL1396.Eth-Trunk3.318|HSI-BAG_601_HYB_01_BAG-EM-02:318

NLZ|BAG_603_TDCAN_910C_01_NL1208.Eth-Trunk1|MINI OLT BAG_603_GPONA_01
NLZ|BAG_604_TDCAN_910C_01_NL1209.Eth-Trunk5.318|HSI-BAG_604_VDB_01_BAG-EM-02:318

NLZ|BAG_604_TDCAN_910C_01_NL1209.GE0/2/21|To: BAG_604_GPONA_01 0/8/0
NLZ|BAG_611_TDCAN_910CG_01_NL1213.Eth-Trunk3.318|HSI-BAG_611_VDB_02_BAG-EM-02:318

NLZ|BAG_708_TDCAN_910CB_01_NL1683.GE0/2/1(10G)|RESERVED BAG_708_HYB_01
NLZ|PUL_602_TDCAN_910CB_01_NL1292.GE0/2/3(10G)|MWAN Synergy EG Uplink for PUL_602_GPONA_01 Slot 9 Port 2) (06/22/2023)

NLZ|ANG-606-NL1243-ATN910C-01.GE0/2/1(10G)|MWAN Synergy EG Uplink for (ANG_606_GPONA_02 Slot 8 Port 1) (06/7/2023)

NLZ|ANG-603-NL1234-ATN910C-01.GE0/2/3(10G)|MWAN Synergy EG Uplink for (ANG_603_GPONA_01 Slot 8 Port 1) (06/7/2023)

NLZ|SJT_601_TDCAN_910CB_01_NL1301.GE0/2/7(100M)|To: MINI OLT SJT_601_GPONA_01
NLZ|SFP-705-NL1648-ATN910C-01.GE0/2/1(10G)|MWAN Synergy EG Uplink for (SFP_705_GPONA_01 Slot 9 Port 1) (05/18/2023)

NLZ|GGN_702_TDCAN_910CB_01_NL1615.Eth-Trunk3|To: GGN_702_VDB_01
NLZ|ILA-703-NL1898-ATN910C-01.Eth-Trunk3|To: ILA_703_VDB_01
NLZ|SJT_702_TDCAN_910D_01_NL1651.Eth-Trunk3|to: SJT_702_HYB_01
NLZ|MYC_701_TDCAN_910D_01_NL1858.Eth-Trunk4|To: MYC_701_HYB_02
NLZ|BLG_702_TDCAN_910CG_01_NL1321.Eth-Trunk3|To: BLG_702_VDB_01
NLZ|BLG_702_TDCAN_910CG_01_NL1321.GE0/2/1(10G)|MWAN Synergy EG Uplink for (BLG_702_GPONA_01 Slot 8 Port 3) (06/26/2023)

NLZ|MBE-701-NL1630-ATN910C-01.GE0/2/3(10G)|RESERVED RTAF_FMC-2021-4377 MAL-SFP-HM-02 MBE_701_GPONA_01 - 12/7/2021

NLZ|GGN_701_TDCAN_910CG_01_NL1611.Eth-Trunk3.135|SIP-GGN_701_VDB_01_MAL-ACA-HM-01:135

NLZ|GGN_701_TDCAN_910CG_01_NL1611.GE0/2/1(10G)|MWAN Synergy EG Uplink for GGN_701_GPONA_01 Slot 8 Port 3) (06/23/2023)

NLZ|BUL_701_TDCAN_T910CG_01_NL1805.GE0/2/1(10G)|MWAN Synergy EG Uplink for BUL_701_GPONA_01 Slot 8 Port 3) (06/23/2023)

NLZ|MNN-702-NL1782-ATN910C-01.GE0/2/14|To: MNN_702_VDB_01 0/0/1
NLZ|MNN-701-NL1781-ATN910C-01.GE0/2/3(10G)|RESERVED RTAF_FMC-2020-3868 MNN_701_GPONA_01 - 11/23/2020

NLZ|MALACANANGCARLOSPGSN_TDCAN_T980C_01_NL3828.Eth-Trunk1|OLT SCC-HM-01_SCC_701_GPONA_01 (FIO-SCCHM01_FMC)

NLZ|SCC-703-NL1593-ATN910C-01.Eth-Trunk4|OLT SCC-HM-01_SCC_703_GPONA_01 (FIO-SCCHM01_FMC)

NLZ|SJS-702-NL1649-ATN910C-01.GE0/2/4(10G)|To: SJS_702_HYB_01 0/8/0
NLZ|TGR-703-NL1810-ATN910C-01.Eth-Trunk3|To: TGR_703_HYB_01
NLZ|HGN-702-NL1584-ATN910C-01.Eth-Trunk3.400|MAL-HM-03_HGN_702_VDB_01 (FIO-MALHM03_FMC) - IPOE

NLZ|PND-702-NL1511-ATN910C-01.Eth-Trunk3|To: PND_702_VDB_01
NLZ|BMY-701-NL1756-ATN910C-01.GE0/2/1(100M)|reserved for BMY_701_GPONA_01 Project Milo 2020 6/9/2020

NLZ|CBO-702-NL1626-ATN910C-01.Eth-Trunk3|To:  CBO_702_HYB_01
NLZ|NIYUGANNE_TDCAN_T950C_01_NL1411.Eth-Trunk3|OLT GPN-HM-02_JEN_703_GPONA_01 (FIO-GPNHM02_FMC)

NLZ|NIYUGANNE_TDCAN_T950C_01_NL1411.Eth-Trunk4|OLT GPN-HM-02_JEN_703_GPONA_02 (FIO-GPNHM02_FMC)

NLZ|SNGITNCAB_TDCAN_T980C_R0R0_01_NL260.GE0/3/2.141(10G)|OLT CBN_010_GPONA_01 - IPOE STATIC-CEN

NLZ|TUGUEGARAO-NL842-TRS_DC_AG-R2-02.GE4/0/1(10G)|(TGR_001_GPONA_01) TGR2-HM-01-FTTX_TUG_001_GPONA_01_GE6/0/0 (FIO-TGR2HM01FTTX_FMC)

NLZ|SNVICENTE-NL445-TRS_DC_AG-R3-01.Eth-Trunk2|OLT SNVICENTE-HG-01-FTTx SVE_001_GPONA_01 (FIO-SNVICENTEHG01FTTX_FMC)

NLZ|SNFERNEST-NL152-TRS_DC_AG-R8-01.GE7/1/2(10G)|RESERVED RTAF_FMC-2020-3870 SRA_001_GPONA_01 - 11/23/2020

NLZ|TARLAC-NL1576-AGGFMN-X16A-01.VE10/0/0.1961|OLT : SFP_607_GPONA_01 (FIO-SFPANGEM02_FMC) - SIP

NLZ|TARLAC-NL1576-AGGFMN-X16A-01.Eth-Trunk5.224|eNODE B NCCAQUA1COWFHK  - EPC AURORA1/SANJUAN1 (FIO-NCCAQUA1COW_WIRELESS) - SERVICE

NLZ|TARLAC-NL1576-AGGFMN-X16A-01.Eth-Trunk5.224|eNODE B NCCAQUA1COWFHK  - EPC AURORA1/SANJUAN1 (FIO-NCCAQUA1COW_WIRELESS) - SERVICE

NLZ|TARLAC-NL1576-AGGFMN-X16A-01.Eth-Trunk5.2006|OLT SNJODM-LSA01-001-NL583-A1 (FIO-SNJODMLSA01001_FMC) - DATA

NLZ|TARLAC-NL1576-AGGFMN-X16A-01.Eth-Trunk5.224|eNODE B NCCAQUA1COWFHK  - EPC AURORA1/SANJUAN1 (FIO-NCCAQUA1COW_WIRELESS) - SERVICE

NLZ|TARLAC-NL1576-AGGFMN-X16A-01.Eth-Trunk5.224|eNODE B NCCAQUA1COWFHK  - EPC AURORA1/SANJUAN1 (FIO-NCCAQUA1COW_WIRELESS) - SERVICE

NLZ|TARLAC-NL1576-AGGFMN-X16A-01.Eth-Trunk5.224|eNODE B NCCAQUA1COWFHK  - EPC AURORA1/SANJUAN1 (FIO-NCCAQUA1COW_WIRELESS) - SERVICE

NLZ|TARLAC-NL1576-AGGFMN-X16A-01.Eth-Trunk5.224|eNODE B NCCAQUA1COWFHK  - EPC AURORA1/SANJUAN1 (FIO-NCCAQUA1COW_WIRELESS) - SERVICE

NLZ|TARLAC-NL1576-AGGFMN-X16A-01.Eth-Trunk5.224|eNODE B NCCAQUA1COWFHK  - EPC AURORA1/SANJUAN1 (FIO-NCCAQUA1COW_WIRELESS) - SERVICE

NLZ|TARLAC-NL1576-AGGFMN-X16A-01.Eth-Trunk5.224|eNODE B NCCAQUA1COWFHK  - EPC AURORA1/SANJUAN1 (FIO-NCCAQUA1COW_WIRELESS) - SERVICE

NLZ|TARLAC-NL1576-AGGFMN-X16A-01.Eth-Trunk5.224|eNODE B NCCAQUA1COWFHK  - EPC AURORA1/SANJUAN1 (FIO-NCCAQUA1COW_WIRELESS) - SERVICE

NLZ|TARLAC-NL1576-AGGFMN-X16A-01.Eth-Trunk5.224|eNODE B NCCAQUA1COWFHK  - EPC AURORA1/SANJUAN1 (FIO-NCCAQUA1COW_WIRELESS) - SERVICE

NLZ|TARLAC-NL1576-AGGFMN-X16A-02.VE10/0/0.1961|OLT : SFP_607_GPONA_01 (FIO-SFPANGEM02_FMC) - SIP

NLZ|GITNASJDMBUL_TDCAN_T950C_01_NL581.GE0/1/1(10G)|OLT SJT_010_GPONA_01 (FIO-NRZPRDHM08_FMC)

NLZ|SNRAFATWN(ATN980C)_NL566-TRS_DC_AN-R5R4_L014-01.GE0/2/1|SRF_001_GPONA_01 (FIO-BLGHM01_FMC)

NLZ|CLARK2_TDCAN_T980C_01_NL125.GE0/5/2(10G)|CLARK2-LSA06-001-NL125_OM MANAGEMENT(FIO-NL125_MWAN_OM)

NLZ|CAPITOLCGYN-NL1972-TRS_DC_MAN-R2R2_L013-01.GE0/1/1(10G)|(TGR_001_GPONA_01) TGR2-HM-01-FTTX_TUG_001_GPONA_01_GE6/0/0 (FIO-TGR2HM01FTTX_FMC)

NLZ|CLRKECO(ATN980C)-NL126-TRS_DC_MAN-R5R5_L010-LTE-01.GE0/3/2(10G)|OLT CLRKCO-HG-01-FTTx_ANG_501_GPONA_01 (FIO-CLRKCOHG01FTTX_FMC)

NLZ|CLRKECO(ATN980C)-NL126-TRS_DC_MAN-R5R5_L010-LTE-01.GE0/4/1(10G)|OLT CLRKCO-HG-02-FTTx_ANG_501_GPONA_02 (FIO-CLRKCOHG02FTTX_FMC)

NLZ|SMURDANETA_TDCAN_T950D_NL2970.GE0/4/8|VDSL URD1-TRL1-NM-01_URD_002_VDB_01 (FIO-URD1TRL1NM01_FMC)

NLZ|FLORID_TDCAN_T980C_01_NL130.GE0/3/2(10G)|MWAN Synergy EG Uplink for (FLB_001_GPONA_01 Slot 8 Port 1) (06/7/2023)

NLZ|SANTIAGO-NL960-TRS_DC_MAN-R1R1_L019-01.Eth-Trunk2|OLT_STG_001_GPONA_01 STG-HG-01-FTTx (FIO-STGHG01FTTX_FMC)

NLZ|SFPAGUSTN(ATN980C)-NL109-TRS_DC_MAN-R5R8_L006-LTE-01.GE0/4/3(10G)|OLT SFPAGUSTN-HG-01-FTTx_SFP_015_GPONA_01 (FIO-SFPAGUSTNHG01FTTX_FMC)

NLZ|VIGAN(ATN980C)-NL428-TRS_DC_MAN-R3R3_L028-01.GE0/6/2(10G)|MWAN Synergy EG Uplink for (VGN_001_GPONA_03 Slot 8 Port 3) (06/7/2023)

NLZ|SFLU-NL701-TRS_DC_MAN-R7R3_L046-01.Eth-Trunk1|OLT SFL_002_GPONA_01 (FIO-SFLU-HG-01-FTTx_FMC)

NLZ|NAGUILNLU-NL694-TRS_DC_MAN-R3R6_L014-01.GE0/1/2(10G)|OLT NAGUILNLU-HG-01-FTTx NGL_001_GPONA_01 (FIO-NAGUILNLUHG01FTTX_FMC)

NLZ|BONGABON-NL1093-TRS_DC_AN-R0R1_L025-01.Eth-Trunk1|OLT BOB_001_GPONA_01 (BONGABON)  (FIO-CBNTLVHM01FTTx_FMC)

NLZ|BAKERONE_TDCAN_T980C_01_NL1994.GE0/5/2(10G)|MWAN Synergy EG Uplink for (CBN_016_GPONA_01 Slot 8 Port 3) (06/7/2023)

NLZ|SNMIGMEXPAM_TDCAN_T950C_01_NL99.GE0/1/1(10G)|OLT SMGMEXP-HG-01-FTTx_MXC_004_GPONA_01 (FIO-SMGMEXPHG01FTTX_FMC)

NLZ|SJMALINOPAM_TDCAN_T980C_01_NL2387.GE0/3/3(10G)|MWAN Synergy EG Uplink for (MXC_003_GPONA_01 Slot 8 Port 1) (05/18/2023)

NLZ|COLILINGCARLOSPGSN_TDCAN_T980C_R0R7_01_NL3799.GE0/5/0.400(10G)|OLT CLNCSPGSN-FG-01-FTTx_SCC_005_GPONA_01 (FIO-CLNCSPGSNFG01FTTX_FMC) - IPOE

NLZ|RAMONISB_TDCAN_T980C_01_NL953.GE0/4/2(10G)|MWAN Synergy EG Uplink for (RMN_001_GPONA_01 Slot 8 Port 3) (06/7/2023)

NLZ|SNFERNANDNRTHCABIAONE_TDCAN_T980C_01_NL4352.Eth-Trunk3|HYB GPN-HM-01_CBO_701_HYB_01 (FIO-GPNHM01_FMC)

NLZ|BAGUIO_TDCAN_T980C_01_NL475.GE0/4/2(10G)|OLT BAG-EM-01_BAG_615_GPONA_01 (FIO-BAGEM01_FMC)

NLZ|NICOLSPM(ATN980C)-NL1475-TRS_DC_MAN-R8R4_L007-01.GE0/1/5|OLT SFP_001_GPONA_01 (NICOLSPM)  (FIO-SFPGPNHM01FTTx_FMC)

NLZ|MARILAO-NL549-TRS_DC_MAN-R5R5_L006-LTE-01.Eth-Trunk1|MINI OLT MRL_002_GPONA_01 (FIO-MARILAOHM01FTTX_FMC)

NLZ|CAALIBNGBNGNCBNATUNE_TDCAN_T980C_01_NL3038.GE0/3/2(10G)|OLT CLIBNGBN-FG-01-FTTx_CBN_027_GPONA_01 (FIO-CLIBNGBNFG01FTTX_FMC)

NLZ|Tarlac1-NL1576-AGGFN-X8-01.GE5/0/1.2350(10G)|OLT LAOAG1LSA01001NL674 LAOAG (FIO-LAOAG1LSA01001NL674_FMC) - VOICE

NLZ|TARLAC-NL1576-AGGFN-X8-02.GE5/0/7.1926(10G)|OLT SDF_001_GPONA_01  (FIO-BLGGPNHM01FTTx_FMC) - DATA

NLZ|TARLAC-NL1576-AGGFN-X8-02.GE5/0/7.1927(10G)|OLT BOB_001_GPONA_01 (BONGABON)  (FIO-CBNTLVHM01FTTx_FMC) - DATA

NLZ|TARLAC-NL1576-AGGFN-X8-02.GE5/0/7.1971(10G)|OLT MYC_002_GPONA_01 (FIO-NRZPRDHM05_FMC) - HSI

NLZ|TARLAC-NL1576-AGGFN-X8-02.GE5/0/7.1988(10G)|MINI OLT PRD_001_GPONA_01 (FIO-PLARIDELHM01FTTX_FMC) - HSI

NLZ|TARLAC-NL1576-AGGFN-X8-02.GE5/0/7.1973(10G)|MINI OLT MAL_002_GPONA_01 (FIO-ROBMALOLOSHIHM01FTTX_FMC) - HSI

NLZ|TARLAC-NL1576-AGGFN-X8-02.GE4/0/6.1977(10G)|OLT CBN_009_GPONA_01 (FIO-MSGRCIA-HG-01-FTTx_FMC) - DATA

NLZ|TARLAC-NL1576-AGGFN-X8-02.GE4/0/6.1976(10G)|MIN OLT CBN_010_GPONA_01
NLZ|TARLAC-NL1576-AGGFN-X8-02.GE5/0/7.1974(10G)|MINI OLT MRL_002_GPONA_02 (FIO-MARILAOHM01FTTX_FMC)  - HSI

NLZ|TARLAC-NL1576-AGGFN-X8-02.GE5/0/7.1944(10G)|OLT SJT_006_GPONA_01 (FIO-NRZPRDHM06_FMC) - HSI

NLZ|TARLAC-NL1576-AGGFN-X8-02.GE5/0/9.2303(10G)|ROBTUG-LSA01-001-NL2971-A1 - TLC_BNG-001/XE-5/0/1 (FIO-ROBTUGLSA01001NL2971A1_FMC) - DATA M

NLZ|TARLAC-NL1576-AGGFN-X8-02.GE4/0/6.2233(10G)|OLT SMDGPN-LSA01-001-NL3081 - TLC_BNG-001_XE-0/1/1 (FIO-SMDGPNLSA01001NL3081_FMC) - DATA M

NLZ|TARLAC-NL1576-AGGFN-X8-02.GE4/0/6.2235(10G)|OLT TWAERO-LSA01-001-NL3175 - TLC_BNG-001_XE-0/1/1 (FIO-TWAEROLSA01001NL3175_FMC) - DATA M

SLZ|DSM_137_TDCAN_910CB_01_SL2378.Eth-Trunk3.400|DSM_137_HYB_01_IPOE
SLZ|BLY-102-SL1220-ATN910C-01.GE0/2/1(100M)|reserved for BLY_102_GPONA_01
SLZ|BLY-105-SL2560-ATN910C-01.GE0/2/1(100M)|reserved for OLT BLY_105_GPONA_01

SLZ|BTY-122-SL2746-ATN910C-01.GE0/2/1(10G)|reserved for BTY_122_GPONA_01 2/1/2021

SLZ|STT-106-SL2589-ATN910C-01.GE0/2/3(100M)|reserved for STT_106_GPONA_02 2/1/2021

SLZ|TNN-104-SL2595-ATN910C-01.GE0/2/9|reserved for TNN_104_GPONA_01 2020 mini OLT 4/24/2020

SLZ|TNN-702-SL1741-ATN910C-01.Eth-Trunk3.400|LPA-FPIP-HM-03_TNN_702_VDB_01 (FIO-LPAFPIPHM03_FMC) - IPOE

SLZ|TNN-702-SL1741-ATN910C-01.GE0/2/1(100M)|reserved for OLT TNN_702_GPONA_01

SLZ|TLY-701-SL1996-ATN910C-01.Eth-Trunk3.400|LPA-FPIP-HM-03_TLY_701_VDB_01 (FIO-LPAFPIPHM03_FMC) - IPOE

SLZ|BC_604_TDCAN_910CB_01_SL1486.GE0/2/16|reserved for BCR_604_GPONA_01 2020 mini OLT 4/24/2020

SLZ|TNN-105-SL2596-ATN910C-01.GE0/2/1(10G)|reserved for TNN_105_GPONA_01
SLZ|TNN-105-SL2596-ATN910C-01.GE0/2/3(10G)|reserved for TNN_105_GPONA_02 2/1/2021

SLZ|LIA-701-SL2058-ATN910C-01.GE0/2/15|migrated to 0/2/4 facing LIA_701_HYB_01 0/8/0

SLZ|CMB_605_TDCAN_910D_01_SL1467.GE0/2/5(10G)|To: CMB_605_HYB_01 0/9/0
SLZ|SCL-601-SL1517-ATN910C-01.GE0/2/10(100M)|reserved for SCL_601_GPONA_01 2020 mini OLT 4/30/2020

SLZ|BC_610_TDCAN_910CB_01_SL1282.Eth-Trunk1|TO: MSAN_BC-610-MS
SLZ|BC_610_TDCAN_910CB_01_SL1282.Eth-Trunk4|migrated to Eth-Trunk5 facing BCR_610_HYB_01 0/8/0

SLZ|IMS-103-SL2615-ATN910C-01.Eth-Trunk3.400|IMS_103_HYB_01_IPOE
SLZ|IMS-104-SL2616-ATN910C-01.GE0/2/1(10G)|reserved for IMS_104_GPONA_01 2020 mini OLT 7/29/2020

SLZ|BC_613_TDCAN_910CB_01_SL1284.Eth-Trunk2|migrated to Eth-Trunk5 facing BCR_613_HYB_01 0/8/0

SLZ|BCGT_603_TDCAN_910CG_01_SL1285.GE0/2/17|migrated to 0/2/5 facing GNR_603_GPONA_01 9/1

SLZ|BCGT_603_TDCAN_910CG_01_SL1285.GE0/2/6(10G)|MWAN Synergy EG Uplink for GNR_603_GPONA_02 Slot 9 Port 3 (7/14/2023)

SLZ|LGS-701-SL1989-ATN910C-01.GE0/2/7(100M)|reserved for OLT LGS_701_GPONA_01

SLZ|BCGT_607_TDCAN_910D_01_SL1435.Eth-Trunk3|To: GNR_607_VDB_01
SLZ|TIA-701-SL1818-ATN910C-01.GE0/2/1(10G)|reserved for OLT TIA_701_GPONA_01

SLZ|TUY-701-SL2072-ATN910C-01.GE0/2/1(100M)|reserved for TUY_701_GPONA_01 2/1/2021

SLZ|BCIM_611_TDCAN_910D_01_SL1295.25GE0/2/15(1G)|migrated to 0/2/4 facing IMS_611_HYB_02 0/8/0

SLZ|BCIM_618_TDCAN_910CB_01_SL1302.Eth-Trunk3|To: IMS_618_HYB_01
SLZ|BCNV-603_TDCAN_910D_01_SL1447.25GE0/2/17(1G)|TO: MSAN_BCNV-603-MS
SLZ|BTY-101-SL2429-ATN910C-01.GE0/2/3(100M)|OLT BTY_101_GPONA_02
SLZ|LUC_701_TDCAN_910CB_01_SL1832.Eth-Trunk2|migrated to Eth-Trunk4 facing LUC_701_HYB_01 0/8/0

SLZ|LUC_702_TDCAN_910CB_01_SL1833.GE0/2/13|migrated to 0/2/4 facing LUC_702_HYB_01 0/8/0

SLZ|SPO_604_TDCAN_910D_01_SL1476.25GE0/2/13(1G)|To: SPO_604_VDB_01 0/0/0
SLZ|SPO_605_TDCAN_910D_01_SL1478.25GE0/2/13(1G)|To: SPO_605_VDB_01 0/0/0
SLZ|SPO_605_TDCAN_910D_01_SL1478.GE0/2/3(10G)|reserved for SPO_605_GPONA_02 2/1/2021

SLZ|GNR-706_TDCAN_910CB_01_SL2030.GE0/2/13|migrated to 0/2/4 facing GNR_706_HYB_01 0/8/0

SLZ|BC-611-SL1283-ATN910C-01.GE0/2/16(100M)|migrated to 0/2/4 facing BCR_611_GPONA_01 1/4/1

SLZ|BCIM_606_TDCAN_910CB_01_SL1290.Eth-Trunk4|To: GNR_606_HYB_01
SLZ|BCIM_606_TDCAN_910CB_01_SL1290.Eth-Trunk3|To: GNR_606_VDB_01
SLZ|BCIM_616_TDCAN_910CB_01_SL1300.GE0/2/5(100M)|reserved for IMS_616_GPONA_01 2020 mini OLT 4/24/2020

SLZ|SJE-701-SL1658-ATN910C-01.Eth-Trunk3.400|BCR-CRM-HM-02_SJE_701_VDB_01 (FIO-BCRCRMHM02_FMC) - IPOE

SLZ|SJE-701-SL1658-ATN910C-01.GE0/2/10(100M)|reserved for SJE_701_GPONA_01 2020 Project Milo 4/30/2020

SLZ|STR-701-SL1661-ATN910C-01.GE0/2/1(100M)|STR_701_GPONA_01 4/8/2021
SLZ|BTY_123_TDCAN_910CB_01_SL2571.GE0/2/1(10G)|reserved for BTY_123_GPONA_01 2/1/2021

SLZ|DAE_902-SL3132-ATN910C-01.GE0/2/11|TO: MSAN_DAE_902_VDB_01
SLZ|IMS_119_TDCAN_910CB_01_SL2350.GE0/2/15|migrated to 0/2/3 facing IMS_119_GPONA_01 9/1

SLZ|DSM-105-SL2650-ATN910C-01.GE0/2/15|migrated to 0/2/5 facing DSM_105_HYB_01 0/8/0

SLZ|BCR-136-SL1246-ATN910C-01.GE0/2/16|reserved for BCR_136_GPONA_01 2020 mini OLT

SLZ|BCR_137_TDCAN_910CG_01_SL2610.Eth-Trunk3|To: BCR_137_VDB_01
SLZ|DSM-123-SL2637-ATN910C-G-01.GE0/2/21|migrated to 0/2/3 facing  DSM_123_HYB_01  0/6/0

SLZ|IMS-126-SL2354-ATN910C-01.GE0/2/15|reserved for IMS_126_GPONA_01 2020 mini OLT 4/24/2020

SLZ|IMS-125-SL2613-ATN910C-01.Eth-Trunk2.400|IMS_125_VDB_01_IPOE
SLZ|IMS-128-SL2557-ATN910C-01.GE0/2/13|migrated to 0/2/4 facing IMS_128_HYB_01 0/8/0

SLZ|BCR-141-SL2602-ATN910C-01.GE0/2/13|migrated to 0/2/4 facing BCR_141_HYB_01 0/8/0

SLZ|DSM-106-SL2480-ATN910C-01.GE0/2/14|migrated to 0/2/9 facing DSM_106_HYB_01 0/8/0

SLZ|DSM-106-SL2480-ATN910C-01.GE0/2/18|migrated to 0/2/7 facing DSM_106_GPONA_01 1/3/2

SLZ|DSM-102-SL2376-ATN910C-01.GE0/2/15|migrated to 0/2/5  facing DSM_102_GPONA_01 1/3/2

SLZ|SRS-603-SL1509-ATN910C-01.GE0/2/16|reserved for SRS_603_GPONA_01 mini OLT 2020 4/24/2020

SLZ|SRS-603-SL1509-ATN910C-01.GE0/2/18|reserved for SRS_603_GPONA_02 mini OLT 2020 4/24/2020

SLZ|SRS-608-SL1511-ATN910C-01.GE0/2/13|migrated to 0/2/5 facing SRS_608_HYB_01 0/8/0

SLZ|SRS-608-SL1511-ATN910C-01.GE0/2/15|migrated to 0/2/6 facing SRS_608_HYB_02 0/8/0

SLZ|SRS-608-SL1511-ATN910C-01.GE0/2/1(10G)|reserved for SRS_608_GPONA_01
SLZ|SRS_609_TDCAN_910CG_01_SL1512.GE0/2/3|OLT SRS_609_GPONA_01
SLZ|IMS-704-SL2032-ATN910C-01.GE0/2/13|migrated to 0/2/4 facing IMS_704_HYB_01 0/8/0

SLZ|CMO-103-SL2612-ATN910C-01.GE0/2/6(100M)|To: CMO_103_VDB_01  NT-A:XFP:1
SLZ|SPS-101-SL1353-ATN910C-01.GE0/2/1(10G)|reserved for SPS_101_GPONA_01 2/1/2021

SLZ|SPS-102-SL1205-ATN910C-01.GE0/2/1(10G)|reserved for SPS_102_GPONA_01 2/1/2021

SLZ|BUA-105-SL1195-ATN910C-01.GE0/2/1(10G)|reserved for BUA_105_GPONA_01
SLZ|BUA-108-SL1196-ATN910C-01.GE0/2/1(10G)|reserved for BUA_108_GPONA_01
SLZ|LMR-104-SL2709-ATN910C-01.GE0/2/1(10G)|reserved for LMR_104_GPONA_01 2/1/2021

SLZ|LMR-105-SL1223-ATN910C-01.GE0/2/1(100M)|reserved for LMR_105_GPONA_01
SLZ|LMR-105-SL1223-ATN910C-01.GE0/2/3(100M)|reserved for LMR_105_GPONA_02 2/1/2021

SLZ|BNN-702-SL1448-ATN910C-01.GE0/2/15|To: BNN_702_GPONA_01 9/3
SLZ|BTMB-602-SL1183-ATN910C-G-01.GE0/2/16.400|BAT-EM-01_MAB_602_VDA_01 (FIO-BATEM01_FMC) - IPOE

SLZ|MAB-104-SL1228-ATN910C-01.Eth-Trunk2|To: MAB_104_VDB_01
SLZ|LMR-102-SL2708-ATN910C-01.GE0/2/13|migrated to 0/2/4 facing LMR_102_HYB_01 0/8/0

SLZ|LMR-103-SL1218-ATN910C-01.GE0/2/1(10G)|reserved for OLT LMR_103_GPONA_01

SLZ|CMO-102-SL2366-ATN910C-G-01.GE0/2/1(10G)|reserved for CMO_102_GPONA_01 2/1/2021

SLZ|BCR-709-SL2057-ATN910C-01.GE0/2/1(10G)|reserved for BCR_709_GPONA_01 2/1/2021

SLZ|BCR-703-SL1727-ATN910C-01.GE0/2/17|reserved for BCR_703_GPONA_01 2020 mini OLT 4/24/2020

SLZ|BCR-704-SL2027-ATN910C-01.GE0/2/1(10G)|reserved for BCR_704_GPONA_01 2020 Mini OLT

SLZ|DSM_703_TDCAN_910CG_01_SL1623.GE0/2/20|To: DSM_703_GPONA_01 1/3/1
SLZ|BCR_150_TDCAN_910CB_01_SL2628.GE0/2/17|migrated to 0/2/5 facing BCR_150_GPONA_01 9/1

SLZ|LPA_104_TDCAN_910CB_01_SL2461.GE0/2/13|migrated to 0/2/4 facing LPA_104_HYB_01 0/8/0

SLZ|LPA_106_TDCAN_910CB_01_SL2462.Eth-Trunk3|migrated to Eth-trunk4 facing LPA_106_HYB_01 0/8/0

SLZ|LPA_103_TDCAN_910CG_01_SL2644.Eth-Trunk3.400|LPA-BAT-HM-04_LPA_103_HYB_01 (FIO-LPABATHM04_FMC) - IPOE

SLZ|LPA_108_TDCAN_910CB_01_SL2466.Eth-Trunk3|migrated to Eth-trunk4 facing LPA_108_HYB_01 0/8/0

SLZ|LPA_109_TDCAN_910CB_01_SL2467.Eth-Trunk3|migrated to Eth-trunk4 facing LPA_109_HYB_01 0/8/0

SLZ|LPA_111_TDCAN_910CB_01_SL2464.GE0/2/17|migrated to 0/2/6 facing LPA_111_GPONA_01  1/3/2

SLZ|MTK_101_TDCAN_910CB_01_SL2282.GE0/2/15|migrated to 0/2/5 facing MTK_101_GPONA_01 9/1

SLZ|MTK_101_TDCAN_910CB_01_SL2282.GE0/2/1(10G)|reserved for OLT MTK_101_GPONA_02

SLZ|DSM_128_TDCAN_910D_01_SL2479.25GE0/2/16(1G)|reserved for DSM_128_GPONA_01 2020 mini OLT 4/30/2020

SLZ|BCR-143-SL1259-ATN910C-01.GE0/2/15|migrated to 0/2/4 facing BCR_143_GPONA_01 9/1

SLZ|SPO_703_TDCAN_910CB_01_SL1847.Eth-Trunk3|migrated to Eth-Trunk5 facing SPO_703_HYB_01 0/8/0

SLZ|SPO_703_TDCAN_910CB_01_SL1847.GE0/2/1(10G)|reserved for SPO_703_GPONA_01 2/1/2021

SLZ|SPO_704_TDCAN_910CG_01_SL1848.Eth-Trunk3.254|OM_SPO_704_HYB_01_LTI-FGU-HM-02:254

SLZ|BTTN_601_TDCAN_910CG_01_SL1184.GE0/2/16.400|OLT BAT-EM-01_STT_601_VDA_01 (FIO-BATEM01_FMC) - IPOE

SLZ|CMB_705_TDCAN_910D_01_SL1829.25GE0/2/19(1G)|To: CMB_705_HYB_01 0/8/0
SLZ|BT_602_TDCAN_910CB_01_SL1181.GE0/2/1(10G)|reserved for MINI OLT BTY_602_GPONA_01 8/5/2020

SLZ|SLG_001_TDCAN_910CG_01_SL2970.Eth-Trunk4|To: BNN_015_GPONA_01
SLZ|NVL_702_TDCAN_910CB_01_SL1318.GE0/2/17(100M)|migrated to 0/2/4 facing NVL_702_GPONA_01 9/1

SLZ|IMS_110_TDCAN_910CB_01_SL2620.Eth-Trunk3|migrated to Eth-Trunk5 facing IMS_110_HYB_01 0/8/0

SLZ|IMS_109_TDCAN_910CB_01_SL2619.Eth-Trunk3|migrated to Eth-Trunk4 facing IMS_109_HYB_01 0/8/0

SLZ|IMS_113_TDCAN_910CB_01_SL2622.Eth-Trunk3|migrated to Eth-Trunk4 facing IMS_113_HYB_01 0/8/0

SLZ|IMS_108_TDCAN_910CB_01_SL2580.Eth-Trunk3|migrated to Eth-Trunk5 facing IMS_108_HYB_01 0/8/0

SLZ|BCR_131_TDCAN_910DA_01_SL2710.25GE0/2/13(1G)|migrated to 0/2/5 facing BCR_131_HYB_01 0/8/0

SLZ|BCR_124_TDCAN_910CB_01_SL1241.GE0/2/17|migrated to 0/2/4  facing BCR_124_GPONA_01 1/3/2

SLZ|CVT_101_TDCAN_910CB_01_SL2364.GE0/2/13|migrated to 0/2/5 facing CVT_101_GPONA_01 9/1

SLZ|CVT_104_TDCAN_910CB_01_SL2521_.GE0/2/15|reserved for CVT_104_GPONA_01 2020 mini OLT 4/28/2020

SLZ|CVT-103_TDCAN_910CB_01_SL2520.GE0/2/15|migrated to 0/2/5  facing CVT_103_GPONA_01 1/3/2

SLZ|BCR_106_TDCAN_910CB_01_SL2484.GE0/2/1(10G)|reserved for BCR_106_GPONA_01 2020 mini OLT 8/28/2020

SLZ|BCR_103_TDCAN_910CB_01_SL2601.GE0/2/15|migrated to 0/2/4 facing BCR_103_GPONA_01 9/1

SLZ|BCR_102_TDCAN_910CB_01_SL2600.GE0/2/13|migrated to 0/2/4 facing BCR_102_GPONA_01 3/2

SLZ|BCR_128_TDCAN_910CB_01_SL2605.GE0/2/16|reserved for BCR_128_GPONA_01 2020 mini OLT 4/24/2020

SLZ|DSM_120_TDCAN_910CG_01_SL2516.GE0/2/19|migrated to 0/2/3 facing  DSM_120_HYB_01 0/7/0

SLZ|BTY_113_TDCAN_910CB_01_SL2770.GE0/2/13|migrated to 0/2/4 facing BTY_113_HYB_01 0/8/0

SLZ|DSM_119_TDCAN_910CB_01_SL2515.GE0/2/1(10G)|reserved for OLT DSM_119_GPONA_01 8/3/2020

SLZ|BTY_116_TDCAN_910CB_01_SL2566.Eth-Trunk3|migrated to Eth-trunk4 facing BTY_116_HYB_01 0/8/0

SLZ|STT_701_TDCAN_910CG_01_SL1662.Eth-Trunk2|migrated to Eth-Trunk3 facing STT_701_HYB_01 0/8/0

SLZ|SPO_101_TDCAN_910CB_01_SL1479.GE0/2/1(10G)|reserved for OLT SPO_101_GPONA_01

SLZ|SRS_620_TDCAN_910D_01_SL1521.Eth-Trunk3|migrated to Eth-Trunk4 facing SRS_620_HYB_01 0/8/0

SLZ|DSM_116_TDCAN_910CB_01_SL2514.Eth-Trunk3|migrated to Eth-trunk5 facing DSM_116_HYB_01 0/8/0

SLZ|SRS_619_TDCAN_910D_01_SL1519.25GE0/2/14(1G)|reserved for SRS_619_GPONA_01 mini OLT 2020 4/24/2020

SLZ|MARUPITCN_TDCAN_T950C_01_SL4559.GE0/4/2|migrated to 0/1/1  facing NAG_010_GPONA_01 1/3/2

SLZ|SNJOAQUINSTOMASBATS_TDCAN_T980C_R3R3_01_SL5681_R3R3_01_SL5513.GE0/3/1(10G)|reserved for STT_013_GPONA_01 5/12/2022

SLZ|LPA-701-SL2123-ATN910C-01.GE0/2/1(100M)|reserved for OLT LPA_701_GPONA_01

SLZ|LPA-702-SL2098-ATN910C-01.GE0/2/3(100M)|reserved for LPA_702_GPONA_02 2/1/2021

SLZ|DSM-134-SL2485-ATN910C-01.GE0/2/9|reserved for DSM_134_GPONA_02 2020 mini OLT 4/24/2020

SLZ|NAI-701-SL1426-ATN910C-01.Eth-Trunk3.400|NAI_701_VDB_01_IPOE
SLZ|BAGUIS_TDCAN_T950C_R5R5_01_SL1000.GE0/1/1(10G)|OLT BGUIS-NG-01-FTTx_LGS_007_GPONA_01 (FIO-BGUISNG01FTTX_FMC

SLZ|STAELN-SL549-TRS_DC_AG-R2-01.Eth-Trunk10.470|eNODE B COSTADSOLPCF - EPC San Juan (S1)

SLZ|CALAPA-SL40-TRS_DC_AG-R7-01.Eth-Trunk10.232|eNode B TABINAYPGLERAORMFHLWYK- EPC San Juan/Aurora - FIO-SL3181_WIRELESS (S1)

SLZ|DASMARSU-SL614-TRS_DC_AG-R6-01.GE5/1/13|reserved for DSM_010_GPONA_01 2020 Project Milo 5/15/2020

SLZ|DASMARSU-SL614-TRS_DC_AG-R6-02.Eth-Trunk2|BCR-DSM-FM-02-FTTX_IMS_003_GPONA_01_BACOOR-AGFN-X8A-01/Eth-Trunk15 (FIO-BCRDSMFM02FTTX_FMC)

SLZ|BACOOR-SL565-AGGFMN-X16A-01.Eth-Trunk6.2306|VDSL VSTMOL-LSA01-001-SL3873-A1 (FIO-VSTMOLLSA01001M_FMC) - SIP

SLZ|OAS_TDCAN_T980C_R5R5_01_SL788.GE0/1/4|migrated to 0/3/1  facing OAS_001_GPONA_01  1/3/2

SLZ|SORSOG(ATN980C)-SL923-TRS_DC_AN-R5R5_L4LTE-01.GE0/5/2(10G)|RESERVED FOR  SOR_701_HYB_01 01192024JSS

SLZ|POLANG-SL809-TRS_DC_MAN-R5R5_L2LTE-01.Eth-Trunk2|To: POL_001_GPONA_01
SLZ|BAAOCS_TDCAN_T980C_01_SL1096.GE0/2/6|migrated to 0/3/1 facing BAM_001_GPONA_01 1/3/2

SLZ|BANDU(ATN980C)-SL153-TRS_DC_AN-R1R1_L2LTE-01.GE0/2/3|migrated to 0/3/1 facing LUC_001_GPONA_01 9/1

SLZ|GLANG2-SL154-TRS_DC_AN-R1R1_L8LTE-01.GE0/4/2|migrated to 0/2/1 facing LUC_002_GPONA_01 9/1

SLZ|FAIRLC(ATN980C)-SL150-TRS_DC_MAN-R1R1_L9-01.GE0/2/3|migrated to 0/3/1 facing LUC_007_GPONA_01 9/1

SLZ|BACACA_TDCAN_T950D_01_SL802.GE0/4/3.400(10G)|_BCC_001_GPONA_01 (FIO-_FMC) - IPOE

SLZ|SAGNAY_TDCAN_T980C_01_SL747.Eth-Trunk2.4064|MT/IC-AUZ-3539 /ICD CITY SAVINGS BANK INC. - MPLS (6MBPS) GOA - BACOOR PE NNI_CPE MANAGEMENT_cCSAVB-C3916-058

SLZ|SAGNAY_TDCAN_T980C_01_SL747.Eth-Trunk2.4064|MT/IC-AUZ-3539 /ICD CITY SAVINGS BANK INC. - MPLS (6MBPS) GOA - BACOOR PE NNI_CPE MANAGEMENT_cCSAVB-C3916-058

SLZ|SAGNAY_TDCAN_T980C_01_SL747.Eth-Trunk2.4064|MT/IC-AUZ-3539 /ICD CITY SAVINGS BANK INC. - MPLS (6MBPS) GOA - BACOOR PE NNI_CPE MANAGEMENT_cCSAVB-C3916-058

SLZ|BCHARA_TDCAN_T950C_R2R2_01_SL1100.GE0/4/1|migrated to 0/1/1 facing NAG_002_GPONA_01 9/1

SLZ|BCHARA_TDCAN_T950C_R2R2_01_SL1100.GE0/5/2|migrated to 0/1/2  facing NAG_002_GPONA_02 1/3/2

SLZ|MAMATID_TDCAN_T980C_R1R6_01_SL635.GE0/7/0|RESERVED FOR CAB_002_GPONA_01 01052024

SLZ|MAMATID_TDCAN_T980C_R1R6_01_SL635.GE0/4/2(10G)|RESERVED FOR CAB_002_GPONA_02
SLZ|CAVITECTY_TDCAN_T980C_01_SL570.GE0/2/1|reserved for CVT_002_GPONA_01 Project Milo 2020 7/2/2020

SLZ|SLUCAS-SL696-TRS_DC_MAN-R1R1_L0LTE-01.GE0/4/6|reserved for SNP_004_GPONA_01 2020 Project Milo 5/15/2020

SLZ|GUINOB(ATN980C)-SL798-TRS_DC_AN-R5R5_L1LTE-01.GE0/7/1|migrated to 0/3/1  facing GNB_001_GPONA_02 1/3/2

SLZ|RBSNIMUS_TDCAN_T950C_01_SL587.GE0/4/7|reserved for IMS_012_GPONA_01 Project Milo 2020 7/2/2020

SLZ|SMBACOOR(ATN980C)-SL576-TRS_DC_MAN-R6R6_L15LTE-01.GE0/2/0|migrated to 0/3/1 facing BCR_010_GPONA_01 9/1

SLZ|DAET_TDCAN_T950C_01_SL545.Eth-Trunk10.400|DAET-FG-01-FTTx_DAE_001_GPONA_01 (FIO-DAETFG01FTTX_FMC) - IPOE

SLZ|KAONGILOG_TDCAN_T980C_134_SL441.GE0/2/5|migrated to 0/3/1 facing SLG_007_GPONA_01 9/1

SLZ|PALAPALA_TDCAN_T980C_01_SL583.GE0/1/2|migrated to 0/3/2 facing DSM_003_GPONA_01 9/1

SLZ|VICENTECVT-SL2141-TRS_DC_AN-R6R6_L19LTE-01.GE0/4/0|migrated to 0/2/1 facing SLG_002_GPONA_01 9/1

SLZ|ESTACION_TDCAN_T950C_01_SL1920.GE0/4/6|migrated to 0/2/1 facing NAI_002_GPONA_01 9/1

SLZ|NAICTOWN_TDCAN_T950D_01_SL442.GE0/2/7|reserved for NAI_003_GPONA_01 2020 Project Milo 4/30/2020

SLZ|SALAGOLD-SL450-TRS_DC_AN-R0_L13LTE-01.GE0/4/6|reserved for DSM_006_GPONA_01 2020 Project Milo 5/8/2020

SLZ|JULUTANZ_TDCAN_T950D_01_SL740.GE0/2/6|reserved for TNZ_005_GPONA_01 2020 Project Milo 5/5/2020

SLZ|MKAHOY-SL212-TRS_DC_MAN-R3R3_L11LTE-01.GE0/5/0(10G)|OLT MKAHOY-FG-01-FTTx_MTK_101_GPONA_01 (FIO-MKAHOYFG01FTTX_FMC)

SLZ|MKAHOY-SL212-TRS_DC_MAN-R3R3_L11LTE-01.GE0/5/1(10G)|OLT MKAHOY-FG-02-FTTx_MTK_101_GPONA_02 (FIO-MKAHOYFG02FTTX_FMC)

SLZ|SIPOCO_TDCAN_T980C_R2R2_01_SL748.GE0/2/3|migrated to 0/4/1  facing SPC_001_GPONA_01 1/3/2

SLZ|CUENRD-SL231-TRS_DC_AN-R3R3_L13LTE-01.GE0/3/4|reserved for CUC_001_GPONA_01 2020 Project Milo 5/8/2020

SLZ|NASUGB_TDCAN_T980C_R3R3_01_SL179.GE0/2/1|migrated to 0/2/1 facing NSU_001_GPONA_01 9/1

SLZ|DACANLAO_TDCAN_T980C_R3R3_01_SL1918.GE0/2/6|migrated to 0/3/1  facing CCA_002_GPONA_01 1/3/2

SLZ|WAWABA_TDCAN_T980C_R3R3_01_SL255.GE0/2/6|migrated to 0/3/1 facing NSU_002_GPONA_01 9/1

SLZ|BALAYB_TDCAN_T950C_01_SL170.GE0/4/1|migrated to 0/1/1 facing BLY_001_GPONA_01 9/1

SLZ|NUENO_TDCAN_T950C_01_SL2797.GE0/3/4|reserved for IMS_014_GPONA_01 2020 Project Milo 5/8/2020

SLZ|SANTIAGOLIP(ATN980C)-SL2754-TRS_DC_AN_R3R3_L1-01.GE0/2/3|migrated to 0/3/1 facing LPA_002_GPONA_01 9/1

SLZ|BITANGAN_TDCAN_T980C_R6R6_01_SL1585.GE0/3/1(10G)|OLT BTNGAN-HG-01-FTTx_TRC_500_GPONA_01 (FIO-BTNGANHG01FTTX_FMC)

SLZ|SEAMNSVIL_TDCAN_T980C_R6R6_01_SL736.GE0/2/0|migrated to 0/1/1 facing DSM_005_GPONA_01 9/1

SLZ|LUMBAN(ATN980C)-SL886-TRS_DC_MAN-R1R1-L18-01.GE0/2/0|migrated to 0/4/1 facing LUM_001_GPONA_01 9/1

SLZ|PAGSANJAN-SL962-TRS_DC_MAN-R1R1-L18LTE-01.GE0/4/10|migrated to 0/2/1 facing PJN_001_GPONA_01 9/1

SLZ|PANGIL(ATN980C)-SL866-TRS_DC_MAN-R1R1-L18-01.GE0/2/5|migrated to 0/3/1 facing PGL_001_GPONA_01 9/1

SLZ|ATIMON-SL300-TRS_DC_MAN-R1R1_L1LTE-01.GE0/3/1|migrated to 0/5/0 facing ATM_001_GPONA_01 1/3/2

SLZ|LANDAYANBYN(ATN950C)-SL2912-TRS_DC_AN-R6R6_L28LTE-01.GE0/3/5|migrated to 0/2/1 facing SPO_006_GPONA_01 1/3/2

SLZ|PALICOII-SL3185-TRS_DC_AN-R6R6_L11LTE-01.GE0/3/6|reserved for IMS_013_GPONA_01 2020 Project Milo 5/15/2020

SLZ|SALITRAN_TDCAN_T980C_01_SL606.GE0/2/0|migrated to 0/5/1 facing DSM_004_GPONA_01 9/1

SLZ|MAGDALENA-SL889-TRS_DC_AN-R1R1_L7LTE-01.GE0/4/6|migrated to 0/2/1 facing MGD_001_GPONA_01 9/1

SLZ|TAYABA_TDCAN_T980C_01_SL1068.GE0/2/2|migrated to 0/3/1 facing TYB_001_GPONA_01 9/1

SLZ|SNFRCS(ATN980C)-SL1125-TRS_DC_AN-R2R2_L3LTE-01.GE0/2/5|migrated to 0/3/1  facing MLR_002_GPONA_01 1/3/2

SLZ|PILICA(ATN980C)-SL561-TRS_DC_AN-R2R2_L1LTE-01.GE0/2/5|migrated to 0/4/1  facing PLI_001_GPONA_01 1/8/2

SLZ|TINGA-SL111-TRS_DC_MAN-R3R3_L10LTE-01.GE0/4/1(10G)|reserved for BTY_004_GPONA_01 2/11/2022

SLZ|TAMBOLIP(ATN980C)-SL2446-TRS_DC_AN-R3R3_L13LTE-01.GE0/2/6|migrated to 0/3/1 facing LPA_004_GPONA_01 9/1

SLZ|BA1POB-SL1760-TRS_DC_MAN-R1R3_L2LTE-01.GE0/1/5|reserved for BUA_002_GPONA_01 2020 Project Milo 5/8/2020

SLZ|GENTRIAS(ATN980C)-SL595-TRS_DC_AN-R6R6_L1LTE-01.GE0/7/6|migrated to 0/3/1  facing GNR_004_GPONA_01 1/3/2

SLZ|SPMALLIN(ATN980C)-SL2018-TRS_DC_AN-R1R3_L2LTE-01.GE0/2/6|migrated to 0/3/1 facing SNP_001_GPONA_01 9/1

SLZ|PALICO-SL443-TRS_DC_AN-R6R6_L16LTE-01.GE0/4/6|reserved for IMS_006_GPONA_01 2020 Project Milo 5/8/2020

SLZ|KALSABAGO(ATN980C)-SL739-TRS_DC_AN-R6R6_L21LTE-01.GE0/1/0|migrated to 0/3/1 facing IMS_004_GPONA_01 9/1

SLZ|GENTRI2_TDCAN_T980C_01_SL617.Eth-Trunk2|OLT BCR-DSM-HM-02-FTTx_GNR_001_GPONA_01 (FIO-BCRDSMHM02FTTX_FMC)

SLZ|KAWIT-SL580-TRS_DC_AN-R6R6_L28LTE-01.GE0/4/1|migrated to 0/2/1 facing KWT_001_GPONA_01 9/1

SLZ|TEJERO_TDCAN_T910D_01_SL1919.25GE0/2/18(1G)|migrated to 0/2/1 facing GNR_002_GPONA_01 0/9/2

SLZ|SALCAB-SL870-TRS_DC_AN-R6R6_L2LTE-01.GE0/3/3|reserved for CAB_003_GPONA_01 2020 Project Milo 5/15/2020

SLZ|BACOOR-SL565-AGFN-X8A-01.Eth-Trunk15|BCR-DSM-FM-02-FTTX_IMS_003_GPONA_01_DASMARSU-AG-02/Eth-Trunk2 (FIO-BCRDSMFM02FTTX_FMC)

SLZ|CARMONA-SL590-AGFN-X8A-01.GE8/0/6(10G)|RESERVED FOR CRM-BNN-HM-01-FTTx CMO_001_GPONA_01 DAVID-FTTH 03222019

SLZ|NASUGBU-SL295-AGGFN-X8-01.GE1/0/10.2636(10G)|Mayapa OLT (CMB_006_GPONA_01) (FIO-CMB_006_GPONA_01_FMC) - DATA

SLZ|NASUGBU-SL295-AGGFN-X8-01.GE1/0/10.2307(10G)|VDSL VSTMOL-LSA01-001-SL3873-A1 - NSB_BNG-001/XE-7/1/1 (FIO-VSTMOLLSA01001SL3873A1_FMC) - DATA M

VIS|ILO-118-VIS3005-ATN910C-01.GE0/2/14|To: ILO_118_VDB_01 0/0/1
VIS|BUE_101_TDCAN_T910CG_01_VIS2913.Eth-Trunk5|To: BUE_101_GPONA_01
VIS|INB_102_TDCAN_T910CG_01_VIS2915.GE0/2/19|TO: MSAN_INB_102_VDB_01 NT-A
VIS|JGN_702_TDCAN_T910CG_01_VIS1140.Eth-Trunk4|TO: MSAN_JGN_702_VDB_01
VIS|VIC_105_TDCAN_T910CG_01_VIS2524.GE0/2/15|migrated to 0/2/6 facing VIC_105_GPONA_01 9/1

VIS|BIG_104_TDCAN_T910CG_01_VIS2363.GE0/2/15|migrated to 0/2/1 facing BIG_104_GPONA_01 9/1

VIS|BAO-601-VIS1578-ATN910C-01.GE0/2/13(100M)|migrated to 0/2/5 facing BAO_601_GPONA_01 9/1

VIS|CEB-684-VIS1108-ATN910C-01.Eth-Trunk2|To: CEB_684_HYB_02
VIS|TAL-601-VIS1129-ATN910C-01.GE0/2/17|To: TAL_601_GPONA_01 10/3
VIS|TLD-701-VIS1629-ATN910C-01.Eth-Trunk3|TO: MSAN_TLD_701_VDB_01
VIS|SBN-704-VIS2153-ATN910C-01.Eth-Trunk4|To: SBN_701_HYB_01
VIS|TSY-601-VIS1493-ATN910C-01.GE0/2/5(10G)|To: TSY_601_VDB_01 NT-B:XFP:1
VIS|ILO-703-VIS1971-ATN910C-01.GE0/2/14|migrated to 0/2/5 facing ILO_703_GPONA_02 1/3/2

VIS|CLB-105-VIS2475-ATN910C-01.Eth-Trunk4.3757|
VIS|BAI-102-VIS2410-ATN910C-01.Eth-Trunk4|To: BAI_103_VDB_01
VIS|KAL-106-VIS2366-ATN910C-01.Eth-Trunk3.3157|HSI-KAL_106_HYB_01_KAL-HM-01:3157

VIS|CBT-101-VIS2397-ATN910C-01.GE0/2/13|migrated to 0/2/4 facing CBT_101_GPONA_01 1/3/2

VIS|JNY_103_TDCAN_T910D_01_VIS2330.GE0/2/5(10G)|To: JNY_103_GPONA_01 1/3/2
VIS|TAG-102-VIS2923-ATN910C-01.GE0/2/17|TO: TAG_102_GPONA_01 1/3/1
VIS|SGD-702-VIS2762-ATN910C-01.GE0/2/5|To: SGD_702_VDB_01 0/0/1
VIS|BCD-113-VIS2513-ATN910C-01.GE0/2/5(10G)|to: LCT_703_HYB_01 0/9/0
VIS|MER_103_TDCAN_T910D_01_VIS2641.25GE0/2/14(1G)|To: MER_103_VDB_01 0/0/1
VIS|BCD-706-VIS1999-ATN910C-01.Eth-Trunk7|To: BCD_706_GPONA_01
VIS|LPU-230-VIS2912-ATN910C-01.GE0/2/4|migrated to 0/2/6 facing LPU_230_GPONA_01 3/2

VIS|ILO-115-VIS2572-ATN910C-01.Eth-Trunk3|To: BCD_137_VDB_01
VIS|ORM-106-VIS2656-ATN910C-01.GE0/2/12|To: ORM_106_GPONA_01 9/3
VIS|ORM-101-VIS2337-ATN910C-01.GE0/2/14|migrated to 0/2/4 facing ORM_101_GPONA_01 1/3/2

VIS|NGA_703_TDCAN_T910D_01_VIS1814.25GE0/2/8(10G)|To: NGA_703_GPONA_01 9/1
VIS|NGA_703_TDCAN_T910D_01_VIS1814.25GE0/2/9(10G)|To: NGA_703_GPONA_02 1/3/2
VIS|MIN_103_TDCAN_T910C_01_VIS2895.GE0/2/15|migrated to 0/2/1 facing MIN_103_GPONA_02 9/1

VIS|TAL_706_TDCAN_T910C_01_VIS1985.GE0/2/13|migrated to 0/2/4 facing  TAL_706_HYB_01 0/7/0

VIS|TAL_703_TDCAN_T910C_01_VIS1982.Eth-Trunk3|To: TAL_703_HYB_01
VIS|TAL_705_TDCAN_T910C_01_VIS1984.Eth-Trunk3|migrated to Eth-Trunk4 facing TAL_705_HYB_01 0/8/0

VIS|CEB_025_TDCAN_T910CG_01_VIS1663.GE0/2/15|migrated to 0/2/3 facing CEB_825_GPONA_01 1/3/2

VIS|CEB_026_TDCAN_T910CG_01_VIS1664.GE0/2/13|migrated to 0/2/5 facing CEB_826_GPONA_01 1/3/2

VIS|CEB_765_TDCAN_T910C_01_VIS2132.Eth-Trunk3|migrated to 0/2/3 facing CEB_765_HYB_01 0/8/0

VIS|PAL-101-VIS2937-ATN910C-01.GE0/2/13|migrated to 0/2/4 facing PAL_101_GPONA_01 9/1

VIS|MIN_101_TDCAN_T910C_01_VIS2887.GE0/2/19|To: MIN_101_GPONA_01 1/3/1
VIS|LIL_602_TDCAN_T910CG_01_VIS1554.GE0/2/17|migrated to 0/2/4 facing LIL_602_GPONA_01 1/3/2

VIS|CEB_711_TDCAN_T910CG_01_VIS1956.GE0/2/5|0/2/19_To: CEB_711_HYB_01 0/8/0 

VIS|CEB_081_TDCAN_T910CG_01_VIS2868.Eth-Trunk7|OLT LHGA1-JLC-HM-01_CEB_081_GPONA_01 (FIO-LHGA1JLCHM01_FMC)

VIS|CEB_787_TDCAN_T910D_01_VIS2151.25GE0/2/15(1G)|migrated to 0/2/1 facing CEB_787_GPONA_01 9/1

VIS|ILO_005_TDCAN_T910CG_01_VIS3764.Eth-Trunk4|TO: MSAN_ILO_005_VDB_01
VIS|COM_701_TDCAN_T910C_01_VIS1823.GE0/2/13|To: COM_101_GPONA_01 9/3
VIS|COM_701_TDCAN_T910C_01_VIS1823.Eth-Trunk7|To: COM_701_GPONA_01
VIS|SANJUAN_TDCAN_T980C_01_VIS482.Eth-Trunk7|OLT SJA_001_GPONA_01 (FIO-SNJUANFG01FTTx_FMC)

VIS|SIB-701-VIS81528-ATN910C-01.GE0/2/15|migrated to 0/2/4 facing SIB_701_GPONA_01 1/3/2

VIS|DTE-707-VIS1966-ATN910C-01.Eth-Trunk4|TO: MSAN_DTE_707_VDB_01
VIS|CEB-064-VIS2869-ATN910C-01.GE0/2/13(100M)|migrated to 0/2/3 facing CEB_064_HYB_01 0/8/0

VIS|TAL_105_TDCAN_T910D_01_VIS2147.Eth-Trunk3|TO: MSAN_TAL_105_HYB_01
VIS|MDE_200_TDCAN_T910C_01_VIS2909.GE0/2/14|migrated to 0/2/4 facing MDE_200_GPONA_01 9/1

VIS|CEB_084_TDCAN_T910CG_01_VIS2872.GE0/2/15|migrated to 0/2/5 facing CEB_084_GPONA_02 9/1

VIS|DTE_115_TDCAN_T910CG_01_VIS2685.Eth-Trunk4|VDSL DTE-HM-02_DTE_115_VDB_01 (FIO-DTEHM02_FMC)

VIS|DTE_104_TDCAN_T910C_01_VIS2424.GE0/2/5|TO: MSAN_DTE_104_HYB_01
VIS|DTE_104_TDCAN_T910C_01_VIS2424.GE0/2/17|migrated to 0/2/1 facing DTE_104_GPONA_01 1/3/2

VIS|DTE_116_TDCAN_T910CG_01_VIS2686.Eth-Trunk5|To: DTE_116_GPONA_01
VIS|DTE_116_TDCAN_T910CG_01_VIS2686.Eth-Trunk6|VDSL DTE-HM-01_DTE_116_VDB_01 (FIO-DTEHM01_FMC)

VIS|DTE_111_TDCAN_T910D_01_VIS2427.GE0/2/3(10G)|RESERVED FOR DTE_111_GPONA_01<>DTE-111 OLT LINK UPGRADE 1x10GE

VIS|DTE_102_TDCAN_T910C_01_VIS3117.GE0/2/15|migrated to 0/2/4 facing DTE_102_GPONA_01 1/3/2

VIS|BAIS-VIS1577-AGGFN-X2-01.Eth-Trunk36.546|HSI-BAI_701_GPONA_01:BAI-HM-01:546

VIS|BRG-104-VIS2470-ATN910C-01.GE0/2/13|migrated to 0/2/1 facing BRG_104_GPONA_01 9/1

VIS|CBT-702-VIS2075-ATN910C-01.Eth-Trunk5.400|OLT CTB_702_GPONA_01 (FIO-STBHM01_FMC) - IPOE

VIS|TCFGASTONINOSNJUANSLEY_TDCAN_T910CG_01_VIS5734.GE0/2/1(10G)|RESERVED FOR SJA_001_GPONA_01<>TCFGASTONINOSNJUANSLEY OLT LINK UPGRADE 2x10GE

VIS|GABICORDOVCEBLEGO_TDCAN_T910C_01_VIS2023.Eth-Trunk7|OLT GAB-FG-01-FTTx_CRV_002_GPONA_01 (FIO-GABFG01FTTx_FMC)

VIS|SANREMEGIOFOBN-VIS1598-TRS_DC_AG-R3-01.GE2/1/1.1620(10G)|OLT: MDJ_701_GPONA_01 (FIO-SFEHM01_FMC) - DATA

VIS|SANREMEGIOFOBN-VIS1598-TRS_DC_AG-R3-01.GE2/1/1.1855(10G)|OLT: BAN_101_GPONA_01 (FIO-SFEHM01_FMC) - DATA

VIS|SANREMEGIOFOBN-VIS1598-TRS_DC_AG-R3-01.GE2/1/1.1224(10G)|OLT: SFE_101_GPONA_01 (FIO-SFEHM01_FMC) - DATA

VIS|TAYUD-VIS194-TRS_DC_AG-R4-01.Eth-Trunk3|TYD-FG-01_LIL_002_GPONA_01_TAYUD-AG-01/Eth-Trunk2

VIS|LAHUG-VIS148-AGGFMN-X16A-02.Eth-Trunk4.1642|ICD CEBU INSTITUTE OF TECHNOLOGY UNIVERSITY 200 MBPS - LAHUG NNI (FIO-VIS155_DATA_CITU) - DI

VIS|LAHUG-VIS148-AGGFMN-X16A-02.Eth-Trunk4.1642|ICD CEBU INSTITUTE OF TECHNOLOGY UNIVERSITY 200 MBPS - LAHUG NNI (FIO-VIS155_DATA_CITU) - DI

VIS|LAHUG-VIS148-AGGFMN-X16A-02.Eth-Trunk4.1642|ICD CEBU INSTITUTE OF TECHNOLOGY UNIVERSITY 200 MBPS - LAHUG NNI (FIO-VIS155_DATA_CITU) - DI

VIS|LAHUG-VIS148-AGGFMN-X16A-02.Eth-Trunk4.1642|ICD CEBU INSTITUTE OF TECHNOLOGY UNIVERSITY 200 MBPS - LAHUG NNI (FIO-VIS155_DATA_CITU) - DI

VIS|LAHUG-VIS148-AGGFMN-X16A-02.Eth-Trunk4.1642|ICD CEBU INSTITUTE OF TECHNOLOGY UNIVERSITY 200 MBPS - LAHUG NNI (FIO-VIS155_DATA_CITU) - DI

VIS|LAHUG-VIS148-AGGFMN-X16A-02.Eth-Trunk4.1642|ICD CEBU INSTITUTE OF TECHNOLOGY UNIVERSITY 200 MBPS - LAHUG NNI (FIO-VIS155_DATA_CITU) - DI

VIS|LAHUG-VIS148-AGGFMN-X16A-02.Eth-Trunk4.1642|ICD CEBU INSTITUTE OF TECHNOLOGY UNIVERSITY 200 MBPS - LAHUG NNI (FIO-VIS155_DATA_CITU) - DI

VIS|LAHUG-VIS148-AGGFMN-X16A-02.Eth-Trunk4.1642|ICD CEBU INSTITUTE OF TECHNOLOGY UNIVERSITY 200 MBPS - LAHUG NNI (FIO-VIS155_DATA_CITU) - DI

VIS|LAHUG-VIS148-AGGFMN-X16A-02.Eth-Trunk4.1642|ICD CEBU INSTITUTE OF TECHNOLOGY UNIVERSITY 200 MBPS - LAHUG NNI (FIO-VIS155_DATA_CITU) - DI

VIS|JMBASA-VIS927-TRS_DC_AG-R1-01.GE3/1/10(10G)|TO: ILO_005_HYB_01 (Avida Tower)

VIS|TUBURA_TDCAN_T980C_01_VIS195.GE0/4/2(10G)|RESERVED FOR TBR_001_GPONA_01<>TUBURA OLT LINK UPGRADE 2x10GE

VIS|BACAYN-VIS24-TRS_DC_MAN-R4R4_L41LTE-01.GE0/1/3|migrated to 0/3/3 facing CEB_034_GPONA_01  9/1

VIS|LABOG2-VIS53-TRS_DC_MAN-R4R4_L41LTE-01.Eth-Trunk7|OLT CON_004_GPONA_01 (FIO-LBG2FG01FTTx_FMC)

VIS|MANSIL_TDCAN_T980C_01_VIS894.GE0/1/5|migrated to 0/3/2 facing BCD_010_GPONA_01 9/1

VIS|SANFER-VIS902-TRS_DC_MAN-R3R3_L7LTE-01.GE0/1/5|migrated to 0/4/2 facing SNF_001_GPONA_01 9/1

VIS|TABUNO-VIS1885-TRS_DC_MAN-R5R5_L18LTE-01.GE0/5/5|TO: TABUNO OLT (TAL_003_GPONA_01) (FIO-CEBUL18FTTX_FMC)

VIS|TABUNO_TDCAN_T950D_01_VIS1885.GE0/2/8|TO: TABUNO OLT (TAL_003_GPONA_01) (FIO-CEBUL18FTTX_FMC)

VIS|LAMBUN_TDCAN_T980C_01_VIS585.GE0/1/1|migrated to 0/4/2 facing LMB_001_GPONA_01 9/1

VIS|HILONG-VIS492-TRS_DC_MAN-R7R7_L3LTE-01.GE0/2/6|migrated to 0/3/3 facing HIL_001_GPONA_01 9/1

VIS|LACASZ_TDCAN_T980C_01_VIS71502.GE0/1/6|migrated to 0/4/3 facing LCL_001_GPONA_01 9/1

VIS|APALE-VIS420-TRS_DC_AN-R7R7_L7LTE-01.GE0/3/3(10G)|RESERVED FOR ISL_502_GPONA_01<>APALE OLT LINK UPGRADE 2x10GE

VIS|SAGKAN-VIS500-TRS_DC_MAN-R6R6_L5LTE-01.Eth-Trunk8|OLT TAC_003_GPONA_02 (FIO-SGKNFG02FTTx_FMC)

VIS|APITON-VIS908-TRS_DC_AN-R6R6_L11LTE-01.GE0/1/6|OLT TAC_007_GPONA_02 (FIO-APTNFG01FTTx_FMC)

VIS|TAGBIL_TDCAN_T980C_01_VIS292.GE0/1/5|RESERVED for RTAF_FMC-2021-4028/TAG_004_GPONA_01 2x1G - 11/10/2021

VIS|BACLAY-VIS230-TRS_DC_MAN-R7R7_L2-01.Eth-Trunk7|OLT BAC_001_GPONA_01 (FIO-BCYFG01FTTX_FMC)

VIS|BAGO_TDCAN_T980C_01_VIS803.GE0/7/0|migrated to 0/5/0 facing BGO_001_GPONA_01 1/3/2

VIS|GKALIB_TDCAN_T980C_01_VIS333.Eth-Trunk3|KAL_001_GPONA_01
VIS|OTON_TDCAN_T980C_01_VIS588.GE0/7/6|migrated to 0/3/3 facing OTN_001_GPONA_02 1/3/2

VIS|LEGANE_TDCAN_T980C_01_VIS586.GE0/1/4|OLT LGN_001_GPONA_01 (FIO-LGNFG01FTTx_FMC)

VIS|MASLOG-VIS81498-TRS_DC_MAN-R2R2_L19LTE-01.GE0/3/1|migrated to 0/1/3 facing SBN_002_GPONA_01 9/1

VIS|TRINID-VIS274-TRS_DC_AN-R7R7_L5LTE-01.Eth-Trunk7|OLT TRI_501_GPONA_01 (FIO-TRNDHG01FTTx_FMC)

VIS|GUIHUL-VIS830-TRS_DC_MAN-R2R2_L1LTE-01.GE0/2/0|migrated to 0/3/3 facing GHN_001_GPONA_01 9/1

VIS|JAEBAC_TDCAN_T980C_01_VIS879.GE0/1/3|migrated to 0/3/2 facing BCD_016_GPONA_01 9/1

VIS|ORCHAD_TDCAN_T980C_01_VIS613.GE0/1/4|migrated to 0/1/2 facing ILO_019_GPONA_01 9/1

VIS|TALAMB-VIS192-TRS_DC_AG-R4-01.Eth-Trunk8|OLT CEB_143_GPONA_01 (FIO-TALAMBFG01FTTx_FMC)

VIS|TUNKP-VIS2310-TRS_DC_MAN-R3R3_L8LTE-01.GE0/2/6|migrated to 0/3/2 facing MIN_001_GPONA_01 1/3/2

VIS|MAMBL2-VIS57-TRS_DC_MAN-R5R5_L18LTE-02.GE0/2/2(10G)|RESERVED RTAF_FMC-2021-1527_CEB_039_GPONA_01_5/10/2021

VIS|PDI-VIS44-TRS_DC_MAN-R4R4_L9LTE-01.GE0/2/6|migrated to 0/4/3 facing CEB_028_GPONA_01 9/1

VIS|UVBANILAD-VIS2772-TRS_DC_MAN-R4R4_L9LTE-01.Eth-Trunk7|CEBU_L9LTE_FTTX_CEB_029_GPONA_01 (FIO-CEBUL9FTTX_FMC)

VIS|TAGBILARAIR-VIS2636-TRS_DC_MAN-R7R7_L1LTE-01.GE0/2/3|migrated to 0/3/1 facing TAG_003_GPONA_01 9/1

VIS|IBARRA_TDCAN_T980C_01_VIS421.Eth-Trunk7|OLT MAA_003_GPONA_01 (FIO-IBRAFG01FTTx_FMC)

VIS|ROQUETAL-VIS2838-TRS_DC_MAN-R3R3_L38LTE-01.GE0/1/6|migrated to 0/3/3 facing TAL_002_GPONA_01 9/1

VIS|BYBY_TDCAN_T980C_01_VIS1989.GE0/5/2(10G)|RESERVD FOR BYB_001_GPONA_01<>BYBY OLT LINK UPGRADE 2x10GE

VIS|SOONG_TDCAN_T980C_01_VIS190.GE0/7/6|migrated to 0/5/0 facing LPU_012_GPONA_01 1/3/2

VIS|AREVA2-VIS1920-TRS_DC_MAN-R1R1_L27LTE-01.GE0/2/6|migrated to 0/3/2 facing ILO_010_GPONA_01 1/3/2

VIS|JMBASA-VIS927-AGGFN-X2-01.Eth-Trunk2|ILO_004_GPONA_01 (FIO-ILOHM09FTTX_FMC)

VIS|JMBASA-VIS927-AGGFN-X2-01.Eth-Trunk1.400|ILO_003_GPONA_01 (FIO-ILOHM10FTTX_FMC) - IPOE

VIS|LAHUG-VIS148-AGGFN-X8-02.GE7/0/10.125(10G)|TAC_001_GPONA_01 (DYNAST) HSI-125

VIS|LAHUG-VIS148-AGGFN-X8-02.GE7/0/10.794(10G)|BCD_001_GPONA_01 (CTXBCLOD) HSI-794

VIS|LAHUG-VIS148-AGGFN-X8-02.GE7/0/10.869(10G)|BIG_001_GPONA_01(BINALB) HSI-869

VIS|LAHUG-VIS148-AGGFN-X8-02.GE7/0/10.125(10G)|TAC_001_GPONA_01 (DYNAST) HSI-125

VIS|LAHUG-VIS148-AGGFN-X8-02.GE7/0/10.798(10G)|VIC_001_GPONA_01(VICTIC) HSI-798

VIS|LAHUG-VIS148-AGGFN-X8-02.GE7/0/10.2498(10G)|2498 OLT AYMBCD-LSA01-001-VIS3751-A1 - LHG_BNG-001/XE-11/0/1 (FIO-AYMBCDLSA01001VIS3751A1_FMC) - DATA M

VIS|LAHUG-VIS148-AGGFN-X8-02.GE3/1/0.203(10G)|To:BNG-LAHUG 7/0/1:203
VIS|LAHUG-VIS148-AGGFN-X8-01.GE2/0/23.2270|VDSL ILOFESLSA01001VIS3378A1 ILOFES-LSA01-001-VIS3378-A1  (FIO-ILOFESLSA01001VIS3378A1_FMC) - VOICE

VIS|LAHUG-VIS148-AGGFN-X8-01.GE2/0/23.2280|VDSL ROBNTCLSA01001VIS3714A1 ROBNTC-LSA01-001-VIS3714-A1  (FIO-ROBNTCLSA01001VIS3714A1_FMC) - VOICE

VIS|LAHUG-VIS148-AGGFMN-X16A-01.GE8/1/22.391(10G)|VDSL DONALNLSA01001 LPU02  - DATA (FIO-DONALNLSA01001_FMC)

VIS|LAHUG-VIS148-AGGFMN-X16A-01.GE8/1/22.391(10G)|VDSL DONALNLSA01001 LPU02  - DATA (FIO-DONALNLSA01001_FMC)

VIS|PSS-105-VIS2407-ATN910C-01.GE0/2/14|migrated to 0/2/4 facing PSS_105_GPONA_01 1/3/2

VIS|LIBAGO-VIS452-TRS_DC_AN-R6R6_L0LTE-01.Eth-Trunk7|OLT LBG_001_GPONA_01 (FIO-LIBAGFG01FTTx_FMC)

VIS|DBANTA-VIS139-TRS_DC_AN-R3R3-L55LTE-01.GE0/3/2(10G)|RESERVED FOR DAA_001_GPONA_01<>DBANTA OLT LINK UPGRADE 1x10GE

VIS|SFE_101_TDCAN_T910D_01_VIS191.25GE0/2/13(1G)|migrated to 0/2/4 facing SFE_101_GPONA_01 1/3/2

VIS|CARCBU-VIS130-TRS_DC_MAN-R3R3_L28LTE-02.GE0/5/3|migrated to 0/1/0 facing CRM_001_GPONA_01 1/3/2

VIS|PCEVAL-VIS170-TRS_DC_MAN-R5R5_L17LTE-02.GE0/3/5|migrated to 0/5/0 facing CEB_037_GPONA_01 1/3/2

VIS|AREVA4-VIS1901-TRS_DC_MAN-R1R1_L27LTE-01.GE0/2/6|migrated to 0/4/1 facing ILO_009_GPONA_01 9/1

VIS|ARG-701-VIS81527-ATN910C-01.GE0/2/15|migrated to 0/2/1  facing ARG_701_GPONA_013/2

VIS|BOR_701_TDCAN_T910D_01_VIS1804.GE0/2/4(10G)|0/2/4_To: BOR_701_VDB_01 NT-A
VIS|BRG-102-VIS2468-ATN910C-01.GE0/2/13|migrated to 0/2/5 facing BRG_102_GPONA_01 9/1

VIS|BRG-102-VIS2468-ATN910C-01.GE0/2/15|migrated to 0/2/4 facing BRG_102_GPONA_02 1/3/2

VIS|CAR_701_TDCAN_T910CG_01_VIS1563.GE0/2/13|migrated to 0/2/5 facing CAR_701_GPONA_01 9/1

VIS|CEB-076-VIS1092-ATN910C-01.GE0/2/12|To: CEB_076_VDA_01_0/0/1
VIS|CEB-076-VIS1092-ATN910C-01.GE0/2/13|To: CEB_076_VDA_02_0/0/0
VIS|CEB-763-VIS1116-ATN910C-01.Eth-Trunk3|TO: MSAN_CEB_763_VDB_01
VIS|CEB-786-VIS1120-ATN910C-01.GE0/2/17(100M)|migrated to 0/2/3 facing CEB_786_GPONA_01 1/3/2

VIS|CEB_007_TDCAN_T910C_01_VIS2790.Eth-Trunk3|migrated to Eth-Trunk4 facing CEB_007_HYB_01 0/8/0

VIS|CEB_016_TDCAN_T910CG_01_VIS2856.Eth-Trunk4|VDSL JCLTIN-HM-01_CEB_016_VDB_01 (FIO-JCLTINHM01_FMC)

VIS|CEB_078_TDCAN_T910C_01_VIS998.GE0/2/15(100M)|migrated to 0/2/4 facing CEB_078_GPONA_01 1/3/2

VIS|CEB_133_TDCAN_T910C_01_VIS1072.GE0/2/13|migrated to 0/2/4 facing  CEB_133_HYB_01 0/7/0

VIS|CEB_783_TDCAN_T910C_01_VIS2161.GE0/2/13|TO: MSAN_CEB_783_HYB_01 0/6/0
VIS|CEB_796_TDCAN_T910C_01_VIS1624.Eth-Trunk3|To: CEB_796_HYB_01
VIS|CLA-101-VIS2925-ATN910C-01.GE0/2/14|migrated to 0/2/1 facing CLA_101_GPONA_01 9/1

VIS|COM_101_TDCAN_T910C_01_VIS2832.GE0/2/13|migrated to 0/2/4 facing COM_101_GPONA_01 9/1

VIS|DAA-101-VIS2814-ATN910C-01.GE0/2/19|migrated to 0/2/1 facing DAA_101_GPONA_01 9/1

VIS|DALAGU-VIS140-TRS_DC_MAN-R3R3_L6LTE-01.GE0/2/5|migrated to 0/4/1 facing DAL_001_GPONA_01 9/1

VIS|DTE_101_TDCAN_T910D_01_VIS2422.25GE0/2/13(1G)|To: DTE_101_VDB_01 0/0/0
VIS|DTE_114_TDCAN_T910C_01_VIS2684.Eth-Trunk3|To: DTE_114_VDB_01
VIS|DTE_114_TDCAN_T910C_01_VIS2684.Eth-Trunk7|To: DTE_114_GPONA_01
VIS|DUMAN2_TDCAN_T980C_01_VIS40.Eth-Trunk7|OLT DMJ_001_GPONA_01 (FIO-DUM2FG01FTTx_FMC)

VIS|DYNAST_TDCAN_T950D_01_-VIS491.Eth-Trunk3|OLT TAC1-TAC2-FM-01-FTTX_TAC_001_GPONA_01 (FIO-TAC1TAC2FM01FTTX_FMC)

VIS|FGUIN-FGUCEB-VIS1880-TRS_DC_MAN-R5R5_L21-01.GE0/1/2(10G)|RESERVED FOR CEB_017_GPONA_01 10G UPGRADE C/O TEO & AEPM

VIS|GUIMBA-VIS578-TRS_DC_MAN-R1R1_L5LTE-01.GE0/1/8|migrated to 0/3/3 facing GBL_001_GPONA_01 1/3/2

VIS|ILO-127-VIS2610-ATN910C-01.Eth-Trunk3|To: ILO_127_HYB_01
VIS|ILO-725-VIS1733-ATN910C-01.GE0/2/12(100M)|TO: MSAN_ILO-725-MS
VIS|IMAASI-VIS425-TRS_DC_MAN-R7R7_L3LTE-01.GE0/6/1(10G)|RESERVED FOR MAA_001_GPONA_01<>IMAASI OLT LINK UPGRADE 2x10GE

VIS|JAENA2-VIS1922-TRS_DC_MAN-R1R1_L26LTE-01.GE0/1/6|migrated to 0/3/2 facing ILO_008_GPONA_01 9/1

VIS|KSAMB2-VIS1908-TRS_DC_MAN-R5R5_L23LTE-02.GE0/3/1|TO: KSAMB2 OLT (MDE_005_GPONA_01)  (FIO-CEBUL23FTTX_FMC)

VIS|LIL-101_TDCAN_T910CG_01_VIS2094.Eth-Trunk4|TO: LIL_101_GPONA_01
VIS|LIL_705_TDCAN_T910CG_01_VIS1567.Eth-Trunk3|TO: MSAN_LIL_705_VDB_01
VIS|LIL_705_TDCAN_T910CG_01_VIS1567.Eth-Trunk7|OLT CAN-EM-01_LIL_705_GPONA_02 (FIO-CANEM01_FMC)

VIS|LOAY-VIS258-TRS_DC_MAN-R7R7_L2LTE-01.GE0/2/1(10G)|OLT LOA_001_GPONA_01 (FIO-LOAFG01FTTx_FMC)

VIS|MARIGO_TDCAN_T980C_01_VIS167.GE0/1/5|migrated to 0/5/0 facing LPU_010_GPONA_01 1/3/2

VIS|MATALO-VIS459-TRS_DC_MAN-R7R7_L3LTE-01.GE0/2/6|migrated to 0/3/2 facing MAM_001_GPONA_01 9/1

VIS|OQUENDOCAL_TDCAN_T980C_01_VIS3056.Eth-Trunk3|TO: MIN_002_GPONA_01 (FIO-CEBUL8LTEFTTX_FMC)

VIS|SGY-111-VIS2442-ATN910C-01.GE0/2/4(100M)|To: SGY_111_GPONA_01 1/3/1
VIS|TCAGMAGHAWAYTLISAYCEB_TDCAN_T910D_01_VIS5717.Eth-Trunk7|OLT TCAGMAGHAWAYTLISAYCEB-FG-01-FTTx_TAL_001_GPONA_01 (FIO-TCAGMAGHAWAYTLISAYCEBFG01FTTx_FMC)

VIS|TLB_601_TDCAN_T910C_01_VIS1148.GE0/2/11|migrated to 0/2/4 facing TLB_601_GPONA_01 9/1

VIS|TSY_101_TDCAN_T910CG_01_VIS2521.GE0/2/15|migrated to 0/2/5 facing TSY_101_GPONA_01 9/1

VIS|TSY_703_TDCAN_T910C_01_VIS1825.Eth-Trunk3.400|BCD2_ROX1-HM-02_TSY_703_HYB_01 (FIO-BCD2_ROX1HM02_FMC) - IPOE

VIS|TSY_703_TDCAN_T910C_01_VIS1825.GE0/2/21|To: TSY_703_GPONA_01 1/3/1
VIS|VISTAMALLOTONILOID_TDCAN_T980C_01_VIS4776.GE0/3/1|OLT ILO_026_GPONA_01 (FIO-VMLILOFG01FTTx_FMC)

NLZ|CBNTN1-FMAGG-001-NL1115.100GE1/1/16.517|***To::CBN_BNG_001-ET-5/1/0:517***

NLZ|CBNTN1-FMAGG-001-NL1115.100GE2/1/8.922|***To::CBN_BNG_002-ET-5/1/0:922***

NLZ|CBNTN1-FMAGG-001-NL1115.100GE3/0/20.30|OLT SJN-MND-HM-11-FTTx  (FIO-SJNMNDHM11FTTX_FMC) - DATA TEST

NLZ|CBNTN1-FMAGG-002-NL1115.100GE1/1/16.279|***To::CBN_BNG_001-ET-5/3/0:279***

NLZ|CBNTN1-FMAGG-002-NL1115.100GE2/1/9.1980|***To::CBN_BNG_002-ET-10/3/0:1980***

NLZ|NWTLVR-FMAGG-001-NL1910.100GE1/1/6.2168|
NCR|THEODR-FMAGG-002-NCR4101.100GE1/1/17.30|OLT SJN-MND-HM-11-FTTx  (FIO-SJNMNDHM11FTTX_FMC) - DATA TEST

NCR|THEODR-FMAGG-002-NCR4101.100GE2/0/25.2630|***TO:QCY_TDR_CGN_002_IPOE_ET-1/0/2:2630***

NCR|THEODR-FMAGG-002-NCR4101.100GE2/0/26.30|OLT SJN-MND-HM-11-FTTx  (FIO-SJNMNDHM11FTTX_FMC) - DATA TEST

NCR|CANMSC-FMAGG-001-NCR1387.100GE1/1/16.106|
NCR|CANMSC-FMAGG-002-NCR1387.100GE1/1/17.1747|To: CNR-BNG2_ET-10/3/0:1747
VIS|FORDBC-FMAGG-001-VIS817.100GE3/0/8.30|TEST TRAIL LHG02-JMBASA BNG
VIS|FORDBC-FMAGG-001-VIS817.100GE4/0/1.30|TEST TRAIL ILO_JMB_CGN_002_IPOE et-4/0/5

VIS|FORDBC-FMAGG-002-VIS817.100GE3/0/8.1620|To: BCD_BAC_CGN_001_IPOE_et-2/1/5.1620

VIS|FORDBC-FMAGG-002-VIS817.100GE4/0/1.2969|***TO:BCD_BAC_CGN_002_IPOE_ET-4/0/5:2969***

VIS|FORDBC-FMAGG-002-VIS817.100GE3/0/28.30|CEB-004 TEST TRAIL LHG BNG3 - DATA

VIS|JMBASA-FMAGG-001-VIS927.100GE2/0/15.30|CEB-004 TEST TRAIL ILO_JMB_CGN_002_IPOE_PPPOE et-1/0/2 - DATA

VIS|JMBASA-FMAGG-001-VIS927.100GE2/0/16.30|CEB-004 TEST TRAIL LHG BNG3 - DATA

VIS|JMBASA-FMAGG-002-VIS927.100GE2/0/16.30|TEST TRAIL ILO_JMB_CGN_002_IPOE et-4/0/5

MIN|BTN-FMAGG-001-MIN1347.100GE1/0/31.30|BTN_009_GPONA_01 TEST - DATA
MIN|BTN-FMAGG-002-MIN1347.100GE2/0/4.30|BTN_009_GPONA_01 TEST - DATA
MIN|BTN-FMAGG-002-MIN1347.100GE1/0/31.30|CEB-004 TEST TRAIL - DATA
MIN|BTN-FMAGG-002-MIN1347.100GE2/0/5.30|CEB-100 TEST TRAIL LHG BNG3 - (FIO-CEB100 TEST TRAIL LHG BNG3_FMC) DATA

MIN|BTN-FMAGG-002-MIN1347.100GE1/0/32.30|CEB-004 TEST TRAIL - DATA
MIN|ALWANA-FMAGG-001-MIN1092.100GE1/1/16.31|CEB-100 TEST TRAIL LHG BNG3 - (FIO-CEB100 TEST TRAIL LHG BNG3_FMC) DATA

MIN|ALWANA-FMAGG-001-MIN1092.100GE2/0/20.30|OLT CGN-FG-01-FTTx (FIO-CGNFG01FTTx_FMC) - DATA M

MIN|ALWANA-FMAGG-001-MIN1092.100GE2/0/21.30|TEST TRAIL CDO BNG-03
MIN|ALWANA-FMAGG-002-MIN1092.100GE1/1/16.3714|***NRP_BNG-Down_from_DAVCLS-FMAGG-002-MIN2031_100GE1/1/17_DVO_DVO_BNG_001***

MIN|ALWANA-FMAGG-002-MIN1092.100GE2/0/20.30|CEB-100 TEST TRAIL LHG BNG3 - (FIO-CEB100 TEST TRAIL LHG BNG3_FMC) DATA

MIN|ALWANA-FMAGG-002-MIN1092.100GE2/0/21.30|BTN_009_GPONA_01 TEST - DATA
MIN|DAVCLS-FMAGG-001-MIN2031.100GE1/1/16.30|TEST TRAIL DVO BNG-01
MIN|DAVCLS-FMAGG-001-MIN2031.100GE1/1/2.30|TEST TRAIL DVO BNG-02
MIN|DAVCLS-FMAGG-001-MIN2031.100GE1/1/3.30|CEB-100 TEST TRAIL LHG BNG3 - (FIO-CEB100 TEST TRAIL LHG BNG3_FMC) DATA

MIN|DAVCLS-FMAGG-002-MIN2031.100GE1/1/17.30|CEB-100 TEST TRAIL LHG BNG3 - (FIO-CEB100 TEST TRAIL LHG BNG3_FMC) DATA

MIN|DAVCLS-FMAGG-002-MIN2031.100GE1/1/2.30|TEST TRAIL CDO BNG-03
MIN|DAVCLS-FMAGG-002-MIN2031.100GE1/1/3.3721|***TO:DVO_DVO_CGN_002_IPOE_ET-11/1/2:3721***

SLZ|CRMMSC-FMAGG-001-SL590.100GE1/1/16.263|***To:CRM-BNG-5/0/1:263***
SLZ|NASGBU-FMAGG-001-SL295.100GE1/0/36.30|TT/OLT MKT_001_GPONA_01 (FIO-NCR733_NSB_BNG-TEST_FMC) - DATA

SLZ|NASGBU-FMAGG-001-SL295.100GE1/0/38.30|TT/OLT SJN_009_GPONA_01 - NSU_NSB_CGN_003_IPOE_ET-11/0/2 (FIO-SJNMNDHM11FTTX_FMC) - DATA M

NCR|SANJUAN-NCR1660-AGGFMN-X16A-01.100GE6/0/0.333|***To::TLC_BNG_002-ET-5/3/0:333***

NCR|SANJUAN-NCR1660-AGGFMN-X16A-01.100GE7/0/0.728|To:SJN_BNG_003_Et_5/1/0:728
NCR|SANJUAN-NCR1660-AGGFMN-X16A-02.100GE7/1/0.2144|***To::SJN_BNG-002_ET-5/3/0:2144***

NCR|SANJUAN-NCR1660-AGGFMN-X16A-02.100GE4/0/0.998|***To: SJN_BNG-003_ET-10/3/0:998***

NCR|VALERO-NCR733-AGGFMN-X16A-01.100GE6/0/0.2873|***To::VAL-BNG002_ET-5/1/0:2873***

NCR|VALERO-NCR733-AGGFMN-X16A-02.100GE7/0/1.30|TEST - MKT_VAL_BNG_002_ET-10/3/0 (FIO-NCR733_MKT_VAL_BNG-TEST) - DATA

NCR|CANERO-NCR1387-AGGFMN-X16A-01.100GE5/0/0.728|To:CNR_BNG-001_ET-5/3/0:728;HSI_CAN-ACA-HM-01_ALU_SJN:728

NCR|CANERO-NCR1387-AGGFMN-X16A-02.100GE5/0/0.710|***To::CNR_BNG-001_ET-10/3/0:710(Interim)***

NLZ|TARLAC-NL1576-AGGFMN-X16A-01.100GE12/0/0.30|OLT SJN-MND-HM-11-FTTx - MKT_VAL_BNG_002_ET-5/3/0 - NRP_QCY_TDR_BNG_001_BNG NODE DOWN (FIO-SJNMNDHM11FTTX_FMC) - DATA

NLZ|TARLAC-NL1576-AGGFMN-X16A-02.100GE12/0/0.267|***To::TLC_BNG_002-ET-10/3/0:267***

SLZ|NASUGBU-SL295_AGGFMN-X16A-02.100GE4/0/0.232|***To:NSB_BNG-002_ET-5/3/0:232***

SLZ|GENTRIAS-SL2807-AGGFMN-X16A-01.100GE2/0/0.18|TEST DATA VLAN - GTS_BNG-001_ET-5/1/0

SLZ|GENTRIAS-SL2807-AGGFMN-X16A-02.100GE5/0/0.205|TO: BNG1_GTS_ET10/3/0:205
VIS|LAHUG-VIS148-AGGFMN-X16A-02.100GE3/0/0.565|***NRP_BNG-Down_from_LAHUG-VIS148-AGGFMN-X16A-02_100GE5/0/1.565_LHG-BNG03***

VIS|LAHUG-VIS148-AGGFMN-X16A-02.100GE4/0/0.383|DVO-FM-04-FTTx - LHG_BNG-002_ET-10/3/0 - DATA P

VIS|JMBASA-VIS927-AGGFMN-X16A-01.100GE4/0/0.30|TEST TRAIL LHG02-JMBASA BNG
VIS|JMBASA-VIS927-AGGFMN-X16A-02.100GE3/0/0.421|To:BNG-JMB_5/3/0:421
SLZ|NASUGBU-SL295_AGGFMN-X16A-01.100GE2/0/0|: TO PRINZA-SL983-TRS_DC_AG-R1-01_ 100GE4/0/0 via DWDM NE5075 Slot 5 RX/TX

VIS|LAHUG-VIS148-AGGFMN-X16A-01.100GE2/0/0.30|CEB-100 TEST TRAIL LHG BNG3 - (FIO-CEB100 TEST TRAIL LHG BNG3_FMC) DATA

VIS|LAHUG-VIS148-AGGFMN-X16A-01.100GE3/0/0.30|CEB-004 TEST TRAIL LHG TO DAVAO - (FIO-CEB004 TEST TRAIL LHG BNG3_FMC) DATA

VIS|LAHUG-VIS148-AGGFMN-X16A-01.100GE4/0/0.110|To: LHG-BNG-02-ET-5/3/0:110
NLZ|CBNTN1-FMAGG-001-NL1115.VE1/0/0.246|SIP-246
NLZ|CBNTN1-FMAGG-001-NL1115.VE1/0/0.246|SIP-246
NLZ|CBNTN1-FMAGG-002-NL1115.VE1/0/0.135|MAL-HM-LR01 (FIO-MALHMLR01_FMC) - SIP

NLZ|CBNTN1-FMAGG-002-NL1115.VE1/0/0.135|MAL-HM-LR01 (FIO-MALHMLR01_FMC) - SIP

NLZ|NWTLVR-FMAGG-001-NL1910.VE1/0/0.258|TRL-ANG-HM-01 (FIO-TRLANGHM01_FMC) - SIP

NLZ|NWTLVR-FMAGG-002-NL1910.VE1/0/0.237|BAG-HM-02 (FIO-BAGHM02_FMC) - SIP

NCR|THEODR-FMAGG-001-NCR4101.VE1/0/0.466|SIP-466
NCR|THEODR-FMAGG-001-NCR4101.VE1/0/0.466|SIP-466
NCR|THEODR-FMAGG-002-NCR4101.VE1/0/0.407|BONI-OGP-HM-03 (FIO-BONIOGPHM03_FMC) - SIP

NCR|THEODR-FMAGG-002-NCR4101.VE1/0/0.407|BONI-OGP-HM-03 (FIO-BONIOGPHM03_FMC) - SIP

NCR|CANMSC-FMAGG-001-NCR1387.VE1/0/0.1010|CAN-ACA-HM-05 (FIO-CANACAHM05_FMC) - SIP

NCR|CANMSC-FMAGG-001-NCR1387.VE1/0/0.1010|CAN-ACA-HM-05 (FIO-CANACAHM05_FMC) - SIP

NCR|CANMSC-FMAGG-002-NCR1387.VE1/0/0.941|ESP-ERM-HM-03 (FIO-ESPERMHM03_FMC) - SIP

NCR|CANMSC-FMAGG-002-NCR1387.VE1/0/0.941|ESP-ERM-HM-03 (FIO-ESPERMHM03_FMC) - SIP

NCR|SNJUAN-FMAGG-001-NCR1660.VE1/0/0.40|OLT VAL2-HM-12 (FIO-VAL2HM12_FMC) - SIP

NCR|SNJUAN-FMAGG-002-NCR1660.VE1/0/0.51|AUR-HM-19 (FIO-AURHM19_FMC) - SIP

VIS|FORDBC-FMAGG-001-VIS817.VE1/0/0.116|BCD-HM-03 (FIO-BCDHM03_FMC) - SIP

VIS|FORDBC-FMAGG-002-VIS817.VE1/0/0.127|TIG_001_GPONA_01 (TIGBAU-TALISAY) SIP-127

VIS|LAHUG1-FMAGG-001-VIS148.VE1/0/0.114|SIP-114
VIS|LAHUG1-FMAGG-001-VIS148.VE1/0/0.114|SIP-114
VIS|LAHUG1-FMAGG-002-VIS148.VE1/0/0.113|SIP-113
VIS|LAHUG1-FMAGG-002-VIS148.VE1/0/0.113|SIP-113
VIS|JMBASA-FMAGG-001-VIS927.VE1/0/0.1700|OLT ILO1-ILO2-HM-12 (FIO-ILO1ILO2HM12_FMC) - SIP

VIS|JMBASA-FMAGG-002-VIS927.VE1/0/0.1749|OLT KAL-HM-01 (FIO-KALHM01_FMC) - SIP

MIN|ALWANA-FMAGG-001-MIN1092.VE1/0/0.136|SIP-136
MIN|ALWANA-FMAGG-001-MIN1092.VE1/0/0.136|SIP-136
MIN|ALWANA-FMAGG-002-MIN1092.VE1/0/0.137|SIP-137
MIN|ALWANA-FMAGG-002-MIN1092.VE1/0/0.137|SIP-137
MIN|DAVCLS-FMAGG-001-MIN2031.VE1/0/0.474|DVO-EM-01A (FIO-DVOEM01A_FMC) - SIP

MIN|DAVCLS-FMAGG-002-MIN2031.VE1/0/0.463|DVO-HM-03 (FIO-DVOHM03_FMC) - SIP

SLZ|CRMMSC-FMAGG-001-SL590.VE1/0/0.140|BNN-NSB-HM-01-FTTx (FIO-BNNNSBHM01FTTx_FMC) - SIP

SLZ|CRMMSC-FMAGG-002-SL590.VE1/0/0.159|BAT-HM-07 (FIO-BATHM07_FMC) - SIP

SLZ|BACOOR-FMAGG-001-SL565.VE1/0/0.138|OLT BCR-CRM-HM-05 (FIO-BCRCRMHM05_FMC) - SIP

SLZ|BACOOR-FMAGG-001-SL565.VE1/0/0.138|OLT BCR-CRM-HM-05 (FIO-BCRCRMHM05_FMC) - SIP

SLZ|BACOOR-FMAGG-002-SL565.VE1/0/0.139|OLT BNN-NSB-HM-01-FTTx (FIO-BNNNSBHM01FTTX_FMC) - SIP

SLZ|BACOOR-FMAGG-002-SL565.VE1/0/0.139|OLT BNN-NSB-HM-01-FTTx (FIO-BNNNSBHM01FTTX_FMC) - SIP

MIN|ILIGAN-MIN826-TRS_DC_AGG-R0-01.VE1/0/0.463|DVO-HM-03 (FIO-DVOHM03_FMC) - SIP

MIN|ILIGAN-MIN826-TRS_DC_AGG-R0-01.VE5/0/0.2895|DVO-HM-11 (FIO-DVOHM11_FMC) - SIP

MIN|ILIGAN-MIN826-TRS_DC_AGG-R0-02.VE3/0/0.463|DVO-HM-03 (FIO-DVOHM03_FMC) - SIP

MIN|ILIGAN-MIN826-TRS_DC_AGG-R0-02.VE5/0/0.2895|DVO-HM-11 (FIO-DVOHM11_FMC) - SIP

MIN|CDO-MIN1092-AGGFMN-X16A-01.VE2/0/0.136|SIP-136
MIN|CDO-MIN1092-AGGFMN-X16A-01.VE2/0/0.136|SIP-136
MIN|CDO-MIN1092-AGGFMN-X16A-01.VE4/0/0.2292|OLT GEORGETOWN - VOICE (FIO-GTCYBMLSA01001_FMC) - SIP

MIN|CDO-MIN1092-AGGFMN-X16A-01.VE4/0/0.2292|OLT GEORGETOWN - VOICE (FIO-GTCYBMLSA01001_FMC) - SIP

MIN|CDO-MIN1092-AGGFMN-X16A-02.VE5/0/0.136|SIP-136
MIN|CDO-MIN1092-AGGFMN-X16A-02.VE5/0/0.136|SIP-136
MIN|CDO-MIN1092-AGGFMN-X16A-02.VE4/0/0.2292|OLT GEORGETOWN - VOICE (FIO-GTCYBMLSA01001_FMC) - SIP

MIN|CDO-MIN1092-AGGFMN-X16A-02.VE4/0/0.2292|OLT GEORGETOWN - VOICE (FIO-GTCYBMLSA01001_FMC) - SIP

NCR|SANJUAN-NCR1660-AGGFMN-X16A-01.VE2/0/0.51|AUR-HM-19 (FIO-AURHM19_FMC) - SIP

NCR|SANJUAN-NCR1660-AGGFMN-X16A-01.VE4/0/0.2548|RMB-SJN-NM-01 (FIO-RMBSJNNM01_FMC) - SIP

NCR|SANJUAN-NCR1660-AGGFMN-X16A-02.VE5/0/0.51|AUR-HM-19 (FIO-AURHM19_FMC) - SIP

NCR|SANJUAN-NCR1660-AGGFMN-X16A-02.VE4/0/0.2463|RFLSCC-LSA01-001 (FIO-RFLSCCLSA01001_FMC) - SIP

NCR|VALERO-NCR733-AGGFMN-X16A-01.VE9/0/0.10|H248-10
NCR|VALERO-NCR733-AGGFMN-X16A-01.VE5/0/0.3017|100WST-LSA01-001-NCR7603-A1 (FIO-100WSTLSA01001NCR7603A1_FMC) - SIP

NCR|VALERO-NCR733-AGGFMN-X16A-02.VE9/0/0.11|RTP-11
NCR|VALERO-NCR733-AGGFMN-X16A-02.VE5/0/0.3017|100WST-LSA01-001-NCR7603-A1 (FIO-100WSTLSA01001NCR7603A1_FMC) - SIP

NCR|CANERO-NCR1387-AGGFMN-X16A-01.VE5/0/0.941|ESP-ERM-HM-03 (FIO-ESPERMHM03_FMC) - SIP

NCR|CANERO-NCR1387-AGGFMN-X16A-01.VE5/0/0.941|ESP-ERM-HM-03 (FIO-ESPERMHM03_FMC) - SIP

NCR|CANERO-NCR1387-AGGFMN-X16A-01.VE5/0/0.941|ESP-ERM-HM-03 (FIO-ESPERMHM03_FMC) - SIP

NCR|CANERO-NCR1387-AGGFMN-X16A-01.VE5/0/0.941|ESP-ERM-HM-03 (FIO-ESPERMHM03_FMC) - SIP

NCR|CANERO-NCR1387-AGGFMN-X16A-01.VE5/0/0.941|ESP-ERM-HM-03 (FIO-ESPERMHM03_FMC) - SIP

NCR|CANERO-NCR1387-AGGFMN-X16A-01.VE4/0/0.2270|VECSUM-LSA01-001 (FIO-VECSUMLSA01001_FMC) - SIP

NCR|CANERO-NCR1387-AGGFMN-X16A-01.VE4/0/0.2270|VECSUM-LSA01-001 (FIO-VECSUMLSA01001_FMC) - SIP

NCR|CANERO-NCR1387-AGGFMN-X16A-01.VE4/0/0.2270|VECSUM-LSA01-001 (FIO-VECSUMLSA01001_FMC) - SIP

NCR|CANERO-NCR1387-AGGFMN-X16A-01.VE4/0/0.2270|VECSUM-LSA01-001 (FIO-VECSUMLSA01001_FMC) - SIP

NCR|CANERO-NCR1387-AGGFMN-X16A-01.VE4/0/0.2270|VECSUM-LSA01-001 (FIO-VECSUMLSA01001_FMC) - SIP

NCR|CANERO-NCR1387-AGGFMN-X16A-02.VE5/0/0.771|VDSL ERM-HM-02 (FIO-ERMHM02_FMC) - SIP

NCR|CANERO-NCR1387-AGGFMN-X16A-02.VE5/0/0.771|VDSL ERM-HM-02 (FIO-ERMHM02_FMC) - SIP

NCR|CANERO-NCR1387-AGGFMN-X16A-02.VE5/0/0.771|VDSL ERM-HM-02 (FIO-ERMHM02_FMC) - SIP

NCR|CANERO-NCR1387-AGGFMN-X16A-02.VE5/0/0.771|VDSL ERM-HM-02 (FIO-ERMHM02_FMC) - SIP

NCR|CANERO-NCR1387-AGGFMN-X16A-02.VE5/0/0.771|VDSL ERM-HM-02 (FIO-ERMHM02_FMC) - SIP

NCR|CANERO-NCR1387-AGGFMN-X16A-02.VE4/0/0.2513|OLT SLBPO-HM-FTTx (FIO-SLBPOHMFTTX_FMC) - SIP

NCR|CANERO-NCR1387-AGGFMN-X16A-02.VE4/0/0.2513|OLT SLBPO-HM-FTTx (FIO-SLBPOHMFTTX_FMC) - SIP

NCR|CANERO-NCR1387-AGGFMN-X16A-02.VE4/0/0.2513|OLT SLBPO-HM-FTTx (FIO-SLBPOHMFTTX_FMC) - SIP

NCR|CANERO-NCR1387-AGGFMN-X16A-02.VE4/0/0.2513|OLT SLBPO-HM-FTTx (FIO-SLBPOHMFTTX_FMC) - SIP

NCR|CANERO-NCR1387-AGGFMN-X16A-02.VE4/0/0.2513|OLT SLBPO-HM-FTTx (FIO-SLBPOHMFTTX_FMC) - SIP

NCR|AURORA-NCR206-TRS_DC_AGG-R0-01.VE1/0/0.407|BONI-OGP-HM-03 (FIO-BONIOGPHM03_FMC) - SIP

NCR|AURORA-NCR206-TRS_DC_AGG-R0-01.VE1/0/0.407|BONI-OGP-HM-03 (FIO-BONIOGPHM03_FMC) - SIP

NCR|AURORA-NCR206-TRS_DC_AGG-R0-01.VE1/0/0.407|BONI-OGP-HM-03 (FIO-BONIOGPHM03_FMC) - SIP

NCR|AURORA-NCR206-TRS_DC_AGG-R0-01.VE1/0/0.407|BONI-OGP-HM-03 (FIO-BONIOGPHM03_FMC) - SIP

NCR|AURORA-NCR206-TRS_DC_AGG-R0-01.VE1/0/0.407|BONI-OGP-HM-03 (FIO-BONIOGPHM03_FMC) - SIP

NCR|AURORA-NCR206-TRS_DC_AGG-R0-01.VE1/0/0.407|BONI-OGP-HM-03 (FIO-BONIOGPHM03_FMC) - SIP

NCR|AURORA-NCR206-TRS_DC_AGG-R0-01.VE4/0/0.3019|BRILCE-LSA06-001-NCR8637-A1 (FIO-BRILCELSA06001NCR8637A1_FMC) - SIP

NCR|AURORA-NCR206-TRS_DC_AGG-R0-01.VE4/0/0.3019|BRILCE-LSA06-001-NCR8637-A1 (FIO-BRILCELSA06001NCR8637A1_FMC) - SIP

NCR|AURORA-NCR206-TRS_DC_AGG-R0-01.VE4/0/0.3019|BRILCE-LSA06-001-NCR8637-A1 (FIO-BRILCELSA06001NCR8637A1_FMC) - SIP

NCR|AURORA-NCR206-TRS_DC_AGG-R0-01.VE4/0/0.3019|BRILCE-LSA06-001-NCR8637-A1 (FIO-BRILCELSA06001NCR8637A1_FMC) - SIP

NCR|AURORA-NCR206-TRS_DC_AGG-R0-01.VE4/0/0.3019|BRILCE-LSA06-001-NCR8637-A1 (FIO-BRILCELSA06001NCR8637A1_FMC) - SIP

NCR|AURORA-NCR206-TRS_DC_AGG-R0-01.VE4/0/0.3019|BRILCE-LSA06-001-NCR8637-A1 (FIO-BRILCELSA06001NCR8637A1_FMC) - SIP

NCR|AURORA-NCR206-TRS_DC_AGG-R0-02.VE6/0/0.407|BONI-OGP-HM-03 (FIO-BONIOGPHM03_FMC) - SIP

NCR|AURORA-NCR206-TRS_DC_AGG-R0-02.VE6/0/0.407|BONI-OGP-HM-03 (FIO-BONIOGPHM03_FMC) - SIP

NCR|AURORA-NCR206-TRS_DC_AGG-R0-02.VE6/0/0.407|BONI-OGP-HM-03 (FIO-BONIOGPHM03_FMC) - SIP

NCR|AURORA-NCR206-TRS_DC_AGG-R0-02.VE6/0/0.407|BONI-OGP-HM-03 (FIO-BONIOGPHM03_FMC) - SIP

NCR|AURORA-NCR206-TRS_DC_AGG-R0-02.VE6/0/0.407|BONI-OGP-HM-03 (FIO-BONIOGPHM03_FMC) - SIP

NCR|AURORA-NCR206-TRS_DC_AGG-R0-02.VE6/0/0.407|BONI-OGP-HM-03 (FIO-BONIOGPHM03_FMC) - SIP

NCR|AURORA-NCR206-TRS_DC_AGG-R0-02.VE4/0/0.3019|BRILCE-LSA06-001-NCR8637-A1 (FIO-BRILCELSA06001NCR8637A1_FMC) - SIP

NCR|AURORA-NCR206-TRS_DC_AGG-R0-02.VE4/0/0.3019|BRILCE-LSA06-001-NCR8637-A1 (FIO-BRILCELSA06001NCR8637A1_FMC) - SIP

NCR|AURORA-NCR206-TRS_DC_AGG-R0-02.VE4/0/0.3019|BRILCE-LSA06-001-NCR8637-A1 (FIO-BRILCELSA06001NCR8637A1_FMC) - SIP

NCR|AURORA-NCR206-TRS_DC_AGG-R0-02.VE4/0/0.3019|BRILCE-LSA06-001-NCR8637-A1 (FIO-BRILCELSA06001NCR8637A1_FMC) - SIP

NCR|AURORA-NCR206-TRS_DC_AGG-R0-02.VE4/0/0.3019|BRILCE-LSA06-001-NCR8637-A1 (FIO-BRILCELSA06001NCR8637A1_FMC) - SIP

NCR|AURORA-NCR206-TRS_DC_AGG-R0-02.VE4/0/0.3019|BRILCE-LSA06-001-NCR8637-A1 (FIO-BRILCELSA06001NCR8637A1_FMC) - SIP

NLZ|TARLAC-NL1576-AGGFMN-X16A-01.VE10/0/0.237|BAG-HM-02 (FIO-BAGHM02_FMC) - SIP

NLZ|TARLAC-NL1576-AGGFMN-X16A-01.VE5/0/0.2420|LAOAG1-LSA01-001 (FIO-LAOAG1LSA01001_FMC) - SIP

NLZ|TARLAC-NL1576-AGGFMN-X16A-02.VE10/0/0.237|BAG-HM-02 (FIO-BAGHM02_FMC) - SIP

NLZ|TARLAC-NL1576-AGGFMN-X16A-02.VE5/0/0.2420|LAOAG1-LSA01-001 (FIO-LAOAG1LSA01001_FMC) - SIP

NLZ|CABANATUAN-NL1115-AGGFMN-X16A-01.VE3/0/0.135|MAL-HM-LR01 (FIO-MALHMLR01_FMC) - SIP

NLZ|CABANATUAN-NL1115-AGGFMN-X16A-01.VE3/0/0.135|MAL-HM-LR01 (FIO-MALHMLR01_FMC) - SIP

NLZ|CABANATUAN-NL1115-AGGFMN-X16A-01.VE4/0/0.2794|SNJODM-LSA01-001-NL583-A1 (FIO-SNJODMLSA01001NL583A1_FMC) - SIP

NLZ|CABANATUAN-NL1115-AGGFMN-X16A-01.VE4/0/0.2794|SNJODM-LSA01-001-NL583-A1 (FIO-SNJODMLSA01001NL583A1_FMC) - SIP

NLZ|CABANATUAN-NL1115-AGGFMN-X16A-02.VE3/0/0.8|
NLZ|CABANATUAN-NL1115-AGGFMN-X16A-02.VE3/0/0.8|
NLZ|CABANATUAN-NL1115-AGGFMN-X16A-02.VE4/0/0.2637|OLT SMPULNLSA01001NL2958 (FIO-SMPULNLSA01001NL2958_FMC) - SIP

NLZ|CABANATUAN-NL1115-AGGFMN-X16A-02.VE4/0/0.2637|OLT SMPULNLSA01001NL2958 (FIO-SMPULNLSA01001NL2958_FMC) - SIP

SLZ|BACOOR-SL565-AGGFMN-X16A-01.VE10/0/0.138|OLT BCR-CRM-HM-05 (FIO-BCRCRMHM05_FMC) - SIP

SLZ|BACOOR-SL565-AGGFMN-X16A-01.VE10/0/0.138|OLT BCR-CRM-HM-05 (FIO-BCRCRMHM05_FMC) - SIP

SLZ|BACOOR-SL565-AGGFMN-X16A-01.VE3/0/0.2810|OLT STOBAT-LSA01-001 (FIO-STOBATLSA01001_FMC) - SIP

SLZ|BACOOR-SL565-AGGFMN-X16A-01.VE3/0/0.2810|OLT STOBAT-LSA01-001 (FIO-STOBATLSA01001_FMC) - SIP

SLZ|BACOOR-SL565-AGGFMN-X16A-02.VE10/0/0.138|OLT BCR-CRM-HM-05 (FIO-BCRCRMHM05_FMC) - SIP

SLZ|BACOOR-SL565-AGGFMN-X16A-02.VE10/0/0.138|OLT BCR-CRM-HM-05 (FIO-BCRCRMHM05_FMC) - SIP

SLZ|CARMONA-SL590-AGGFMN-X16A-01.VE10/0/0.140|BNN-NSB-HM-01-FTTx (FIO-BNNNSBHM01FTTx_FMC) - SIP

SLZ|CARMONA-SL590-AGGFMN-X16A-01.VE5/0/0.3660|OLT LGAZP3-LSA01-001 (FIO-LGAZP3LSA01001_FMC) - SIP

SLZ|CARMONA-SL590-AGGFMN-X16A-02.VE10/0/0.140|BNN-NSB-HM-01-FTTx (FIO-BNNNSBHM01FTTx_FMC) - SIP

VIS|TALISAY-VIS2021-TRS_DC_AGG-R0-01.VE5/0/0.116|BCD-HM-03 (FIO-BCDHM03_FMC) - SIP

VIS|TALISAY-VIS2021-TRS_DC_AGG-R0-01.VE5/0/0.116|BCD-HM-03 (FIO-BCDHM03_FMC) - SIP

VIS|TALISAY-VIS2021-TRS_DC_AGG-R0-02.VE5/0/0.116|BCD-HM-03 (FIO-BCDHM03_FMC) - SIP

VIS|TALISAY-VIS2021-TRS_DC_AGG-R0-02.VE5/0/0.116|BCD-HM-03 (FIO-BCDHM03_FMC) - SIP

VIS|LAHUG-VIS148-AGGFMN-X16A-02.VE12/0/0.109|RTP-109
VIS|LAHUG-VIS148-AGGFMN-X16A-02.VE5/0/0.3013|OLT CBXTWR-LSA06-001-VIS4257  (FIO-CBXTWRLSA06001VIS4257 _FMC) - SIP

VIS|LAHUG-VIS148-AGGFMN-X16A-01.VE11/0/0.108|H248-108
VIS|LAHUG-VIS148-AGGFMN-X16A-01.VE5/0/0.3013|OLT CBXTWR-LSA06-001-VIS4257  (FIO-CBXTWRLSA06001VIS4257 _FMC) - SIP

